# ANKN  Number of Events:   0
    secular motion (mm/yr):
      E component:   29.090 +-   0.476
      N component:  -14.522 +-   0.341
      U component:    4.996 +-   2.622
# BANC  Number of Events:   0
    secular motion (mm/yr):
      E component:   29.562 +-   0.424
      N component:  -12.864 +-   0.343
      U component:    3.650 +-   2.358
# CWBN  Number of Events:   0
    secular motion (mm/yr):
      E component:   24.723 +-   0.462
      N component:   -4.441 +-   0.334
      U component:    6.313 +-   2.090
# FIVE  Number of Events:   0
    secular motion (mm/yr):
      E component:   36.815 +-   0.383
      N component:  -10.662 +-   0.224
      U component:    1.726 +-   1.183
# GS01  Number of Events:   0
    secular motion (mm/yr):
      E component:   24.696 +-   0.535
      N component:  -20.738 +-   0.717
      U component:   10.973 +-   4.237
# GS69  Number of Events:   0
    secular motion (mm/yr):
      E component:   47.739 +-   5.951
      N component:  -25.151 +-   0.791
      U component:   47.739 +-   5.951
# PLIN  Number of Events:   0
    secular motion (mm/yr):
      E component:   29.851 +-   0.770
      N component:   -9.528 +-   0.662
      U component:    4.233 +-   5.309
# SEED  Number of Events:   0
    secular motion (mm/yr):
      E component:   39.352 +-   2.156
      N component:   -9.890 +-   1.641
      U component:   -1.755 +-  19.814
# TAIP  Number of Events:   0
    secular motion (mm/yr):
      E component:   47.832 +-   1.056
      N component:  -14.898 +-   0.654
      U component:   15.188 +-   5.359
