 
 ===================================================================================================================================
 Program : GPSEST                                                                                  Bernese GPS Software Version 5.0
 Purpose : Parameter estimation
 Campaign: D:/GPSC\150811P                                                                         Default session: 2231 year 2015
 Date    : 28-Sep-2017 14:03                                                                       User name      : Pei-Ching
 ===================================================================================================================================


 GPSEST FINALL 2015 2231
 -----------------------------------------------------------------------------------------------------------------------------------




1150811P                                                                                            PROGRAM GPSEST   28-SEP-17 14:03
 GPSEST FINALL 2015 2231                                                                            BERNESE GPS SOFTWARE VERSION 5.0
 -----------------------------------------------------------------------------------------------------------------------------------


 TABLE OF CONTENTS
 -----------------
 
  1. CAMPAIGNS
  2. OBSERVATION FILES
  3. GENERAL OPTIONS
  4. STATIONS
  5. SATELLITE ORBITS
  6. ATMOSPHERE
  7. CLOCK PARAMETERS
  8. POLE COORDINATES AND TIME INFORMATION
  9. ANTENNA PHASE CENTERS
 10. CONSTANTS
 11. PARAMETER CHARACTERIZATION LIST
 12. TEST OUTPUT
 13. RESULTS (PART 1)
 14. RESULTS (PART 2)



1150811P                                                                                            PROGRAM GPSEST   28-SEP-17 14:03
 GPSEST FINALL 2015 2231                                                                            BERNESE GPS SOFTWARE VERSION 5.0
 -----------------------------------------------------------------------------------------------------------------------------------


 INPUT AND OUTPUT FILENAMES
 --------------------------

 -----------------------------------------------------------------------------------------------------------------------------------
 Session table               : D:/GPSC\150811P\STA\SESSIONS.SES
 General constants           : ${X}/GEN\CONST.
 Geodetic datum              : ${X}/GEN\DATUM.
 Station information         :  ---
 Earth rotation parameters   : D:/GPSC\150811P\ORB\C04_2015.ERP
 Subdaily pole model         : ${X}/GEN\IERS2000.SUB
 Nutation model              : ${X}/GEN\IAU2000.NUT
 Satellite information       : ${X}/GEN\SATELLIT.
 Receiver information        : ${X}/GEN\RECEIVER.
 Satellite problems          : ${X}/GEN\SAT_2015.CRX
 Phase center eccentricities : ${X}/GEN\PHAS_PRO.01
 SINEX general input file    : ${X}/GEN\SINEX.
 IONEX control file          : ${X}/GEN\IONEX.
 Difference GPS-UTC          :  ---
 A priori station coordinates: D:/GPSC\150811P\STA\GPS_RES.CRD
 GNSS standard orbits        : D:/GPSC\150811P\ORB\20152231.STD
 GNSS orbit partials         :  ---
 Ionosphere models           :  ---
 Troposphere estimates       :  ---
 Station sigma factors       :  ---
 Station eccentricities      :  ---
 Ocean loading tables        :  ---
 GNSS clock corrections      :  ---
 Differential code biases    :  ---
 Receiver antenna orientation:  ---
 Kinematic coordinates       :  ---
 Kinematic velocities        :  ---
 Standard orbit(s)           :  ---
 Orbit partials              :  ---
 Attitude data               :  ---
 Precise orbit(s)            :  ---
 LEO orbital elements        :  ---
 Station coordinates         : D:/GPSC\150811P\STA\FN152231.CRD
 GNSS orbital elements       :  ---
 Troposphere estimates       :  ---
 Troposphere SINEX           :  ---
 Ionosphere models           :  ---
 IONEX                       :  ---
 Residuals                   :  ---
 Coordinate covariance matrix:  ---
 Full covariance matrix      :  ---
 Normal equations            : D:/GPSC\150811P\SOL\FN152231.NQ0
 Bernese ERP file            :  ---
 IERS ERP file               :  ---
 GNSS clock corrections      :  ---
 Clock RINEX                 :  ---
 Kinematic coordinates       :  ---
 Differential code biases    :  ---
 Phase center variations (gri:  ---
 Phase center variations (har:  ---
 Scratch file                : ${U}/WORK\GPSEST.SCR
 Scratch files               : ${U}/WORK\GPSEST.SC1
 Program output              : D:/GPSC\150811P\OUT\FN152231.OUT
 Error message               : ${U}/WORK\ERROR.MSG
 -----------------------------------------------------------------------------------------------------------------------------------




1150811P                                                                                            PROGRAM GPSEST   28-SEP-17 14:03
 GPSEST FINALL 2015 2231                                                                            BERNESE GPS SOFTWARE VERSION 5.0
 -----------------------------------------------------------------------------------------------------------------------------------


 1. CAMPAIGNS
 ------------
 
 CAMPAIGN NAME      NUM STATION NAME       NUM STATION NAME       NUM STATION NAME       NUM STATION NAME       NUM STATION NAME
 -----------------------------------------------------------------------------------------------------------------------------------

 150811P         :    1 AKND                 2 YCDP            

 
 2. OBSERVATION FILES
 --------------------

 -----------------------------------------------------------------------------------------------------------------------------------
 150811P         
 -----------------------------------------------------------------------------------------------------------------------------------

 MAIN CHARACTERISTICS:
 --------------------
 
 FILE  OBSERVATION FILE HEADER          OBSERVATION FILE                  SESS     RECEIVER 1            RECEIVER 2
 -----------------------------------------------------------------------------------------------------------------------------------

    1  D:/GPSC\150811P\OBS\AKYC2231.PSH D:/GPSC\150811P\OBS\AKYC2231.PSO  2231     TRIMBLE 5700          LEICA GR10          
 
                                                                                                       AMB.I.+S.      #CLUSTERS
 FILE TYP FREQ.  STATION 1        STATION 2        SESS  FIRST OBSERV.TIME  #EPO  DT #EF #CLK ARC #SAT  W 12    #AMB  L1  L2  L5  RM
 -----------------------------------------------------------------------------------------------------------------------------------

    1  P  L3     AKND             YCDP             2231  15-08-11  0:00:00  2880  30   0  E E  1   30   N  Y  N   68  24  24  68   0
 
 
 SATELLITES:
 ----------
 
 FILE  #SAT  SATELLITES
 -----------------------------------------------------------------------------------------------------------------------------------

    1   30     1   2   3   4   5   6   7   9  11  12  13  14  15  16  17  18  19  20  21  22  23  24  25  26  27  28  29  30  31  32
 
 
 OBSERVATION SELECTION:
 ---------------------

 SAMPLING RATE           :    0 SEC
 ELEVATION CUT-OFF ANGLE :    3 DEGREES
 SATELLITE SYSTEM        : GPS    
 SPECIAL DATA SELECTION  : NO           


1150811P                                                                                            PROGRAM GPSEST   28-SEP-17 14:03
 GPSEST FINALL 2015 2231                                                                            BERNESE GPS SOFTWARE VERSION 5.0
 -----------------------------------------------------------------------------------------------------------------------------------


 3. GENERAL OPTIONS
 ------------------
 
 TIDAL CORRECTION OF STATION COORDINATES :   IERS CONVENTIONS 2000
 
 
 A PRIORI SIGMA OF UNIT WEIGHT:
 -----------------------------

 A PRIORI SIGMA OF UNIT WEIGHT           :   0.002 M  (SIGMA OF ONE-WAY L1 PHASE OBSERVABLE)

 MODEL FOR ELEVATION-DEPENDENT WEIGHTING :   NONE

 POLARIZATION EFFECT                     :   NOT CONSIDERED
 
 
 CORRELATIONS AND SESSIONS:
 -------------------------

 STRATEGY       : CORRELATIONS CORRECTLY MODELLED
 TIME INTERVAL  :    0.10000 SEC (TO IDENTIFY EPOCH)
 
 SESS  #FILE  FILE NUMBERS
 -----------------------------------------------------------------------------------------------------------------------------------

 2231    1      1
 
 
 AMBIGUITY RESOLUTION STRATEGY:
 -----------------------------

 AMBIGUITIES PRE-ELIMINATED EVERY EPOCH
 
 
 SYNCHRONIZATION ERRORS:
 ----------------------

 STRATEGY       : SYNCHRONIZATION ERRORS NOT APPLIED


 4. STATIONS
 -----------

 Local geodetic datum:                      ${X}/GEN\DATUM.
 
 Datum name         Ell. param./ Scale      Shifts to WGS-84       Rotations to WGS-84
 -----------------------------------------------------------------------------------------------------------------------------------
 ITRF2008           A  =  6378137.000 m     DX =      0.0000 m     RX =     0.00000 arcsec
                    1/F=  298.2572221       DY =      0.0000 m     RY =     0.00000 arcsec
                    SC =  0.00000D+00       DZ =      0.0000 m     RZ =     0.00000 arcsec


 A priori station coordinates:              D:/GPSC\150811P\STA\GPS_RES.CRD

                                            A priori station coordinates                      A priori station coordinates
                                                      WGS-84                              Ellipsoidal in local geodetic datum
 -----------------------------------------------------------------------------------------------------------------------------------
 num  Station name     obs e/f/h    X (m)           Y (m)           Z (m)           Latitude           Longitude          Height (m)
 -----------------------------------------------------------------------------------------------------------------------------------
   1  AKND              Y  ESTIM   -2973031.7000    5076081.7224    2456680.9398     22 48 11.945963    120 21 26.133212     66.4080
   2  YCDP              Y  ESTIM   -2972844.1817    5078166.8968    2452574.1107     22 45 47.398761    120 20 43.521435     47.6872


 A priori sigma:                            D:/GPSC\150811P\STA\FIXSTA.SIG

                            Station coordinates a priori sigma
                                 in local geodetic datum
 -----------------------------------------------------------------------------------------------------------------------------------
 num  Station name          N (m)        E (m)        U (m)
 -----------------------------------------------------------------------------------------------------------------------------------
   1  AKND                  0.00010      0.00010      0.00010




1150811P                                                                                            PROGRAM GPSEST   28-SEP-17 14:03
 GPSEST FINALL 2015 2231                                                                            BERNESE GPS SOFTWARE VERSION 5.0
 -----------------------------------------------------------------------------------------------------------------------------------


 5. SATELLITE ORBITS
 -------------------
 
 ARC CHARACTERISTICS:
 -------------------
 
 ARC  START OF ARC       END OF ARC         SOURCE      #SAT SATELLITES
 -----------------------------------------------------------------------------------------------------------------------------------

   1  15-08-11 00:00:00  15-08-12 00:00:00  PR2015.223   31    1   2   3   4   5   6   7   8   9  11  12  13  14  15  16  17  18  19
                                                              20  21  22  23  24  25  26  27  28  29  30  31  32
 
 
 OSCULATING ELEMENTS:                       D:/GPSC\150811P\ORB\20152231.STD
 -------------------

 REFERENCE SYSTEM:  J2000.0
 REFERENCE EPOCH :  57245.0000000 MJD   (2015  8 11  0  0  0.00)
 
 SAT   S.MAJ.AXIS   ECCENTRIC.    INCLINAT.      NODE       PERIGEE     M. ANOMALY   PER.PASS.TIME
 -----------------------------------------------------------------------------------------------------------------------------------

   1   26558433.3   0.00461781    55.248652   127.533432    25.831266  -121.255322   57245.1679188
   2   26559974.6   0.01468115    54.028697   125.286010   231.564110   -90.407247   57245.1252101
   3   26561057.0   0.00076570    54.942649  -172.876919  -144.085625   -13.437305   57245.0186112
   4   26558830.5   0.01172223    53.973937   126.155104    62.282384  -133.572412   57245.1849801
   5   26558382.8   0.00423365    54.207656  -173.339506    21.806129    52.786424   57244.9268997
   6   26563436.9   0.00021637    55.244130   127.047278   154.327725    17.797609   57244.9753463
   7   26560384.2   0.00884863    55.502208   -51.349774   203.699379  -157.335252   57245.2179076
   8   26560414.9   0.00135137    55.085062    66.999210  -102.315871    85.380532   57244.8817487
   9   26559892.0   0.00038644    54.725288  -113.097457   165.459480   -54.682846   57245.0757330
  11   26559924.6   0.01619198    51.314423   107.149192    82.253112  -154.412781   57245.2138544
  12   26560582.6   0.00551459    56.735166     9.964611  -323.351878   172.302790   57244.7613599
  13   26562156.9   0.00480008    55.682080  -106.425071   119.474852  -111.459141   57245.1543851
  14   26558668.0   0.00839075    55.249285  -108.438873  -112.653657    -0.505895   57245.0007006
  15   26562049.5   0.00731915    53.343329  -115.705625    22.441534   -38.537379   57245.0533789
  16   26558004.4   0.00805666    56.765075    11.035312    18.205066    56.651077   57244.9215494
  17   26558117.9   0.01025227    55.840408    69.783046  -115.099580    -0.938403   57245.0012995
  18   26561181.8   0.01639237    52.985121  -174.192934  -111.012114    89.091959   57244.8766031
  19   26562571.4   0.01165138    55.677728    72.607170    33.901116   -48.482432   57245.0671559
  20   26560594.8   0.00482969    53.060664  -177.182987    68.537484   -35.292047   57245.0488797
  21   26561785.8   0.02248335    53.632298   126.092984  -108.078170   147.627804   57244.7955210
  22   26560135.3   0.00806331    52.858718  -174.134526  -116.737107    62.076195   57244.9140264
  23   26559813.6   0.01046766    54.211364  -112.644143   208.482210   -65.149051   57245.0902278
  24   26558478.4   0.00331706    54.533359   -53.765987    19.854763  -107.840289   57245.1493415
  25   26561536.3   0.00461557    56.071661     7.243166    43.714183   133.915604   57244.8145163
  26   26558349.8   0.00021843    55.042852     7.021792    60.982996    41.754010   57244.9421778
  27   26562086.7   0.00267545    55.547740    67.021717    18.300512    -1.159670   57245.0016063
  28   26560552.8   0.01961428    56.688114    11.335131   -95.221909    48.656855   57244.9326102
  29   26559523.3   0.00104653    55.890945    70.320557   -26.704713   142.816048   57244.8022110
  30   26562147.6   0.00164156    54.690311   -48.582947   173.757504  -157.180559   57245.2177150
  31   26560894.1   0.00798796    55.783169   -50.889455   329.822143  -161.620214   57245.2238486
  32   26560360.1   0.01130360    54.222749  -168.241660     5.287423  -131.864314   57245.1826304
 
 
 SATELLITE PROBLEMS:
 ------------------
 
 SAT  PROBLEM TYPE     ACTION         FROM               TO
 -----------------------------------------------------------------------------------------------------------------------------------

  10  BAD PHASE+CODE   OBS. REMOVED   15-08-04 00:00:00  15-09-17 23:59:59
  37  BAD PHASE+CODE   OBS. REMOVED   11-07-13 00:00:00  99-12-31 23:59:59
 125  BAD PHASE+CODE   OBS. REMOVED   13-07-30 00:00:00  99-12-31 23:59:59
 126  BAD PHASE+CODE   OBS. REMOVED   13-02-26 00:00:00  15-11-15 23:59:59
 127  BAD PHASE+CODE   OBS. REMOVED   14-11-30 00:00:00  99-12-31 23:59:59
 322  BAD PHASE+CODE   OBS. REMOVED   13-02-26 00:00:00  99-12-31 23:59:59


1150811P                                                                                            PROGRAM GPSEST   28-SEP-17 14:03
 GPSEST FINALL 2015 2231                                                                            BERNESE GPS SOFTWARE VERSION 5.0
 -----------------------------------------------------------------------------------------------------------------------------------


 6. ATMOSPHERE
 -------------

 TROPOSPHERE MODEL
 -----------------

 A priori troposphere model: Niell, dry part only
 Meteo/Trop.delay values   : Extrapolated

 Reference height :     0.00 m    Temperature at ref. height:    25.00 C
                                  Pressure    at ref. height:  1013.25 mbar
                                  Humidity    at ref. height:    70.00 %


 SITE-SPECIFIC TROPOSPHERE PARAMETERS
 ------------------------------------

 Mapping function used for delay estimation:  Wet Niell
 Troposphere gradient estimation           :  Tilted mapping

 Par   Station name       Reference epoch       sig_n (m)  sig_e (m)  sig_u (m)    abs/rel
 -----------------------------------------------------------------------------------------------------------------------------------

    1  AKND               2015 08 11 00 00 00     0.00000    0.00000    0.00000      abs
    2  AKND               2015 08 11 02 00 00                           0.00000      rel
    3  AKND               2015 08 11 04 00 00                           0.00000      rel
    4  AKND               2015 08 11 06 00 00                           0.00000      rel
    5  AKND               2015 08 11 08 00 00                           0.00000      rel
    6  AKND               2015 08 11 10 00 00                           0.00000      rel
    7  AKND               2015 08 11 12 00 00                           0.00000      rel
    8  AKND               2015 08 11 14 00 00                           0.00000      rel
    9  AKND               2015 08 11 16 00 00                           0.00000      rel
   10  AKND               2015 08 11 18 00 00                           0.00000      rel
   11  AKND               2015 08 11 20 00 00                           0.00000      rel
   12  AKND               2015 08 11 22 00 00                           0.00000      rel
   13  AKND               2015 08 12 00 00 00     0.00000    0.00000    0.00000      rel
   14  YCDP               2015 08 11 00 00 00     0.00000    0.00000    0.00000      abs
   15  YCDP               2015 08 11 02 00 00                           0.00000      rel
   16  YCDP               2015 08 11 04 00 00                           0.00000      rel
   17  YCDP               2015 08 11 06 00 00                           0.00000      rel
   18  YCDP               2015 08 11 08 00 00                           0.00000      rel
   19  YCDP               2015 08 11 10 00 00                           0.00000      rel
   20  YCDP               2015 08 11 12 00 00                           0.00000      rel
   21  YCDP               2015 08 11 14 00 00                           0.00000      rel
   22  YCDP               2015 08 11 16 00 00                           0.00000      rel
   23  YCDP               2015 08 11 18 00 00                           0.00000      rel
   24  YCDP               2015 08 11 20 00 00                           0.00000      rel
   25  YCDP               2015 08 11 22 00 00                           0.00000      rel
   26  YCDP               2015 08 12 00 00 00     0.00000    0.00000    0.00000      rel
 
 
 IONOSPHERE MODELS:                          
 -----------------

 NO IONOSPHERE MODELS APPLIED


1150811P                                                                                            PROGRAM GPSEST   28-SEP-17 14:03
 GPSEST FINALL 2015 2231                                                                            BERNESE GPS SOFTWARE VERSION 5.0
 -----------------------------------------------------------------------------------------------------------------------------------


 8. POLE COORDINATES AND TIME INFORMATION
 ----------------------------------------
 
 A PRIORI POLE AND TIME INFORMATION FROM THE POLE FILE:
 -----------------------------------------------------
 
 DATUM       TIME       X-POLE (")  Y-POLE (")  UT1-UTC (S) GPS-UTC (S)  RMS XP (")  RMS YP (")  RMS DT (S)
                        EP-CPO (")  PS-CPO (")                           RMS EP (")  RMS PS (")
 -----------------------------------------------------------------------------------------------------------------------------------

 15-08-11 00:00:00     0.21208     0.40495     0.292121       17.        0.00004     0.00004     0.000006
                       0.00000     0.00000                               0.00002     0.00005
 15-08-12 00:00:00     0.21276     0.40337     0.291535       17.        0.00004     0.00004     0.000006
                       0.00000     0.00000                               0.00002     0.00005

 NUTATION MODEL:           NO              
 SUBDAILY POLE MODEL:      RAY             



1150811P                                                                                            PROGRAM GPSEST   28-SEP-17 14:03
 GPSEST FINALL 2015 2231                                                                            BERNESE GPS SOFTWARE VERSION 5.0
 -----------------------------------------------------------------------------------------------------------------------------------


 12. TEST OUTPUT
 ---------------
 
 MIN. AND MAX. ELEVATION/NADIR ANGLES AND MAX. SYNCHRONIZATION ERRORS:
 --------------------------------------------------------------------
 
 SESS  FILE  STATION NAME 1    STATION NAME 2    MIN/MAX ELEV.  MIN/MAX NADIR  SYNCH. ERR. (NS)
 -----------------------------------------------------------------------------------------------------------------------------------

 2231    1   AKND              YCDP                9.8  89.1      0.2  14.0               0.0


1150811P                                                                                            PROGRAM GPSEST   28-SEP-17 14:03
 GPSEST FINALL 2015 2231                                                                            BERNESE GPS SOFTWARE VERSION 5.0
 -----------------------------------------------------------------------------------------------------------------------------------


 13. RESULTS (PART 1)
 --------------------
 
 NUMBER OF PARAMETERS (PART 1):
 -----------------------------
 
 PARAMETER TYPE                                     #PARAMETERS   #PRE-ELIMINATED        #SET-UP  #NO-OBS  #REF     #SINGULAR
 -----------------------------------------------------------------------------------------------------------------------------------

 STATION COORDINATES                                      6           0                      6        0        0        0
 AMBIGUITIES                                             21          21  (BEFORE INV)       24        3        0        1
 SITE-SPECIFIC TROPOSPHERE PARAMETERS                    34          34  (AFTER INV)        34        0        0        0
 
 -----------------------------------------------------------------------------------------------------------------------------------
 TOTAL NUMBER OF PARAMETERS                              61          55                     64        3        0        1
 -----------------------------------------------------------------------------------------------------------------------------------
 
 
 NUMBER OF OBSERVATIONS (PART 1):
 -------------------------------
 
 TYPE         FREQUENCY         FILE              #OBSERVATIONS
 -----------------------------------------------------------------------------------------------------------------------------------

 PHASE           L3              ALL                  21634
 
 -----------------------------------------------------------------------------------------------------------------------------------
 TOTAL NUMBER OF OBSERVATIONS                         21634
 -----------------------------------------------------------------------------------------------------------------------------------
 
 
 A POSTERIORI SIGMA OF UNIT WEIGHT (PART 1):
 ------------------------------------------

 A POSTERIORI SIGMA OF UNIT WEIGHT  :    0.0036 M  (SIGMA OF ONE-WAY L1 PHASE OBSERVABLE)

 DEGREE OF FREEDOM (DOF)            :     21574
 CHI**2/DOF                         :      3.19


1150811P                                                                                            PROGRAM GPSEST   28-SEP-17 14:03
 GPSEST FINALL 2015 2231                                                                            BERNESE GPS SOFTWARE VERSION 5.0
 -----------------------------------------------------------------------------------------------------------------------------------


 STATION COORDINATES:                       D:/GPSC\150811P\STA\FN152231.CRD
 -------------------
 
 NUM  STATION NAME     PARAMETER    A PRIORI VALUE       NEW VALUE     NEW- A PRIORI  RMS ERROR   3-D ELLIPSOID       2-D ELLIPSE
 -----------------------------------------------------------------------------------------------------------------------------------

   1  AKND             X            -2973031.7000      -2973031.7000      0.0000      0.0002               
                       Y             5076081.7224       5076081.7224      0.0000      0.0002               
                       Z             2456680.9398       2456680.9398      0.0000      0.0002               

                       HEIGHT             66.4080            66.4080      0.0000      0.0002      0.0002    0.0
                       LATITUDE     22 48 11.945963    22 48 11.945963    0.0000      0.0002      0.0002   90.0      0.0002   90.0
                       LONGITUDE   120 21 26.133212   120 21 26.133212    0.0000      0.0002      0.0002    0.0      0.0002

   2  YCDP             X            -2972844.1817      -2972844.1689      0.0128      0.0007               
                       Y             5078166.8968       5078166.8740     -0.0228      0.0012               
                       Z             2452574.1107       2452574.1000     -0.0107      0.0013               

                       HEIGHT             47.6872            47.6590     -0.0283      0.0013      0.0012   14.0
                       LATITUDE     22 45 47.398761    22 45 47.398771    0.0003      0.0013      0.0003  106.0      0.0003  105.9
                       LONGITUDE   120 20 43.521435   120 20 43.521453    0.0005      0.0005      0.0014    0.7      0.0014


1150811P                                                                                            PROGRAM GPSEST   28-SEP-17 14:03
 GPSEST FINALL 2015 2231                                                                            BERNESE GPS SOFTWARE VERSION 5.0
 -----------------------------------------------------------------------------------------------------------------------------------


 SITE-SPECIFIC TROPOSPHERE PARAMETERS:      (NOT SAVED)
 ------------------------------------

 REFERENCE ELEVATION ANGLE OF GRADIENT TERMS :   51.8 DEGREES
 MINIMUM ELEVATION ANGLE                     :    3.0 DEGREES
 MAPPING FACTOR AT MINIMUM ELEVATION ANGLE   :  364.6

                               CORRECTIONS (M)             RMS ERRORS (M)             ZENITH VECTOR (")         ERROR ELLIPSE (M)   
 REQU. STATION NAME        NORTH    EAST    ZENITH     NORTH    EAST    ZENITH     ANGLE   RMS   RATIO  AZI   MAX RMS  MIN RMS  AZI 
 -----------------------------------------------------------------------------------------------------------------------------------

    1  AKND               0.04620  0.13193-60.37854   0.01497  0.01369  5.10746      0.0    0.0    0.0  251   0.01569  0.01285  148
    2  AKND               0.05274  0.12007-57.36758   0.01311  0.01200  5.02290      0.0    0.0    0.0  246   0.01371  0.01131  149
    3  AKND               0.05929  0.10821-58.78933   0.01142  0.01041  4.97530      0.0    0.0    0.0  241   0.01190  0.00985  150
    4  AKND               0.06583  0.09634-56.90020   0.00997  0.00897  4.91169      0.0    0.0    0.0  236   0.01035  0.00853  152
    5  AKND               0.07238  0.08448-56.64878   0.00890  0.00776  4.89184      0.0    0.0    0.0  229   0.00919  0.00741  155
    6  AKND               0.07892  0.07262-52.30090   0.00834  0.00691  4.85926      0.0    0.0    0.0  223   0.00860  0.00659  158
    7  AKND               0.08547  0.06076-51.72472   0.00841  0.00655  4.87388      0.0    0.0    0.0  215   0.00868  0.00619  159
    8  AKND               0.09201  0.04889-48.94036   0.00908  0.00676  4.87231      0.0    0.0    0.0  208   0.00940  0.00631  160
    9  AKND               0.09856  0.03703-50.08474   0.01024  0.00750  4.91128      0.0    0.0    0.0  201   0.01063  0.00693  159
   10  AKND               0.10510  0.02517-49.47609   0.01174  0.00863  4.94335      0.0    0.0    0.0  193   0.01223  0.00792  158
   11  AKND               0.11165  0.01330-46.95314   0.01347  0.01002  5.01326      0.0    0.0    0.0  187   0.01407  0.00916  158
   12  AKND               0.11819  0.00144-45.84418   0.01536  0.01158  5.07135      0.0    0.0    0.0  181   0.01606  0.01057  157
   13  AKND               0.12474 -0.01042-44.06127   0.01734  0.01324  5.21110      0.0    0.0    0.0  175   0.01816  0.01209  157
   14  YCDP               0.09020  0.14483-60.37667   0.01547  0.01363  5.10747      0.0    0.0    0.0  238   0.01606  0.01293  153
   15  YCDP               0.09580  0.13262-57.37354   0.01357  0.01195  5.02298      0.0    0.0    0.0  234   0.01406  0.01136  154
   16  YCDP               0.10139  0.12041-58.79023   0.01182  0.01036  4.97533      0.0    0.0    0.0  230   0.01222  0.00988  154
   17  YCDP               0.10698  0.10820-56.91314   0.01031  0.00891  4.91174      0.0    0.0    0.0  225   0.01064  0.00852  156
   18  YCDP               0.11258  0.09599-56.65587   0.00917  0.00770  4.89186      0.0    0.0    0.0  220   0.00945  0.00735  157
   19  YCDP               0.11817  0.08378-52.30620   0.00852  0.00684  4.85932      0.0    0.0    0.0  215   0.00879  0.00649  159
   20  YCDP               0.12377  0.07157-51.73276   0.00850  0.00648  4.87387      0.0    0.0    0.0  210   0.00880  0.00606  159
   21  YCDP               0.12936  0.05936-48.94941   0.00910  0.00670  4.87233      0.0    0.0    0.0  205   0.00947  0.00616  159
   22  YCDP               0.13495  0.04715-50.08914   0.01021  0.00744  4.91130      0.0    0.0    0.0  199   0.01067  0.00677  158
   23  YCDP               0.14055  0.03494-49.48052   0.01169  0.00858  4.94335      0.0    0.0    0.0  194   0.01225  0.00776  157
   24  YCDP               0.14614  0.02272-46.95893   0.01342  0.00997  5.01329      0.0    0.0    0.0  189   0.01408  0.00901  157
   25  YCDP               0.15174  0.01051-45.84946   0.01532  0.01153  5.07141      0.0    0.0    0.0  184   0.01609  0.01043  156
   26  YCDP               0.15733 -0.00170-44.06736   0.01732  0.01319  5.21113      0.0    0.0    0.0  179   0.01820  0.01195  156


1150811P                                                                                            PROGRAM GPSEST   28-SEP-17 14:03
 GPSEST FINALL 2015 2231                                                                            BERNESE GPS SOFTWARE VERSION 5.0
 -----------------------------------------------------------------------------------------------------------------------------------


 RMS ERRORS OF ELLIPS. COORDINATES AND COORDINATE DIFFER. IN MM   (PART 1):
 -------------------------------------------------------------------------

 ---------------------------
 | NUM |   |     1      2  |
 ---------------------------
 |     | B |    0.2    1.3 |
 |   1 | L |    0.2    0.5 |
 |     | H |    0.2    1.2 |
 |     |   |               |
 |     | B |    1.3    1.3 |
 |   2 | L |    0.5    0.5 |
 |     | H |    1.2    1.3 |
 ---------------------------


1150811P                                                                                            PROGRAM GPSEST   28-SEP-17 14:03
 GPSEST FINALL 2015 2231                                                                            BERNESE GPS SOFTWARE VERSION 5.0
 -----------------------------------------------------------------------------------------------------------------------------------


 SLOPE DISTANCES AND RMS ERRORS IN M  (PART 1):
 ---------------------------------------------

 -------------------------
 | NUM |   |       2 N   |
 -------------------------
 |   1 | O |   4609.6812 |
 |   N | N |   4609.6809 |
 |     |RMS|      0.0014 |
 -------------------------
