 
 ===================================================================================================================================
 Program : GPSEST                                                                                  Bernese GPS Software Version 5.0
 Purpose : Parameter estimation
 Campaign: D:/GPSC\150817P                                                                         Default session: 2291 year 2015
 Date    : 28-Sep-2017 14:06                                                                       User name      : Pei-Ching
 ===================================================================================================================================


 GPSEST FINALL 2015 2291
 -----------------------------------------------------------------------------------------------------------------------------------




1150817P                                                                                            PROGRAM GPSEST   28-SEP-17 14:06
 GPSEST FINALL 2015 2291                                                                            BERNESE GPS SOFTWARE VERSION 5.0
 -----------------------------------------------------------------------------------------------------------------------------------


 TABLE OF CONTENTS
 -----------------
 
  1. CAMPAIGNS
  2. OBSERVATION FILES
  3. GENERAL OPTIONS
  4. STATIONS
  5. SATELLITE ORBITS
  6. ATMOSPHERE
  7. CLOCK PARAMETERS
  8. POLE COORDINATES AND TIME INFORMATION
  9. ANTENNA PHASE CENTERS
 10. CONSTANTS
 11. PARAMETER CHARACTERIZATION LIST
 12. TEST OUTPUT
 13. RESULTS (PART 1)
 14. RESULTS (PART 2)



1150817P                                                                                            PROGRAM GPSEST   28-SEP-17 14:06
 GPSEST FINALL 2015 2291                                                                            BERNESE GPS SOFTWARE VERSION 5.0
 -----------------------------------------------------------------------------------------------------------------------------------


 INPUT AND OUTPUT FILENAMES
 --------------------------

 -----------------------------------------------------------------------------------------------------------------------------------
 Session table               : D:/GPSC\150817P\STA\SESSIONS.SES
 General constants           : ${X}/GEN\CONST.
 Geodetic datum              : ${X}/GEN\DATUM.
 Station information         :  ---
 Earth rotation parameters   : D:/GPSC\150817P\ORB\C04_2015.ERP
 Subdaily pole model         : ${X}/GEN\IERS2000.SUB
 Nutation model              : ${X}/GEN\IAU2000.NUT
 Satellite information       : ${X}/GEN\SATELLIT.
 Receiver information        : ${X}/GEN\RECEIVER.
 Satellite problems          : ${X}/GEN\SAT_2015.CRX
 Phase center eccentricities : ${X}/GEN\PHAS_PRO.01
 SINEX general input file    : ${X}/GEN\SINEX.
 IONEX control file          : ${X}/GEN\IONEX.
 Difference GPS-UTC          :  ---
 A priori station coordinates: D:/GPSC\150817P\STA\GPS_RES.CRD
 GNSS standard orbits        : D:/GPSC\150817P\ORB\20152291.STD
 GNSS orbit partials         :  ---
 Ionosphere models           :  ---
 Troposphere estimates       :  ---
 Station sigma factors       :  ---
 Station eccentricities      :  ---
 Ocean loading tables        :  ---
 GNSS clock corrections      :  ---
 Differential code biases    :  ---
 Receiver antenna orientation:  ---
 Kinematic coordinates       :  ---
 Kinematic velocities        :  ---
 Standard orbit(s)           :  ---
 Orbit partials              :  ---
 Attitude data               :  ---
 Precise orbit(s)            :  ---
 LEO orbital elements        :  ---
 Station coordinates         : D:/GPSC\150817P\STA\FN152291.CRD
 GNSS orbital elements       :  ---
 Troposphere estimates       :  ---
 Troposphere SINEX           :  ---
 Ionosphere models           :  ---
 IONEX                       :  ---
 Residuals                   :  ---
 Coordinate covariance matrix:  ---
 Full covariance matrix      :  ---
 Normal equations            : D:/GPSC\150817P\SOL\FN152291.NQ0
 Bernese ERP file            :  ---
 IERS ERP file               :  ---
 GNSS clock corrections      :  ---
 Clock RINEX                 :  ---
 Kinematic coordinates       :  ---
 Differential code biases    :  ---
 Phase center variations (gri:  ---
 Phase center variations (har:  ---
 Scratch file                : ${U}/WORK\GPSEST.SCR
 Scratch files               : ${U}/WORK\GPSEST.SC1
 Program output              : D:/GPSC\150817P\OUT\FN152291.OUT
 Error message               : ${U}/WORK\ERROR.MSG
 -----------------------------------------------------------------------------------------------------------------------------------




1150817P                                                                                            PROGRAM GPSEST   28-SEP-17 14:06
 GPSEST FINALL 2015 2291                                                                            BERNESE GPS SOFTWARE VERSION 5.0
 -----------------------------------------------------------------------------------------------------------------------------------


 1. CAMPAIGNS
 ------------
 
 CAMPAIGN NAME      NUM STATION NAME       NUM STATION NAME       NUM STATION NAME       NUM STATION NAME       NUM STATION NAME
 -----------------------------------------------------------------------------------------------------------------------------------

 150817P         :    1 AKND                 2 YCDP            

 
 2. OBSERVATION FILES
 --------------------

 -----------------------------------------------------------------------------------------------------------------------------------
 150817P         
 -----------------------------------------------------------------------------------------------------------------------------------

 MAIN CHARACTERISTICS:
 --------------------
 
 FILE  OBSERVATION FILE HEADER          OBSERVATION FILE                  SESS     RECEIVER 1            RECEIVER 2
 -----------------------------------------------------------------------------------------------------------------------------------

    1  D:/GPSC\150817P\OBS\AKYC2291.PSH D:/GPSC\150817P\OBS\AKYC2291.PSO  2291     TRIMBLE 5700          LEICA GR10          
 
                                                                                                       AMB.I.+S.      #CLUSTERS
 FILE TYP FREQ.  STATION 1        STATION 2        SESS  FIRST OBSERV.TIME  #EPO  DT #EF #CLK ARC #SAT  W 12    #AMB  L1  L2  L5  RM
 -----------------------------------------------------------------------------------------------------------------------------------

    1  P  L3     AKND             YCDP             2291  15-08-17  0:00:00  2880  30   0  E E  1   31   N  Y  N   63  19  19  63   0
 
 
 SATELLITES:
 ----------
 
 FILE  #SAT  SATELLITES
 -----------------------------------------------------------------------------------------------------------------------------------

    1   31     1   2   3   4   5   6   7   8   9  11  12  13  14  15  16  17  18  19  20  21  22  23  24  25  26  27  28  29  30  31
              32
 
 
 OBSERVATION SELECTION:
 ---------------------

 SAMPLING RATE           :    0 SEC
 ELEVATION CUT-OFF ANGLE :    3 DEGREES
 SATELLITE SYSTEM        : GPS    
 SPECIAL DATA SELECTION  : NO           


1150817P                                                                                            PROGRAM GPSEST   28-SEP-17 14:06
 GPSEST FINALL 2015 2291                                                                            BERNESE GPS SOFTWARE VERSION 5.0
 -----------------------------------------------------------------------------------------------------------------------------------


 3. GENERAL OPTIONS
 ------------------
 
 TIDAL CORRECTION OF STATION COORDINATES :   IERS CONVENTIONS 2000
 
 
 A PRIORI SIGMA OF UNIT WEIGHT:
 -----------------------------

 A PRIORI SIGMA OF UNIT WEIGHT           :   0.002 M  (SIGMA OF ONE-WAY L1 PHASE OBSERVABLE)

 MODEL FOR ELEVATION-DEPENDENT WEIGHTING :   NONE

 POLARIZATION EFFECT                     :   NOT CONSIDERED
 
 
 CORRELATIONS AND SESSIONS:
 -------------------------

 STRATEGY       : CORRELATIONS CORRECTLY MODELLED
 TIME INTERVAL  :    0.10000 SEC (TO IDENTIFY EPOCH)
 
 SESS  #FILE  FILE NUMBERS
 -----------------------------------------------------------------------------------------------------------------------------------

 2291    1      1
 
 
 AMBIGUITY RESOLUTION STRATEGY:
 -----------------------------

 AMBIGUITIES PRE-ELIMINATED EVERY EPOCH
 
 
 SYNCHRONIZATION ERRORS:
 ----------------------

 STRATEGY       : SYNCHRONIZATION ERRORS NOT APPLIED


 4. STATIONS
 -----------

 Local geodetic datum:                      ${X}/GEN\DATUM.
 
 Datum name         Ell. param./ Scale      Shifts to WGS-84       Rotations to WGS-84
 -----------------------------------------------------------------------------------------------------------------------------------
 ITRF2008           A  =  6378137.000 m     DX =      0.0000 m     RX =     0.00000 arcsec
                    1/F=  298.2572221       DY =      0.0000 m     RY =     0.00000 arcsec
                    SC =  0.00000D+00       DZ =      0.0000 m     RZ =     0.00000 arcsec


 A priori station coordinates:              D:/GPSC\150817P\STA\GPS_RES.CRD

                                            A priori station coordinates                      A priori station coordinates
                                                      WGS-84                              Ellipsoidal in local geodetic datum
 -----------------------------------------------------------------------------------------------------------------------------------
 num  Station name     obs e/f/h    X (m)           Y (m)           Z (m)           Latitude           Longitude          Height (m)
 -----------------------------------------------------------------------------------------------------------------------------------
   1  AKND              Y  ESTIM   -2973031.7000    5076081.7224    2456680.9398     22 48 11.945963    120 21 26.133212     66.4080
   2  YCDP              Y  ESTIM   -2972844.1839    5078166.9046    2452574.1226     22 45 47.399019    120 20 43.521364     47.6990


 A priori sigma:                            D:/GPSC\150817P\STA\FIXSTA.SIG

                            Station coordinates a priori sigma
                                 in local geodetic datum
 -----------------------------------------------------------------------------------------------------------------------------------
 num  Station name          N (m)        E (m)        U (m)
 -----------------------------------------------------------------------------------------------------------------------------------
   1  AKND                  0.00010      0.00010      0.00010




1150817P                                                                                            PROGRAM GPSEST   28-SEP-17 14:06
 GPSEST FINALL 2015 2291                                                                            BERNESE GPS SOFTWARE VERSION 5.0
 -----------------------------------------------------------------------------------------------------------------------------------


 5. SATELLITE ORBITS
 -------------------
 
 ARC CHARACTERISTICS:
 -------------------
 
 ARC  START OF ARC       END OF ARC         SOURCE      #SAT SATELLITES
 -----------------------------------------------------------------------------------------------------------------------------------

   1  15-08-17 00:00:00  15-08-18 00:00:00  PR2015.229   31    1   2   3   4   5   6   7   8   9  11  12  13  14  15  16  17  18  19
                                                              20  21  22  23  24  25  26  27  28  29  30  31  32
 
 
 OSCULATING ELEMENTS:                       D:/GPSC\150817P\ORB\20152291.STD
 -------------------

 REFERENCE SYSTEM:  J2000.0
 REFERENCE EPOCH :  57251.0000000 MJD   (2015  8 17  0  0  0.00)
 
 SAT   S.MAJ.AXIS   ECCENTRIC.    INCLINAT.      NODE       PERIGEE     M. ANOMALY   PER.PASS.TIME
 -----------------------------------------------------------------------------------------------------------------------------------

   1   26558453.8   0.00461555    55.249032   127.299615    26.199610  -109.314281   57251.1513826
   2   26560629.7   0.01471235    54.029006   125.045972   231.620547   -78.004192   57251.1080364
   3   26560424.1   0.00070608    54.956117  -173.116633  -144.206750    -0.877329   57251.0012151
   4   26559295.5   0.01172922    53.974553   125.913907    62.396438  -121.360407   57251.1680725
   5   26558069.6   0.00426628    54.221326  -173.584661    21.717052    65.338232   57250.9095191
   6   26563497.3   0.00021371    55.244337   126.815153  -201.003419    25.084787   57250.9652517
   7   26559863.5   0.00888108    55.493606   -51.580222   203.951473  -145.375406   57251.2013374
   8   26560707.2   0.00134392    55.079945    66.749766  -102.018928    97.695531   57250.8646903
   9   26560545.0   0.00037181    54.717279  -113.343804   161.227762   -38.322009   57251.0530760
  11   26560440.5   0.01619291    51.309736   106.888538    82.422281  -142.435701   57251.1972725
  12   26559836.4   0.00553120    56.743310     9.729343    36.760290  -175.408898   57251.2429318
  13   26561690.0   0.00479035    55.671132  -106.663489   119.429068   -99.113808   57251.1372816
  14   26558385.6   0.00840551    55.238859  -108.681229  -112.517338    11.779874   57250.9836868
  15   26562240.5   0.00735643    53.336182  -115.960426    22.442994   -26.232783   57251.0363359
  16   26557638.3   0.00805780    56.773430    10.799045    17.963022    69.357750   57250.9039552
  17   26557622.3   0.01025133    55.833952    69.537709  -115.158928    11.723760   57250.9837653
  18   26561658.4   0.01635323    52.999155  -174.444143  -110.888865   101.436021   57250.8595021
  19   26576877.8   0.01138757    55.671163    72.362619    36.382865   -41.033166   57251.0568834
  20   26559904.9   0.00482162    53.074184  -177.433368    68.861399   -23.159835   57251.0320752
  21   26561204.4   0.02252199    53.631782   125.850509  -108.011034   159.601032   57250.7789441
  22   26560871.2   0.00804649    52.873083  -174.387007  -116.551220    74.205162   57250.8972239
  23   26560439.0   0.01047693    54.203288  -112.893176   208.598643   -52.680750   57251.0729625
  24   26558635.1   0.00330736    54.524577   -54.003052    19.728773   -95.391659   57251.1321033
  25   26561586.4   0.00459429    56.080054     7.005154  -316.395317   146.398588   57250.7972258
  26   26558709.8   0.00021231    55.051432     6.776722    59.088546    56.095334   57250.9223159
  27   26561383.0   0.00264099    55.542053    66.774922    18.719717    10.671796   57250.9852188
  28   26561415.0   0.01962134    56.697127    11.099167   -95.116651    60.780943   57250.9158142
  29   26560311.8   0.00099132    55.885342    70.075899   -25.016911   153.327586   57250.7876439
  30   26561740.3   0.00166654    54.682825   -48.817387   173.783332  -145.004640   57251.2008452
  31   26561032.2   0.00799797    55.775367   -51.117461   -30.285964  -148.966419   57251.2063244
  32   26559598.9   0.01133358    54.235492  -168.487465     5.745736  -120.082895   57251.1663061
 
 
 SATELLITE PROBLEMS:
 ------------------
 
 SAT  PROBLEM TYPE     ACTION         FROM               TO
 -----------------------------------------------------------------------------------------------------------------------------------

  10  BAD PHASE+CODE   OBS. REMOVED   15-08-04 00:00:00  15-09-17 23:59:59
  37  BAD PHASE+CODE   OBS. REMOVED   11-07-13 00:00:00  99-12-31 23:59:59
 125  BAD PHASE+CODE   OBS. REMOVED   13-07-30 00:00:00  99-12-31 23:59:59
 126  BAD PHASE+CODE   OBS. REMOVED   13-02-26 00:00:00  15-11-15 23:59:59
 127  BAD PHASE+CODE   OBS. REMOVED   14-11-30 00:00:00  99-12-31 23:59:59
 322  BAD PHASE+CODE   OBS. REMOVED   13-02-26 00:00:00  99-12-31 23:59:59


1150817P                                                                                            PROGRAM GPSEST   28-SEP-17 14:06
 GPSEST FINALL 2015 2291                                                                            BERNESE GPS SOFTWARE VERSION 5.0
 -----------------------------------------------------------------------------------------------------------------------------------


 6. ATMOSPHERE
 -------------

 TROPOSPHERE MODEL
 -----------------

 A priori troposphere model: Niell, dry part only
 Meteo/Trop.delay values   : Extrapolated

 Reference height :     0.00 m    Temperature at ref. height:    25.00 C
                                  Pressure    at ref. height:  1013.25 mbar
                                  Humidity    at ref. height:    70.00 %


 SITE-SPECIFIC TROPOSPHERE PARAMETERS
 ------------------------------------

 Mapping function used for delay estimation:  Wet Niell
 Troposphere gradient estimation           :  Tilted mapping

 Par   Station name       Reference epoch       sig_n (m)  sig_e (m)  sig_u (m)    abs/rel
 -----------------------------------------------------------------------------------------------------------------------------------

    1  AKND               2015 08 17 00 00 00     0.00000    0.00000    0.00000      abs
    2  AKND               2015 08 17 02 00 00                           0.00000      rel
    3  AKND               2015 08 17 04 00 00                           0.00000      rel
    4  AKND               2015 08 17 06 00 00                           0.00000      rel
    5  AKND               2015 08 17 08 00 00                           0.00000      rel
    6  AKND               2015 08 17 10 00 00                           0.00000      rel
    7  AKND               2015 08 17 12 00 00                           0.00000      rel
    8  AKND               2015 08 17 14 00 00                           0.00000      rel
    9  AKND               2015 08 17 16 00 00                           0.00000      rel
   10  AKND               2015 08 17 18 00 00                           0.00000      rel
   11  AKND               2015 08 17 20 00 00                           0.00000      rel
   12  AKND               2015 08 17 22 00 00                           0.00000      rel
   13  AKND               2015 08 18 00 00 00     0.00000    0.00000    0.00000      rel
   14  YCDP               2015 08 17 00 00 00     0.00000    0.00000    0.00000      abs
   15  YCDP               2015 08 17 02 00 00                           0.00000      rel
   16  YCDP               2015 08 17 04 00 00                           0.00000      rel
   17  YCDP               2015 08 17 06 00 00                           0.00000      rel
   18  YCDP               2015 08 17 08 00 00                           0.00000      rel
   19  YCDP               2015 08 17 10 00 00                           0.00000      rel
   20  YCDP               2015 08 17 12 00 00                           0.00000      rel
   21  YCDP               2015 08 17 14 00 00                           0.00000      rel
   22  YCDP               2015 08 17 16 00 00                           0.00000      rel
   23  YCDP               2015 08 17 18 00 00                           0.00000      rel
   24  YCDP               2015 08 17 20 00 00                           0.00000      rel
   25  YCDP               2015 08 17 22 00 00                           0.00000      rel
   26  YCDP               2015 08 18 00 00 00     0.00000    0.00000    0.00000      rel
 
 
 IONOSPHERE MODELS:                          
 -----------------

 NO IONOSPHERE MODELS APPLIED


1150817P                                                                                            PROGRAM GPSEST   28-SEP-17 14:06
 GPSEST FINALL 2015 2291                                                                            BERNESE GPS SOFTWARE VERSION 5.0
 -----------------------------------------------------------------------------------------------------------------------------------


 8. POLE COORDINATES AND TIME INFORMATION
 ----------------------------------------
 
 A PRIORI POLE AND TIME INFORMATION FROM THE POLE FILE:
 -----------------------------------------------------
 
 DATUM       TIME       X-POLE (")  Y-POLE (")  UT1-UTC (S) GPS-UTC (S)  RMS XP (")  RMS YP (")  RMS DT (S)
                        EP-CPO (")  PS-CPO (")                           RMS EP (")  RMS PS (")
 -----------------------------------------------------------------------------------------------------------------------------------

 15-08-17 00:00:00     0.21949     0.39548     0.287766       17.        0.00004     0.00004     0.000005
                       0.00000     0.00000                               0.00002     0.00004
 15-08-18 00:00:00     0.21994     0.39404     0.286927       17.        0.00004     0.00004     0.000005
                       0.00000     0.00000                               0.00002     0.00004

 NUTATION MODEL:           NO              
 SUBDAILY POLE MODEL:      RAY             



1150817P                                                                                            PROGRAM GPSEST   28-SEP-17 14:06
 GPSEST FINALL 2015 2291                                                                            BERNESE GPS SOFTWARE VERSION 5.0
 -----------------------------------------------------------------------------------------------------------------------------------


 12. TEST OUTPUT
 ---------------
 
 MIN. AND MAX. ELEVATION/NADIR ANGLES AND MAX. SYNCHRONIZATION ERRORS:
 --------------------------------------------------------------------
 
 SESS  FILE  STATION NAME 1    STATION NAME 2    MIN/MAX ELEV.  MIN/MAX NADIR  SYNCH. ERR. (NS)
 -----------------------------------------------------------------------------------------------------------------------------------

 2291    1   AKND              YCDP                9.8  89.1      0.2  14.0               0.0


1150817P                                                                                            PROGRAM GPSEST   28-SEP-17 14:06
 GPSEST FINALL 2015 2291                                                                            BERNESE GPS SOFTWARE VERSION 5.0
 -----------------------------------------------------------------------------------------------------------------------------------


 13. RESULTS (PART 1)
 --------------------
 
 NUMBER OF PARAMETERS (PART 1):
 -----------------------------
 
 PARAMETER TYPE                                     #PARAMETERS   #PRE-ELIMINATED        #SET-UP  #NO-OBS  #REF     #SINGULAR
 -----------------------------------------------------------------------------------------------------------------------------------

 STATION COORDINATES                                      6           0                      6        0        0        0
 AMBIGUITIES                                             16          16  (BEFORE INV)       19        3        0        1
 SITE-SPECIFIC TROPOSPHERE PARAMETERS                    34          34  (AFTER INV)        34        0        0        0
 
 -----------------------------------------------------------------------------------------------------------------------------------
 TOTAL NUMBER OF PARAMETERS                              56          50                     59        3        0        1
 -----------------------------------------------------------------------------------------------------------------------------------
 
 
 NUMBER OF OBSERVATIONS (PART 1):
 -------------------------------
 
 TYPE         FREQUENCY         FILE              #OBSERVATIONS
 -----------------------------------------------------------------------------------------------------------------------------------

 PHASE           L3              ALL                  21852
 
 -----------------------------------------------------------------------------------------------------------------------------------
 TOTAL NUMBER OF OBSERVATIONS                         21852
 -----------------------------------------------------------------------------------------------------------------------------------
 
 
 A POSTERIORI SIGMA OF UNIT WEIGHT (PART 1):
 ------------------------------------------

 A POSTERIORI SIGMA OF UNIT WEIGHT  :    0.0037 M  (SIGMA OF ONE-WAY L1 PHASE OBSERVABLE)

 DEGREE OF FREEDOM (DOF)            :     21797
 CHI**2/DOF                         :      3.39


1150817P                                                                                            PROGRAM GPSEST   28-SEP-17 14:06
 GPSEST FINALL 2015 2291                                                                            BERNESE GPS SOFTWARE VERSION 5.0
 -----------------------------------------------------------------------------------------------------------------------------------


 STATION COORDINATES:                       D:/GPSC\150817P\STA\FN152291.CRD
 -------------------
 
 NUM  STATION NAME     PARAMETER    A PRIORI VALUE       NEW VALUE     NEW- A PRIORI  RMS ERROR   3-D ELLIPSOID       2-D ELLIPSE
 -----------------------------------------------------------------------------------------------------------------------------------

   1  AKND             X            -2973031.7000      -2973031.7000      0.0000      0.0002               
                       Y             5076081.7224       5076081.7224      0.0000      0.0002               
                       Z             2456680.9398       2456680.9398      0.0000      0.0002               

                       HEIGHT             66.4080            66.4080      0.0000      0.0002      0.0002    0.0
                       LATITUDE     22 48 11.945963    22 48 11.945963    0.0000      0.0002      0.0002   90.0      0.0002   90.0
                       LONGITUDE   120 21 26.133212   120 21 26.133212    0.0000      0.0002      0.0002    0.0      0.0002

   2  YCDP             X            -2972844.1839      -2972844.1731      0.0108      0.0007               
                       Y             5078166.9046       5078166.8800     -0.0246      0.0013               
                       Z             2452574.1226       2452574.1094     -0.0132      0.0013               

                       HEIGHT             47.6990            47.6693     -0.0297      0.0013      0.0013   22.5
                       LATITUDE     22 45 47.399019    22 45 47.398959   -0.0019      0.0014      0.0003  106.0      0.0003  106.0
                       LONGITUDE   120 20 43.521364   120 20 43.521474    0.0031      0.0005      0.0014    0.6      0.0014


1150817P                                                                                            PROGRAM GPSEST   28-SEP-17 14:06
 GPSEST FINALL 2015 2291                                                                            BERNESE GPS SOFTWARE VERSION 5.0
 -----------------------------------------------------------------------------------------------------------------------------------


 SITE-SPECIFIC TROPOSPHERE PARAMETERS:      (NOT SAVED)
 ------------------------------------

 REFERENCE ELEVATION ANGLE OF GRADIENT TERMS :   51.8 DEGREES
 MINIMUM ELEVATION ANGLE                     :    3.0 DEGREES
 MAPPING FACTOR AT MINIMUM ELEVATION ANGLE   :  364.6

                               CORRECTIONS (M)             RMS ERRORS (M)             ZENITH VECTOR (")         ERROR ELLIPSE (M)   
 REQU. STATION NAME        NORTH    EAST    ZENITH     NORTH    EAST    ZENITH     ANGLE   RMS   RATIO  AZI   MAX RMS  MIN RMS  AZI 
 -----------------------------------------------------------------------------------------------------------------------------------

    1  AKND              -0.03678  0.10885  1.86027   0.01591  0.01447  5.26680   5711.4 7225.9    0.8  289   0.01707  0.01308  146
    2  AKND              -0.00940  0.09969  1.57611   0.01386  0.01268  5.17977   5343.5 7131.8    0.7  275   0.01485  0.01151  146
    3  AKND               0.01797  0.09053 -6.15169   0.01200  0.01099  5.11256      0.0    0.0    0.0  259   0.01281  0.01004  146
    4  AKND               0.04535  0.08137 -8.86597   0.01042  0.00947  5.06439      0.0    0.0    0.0  241   0.01106  0.00872  147
    5  AKND               0.07272  0.07221-11.81387   0.00927  0.00819  5.03376      0.0    0.0    0.0  225   0.00976  0.00761  150
    6  AKND               0.10010  0.06306-13.49824   0.00872  0.00730  5.00058      0.0    0.0    0.0  212   0.00911  0.00680  154
    7  AKND               0.12747  0.05390-17.24026   0.00888  0.00694  5.02705      0.0    0.0    0.0  203   0.00926  0.00643  157
    8  AKND               0.15485  0.04474-20.01259   0.00973  0.00719  5.00483      0.0    0.0    0.0  196   0.01016  0.00657  158
    9  AKND               0.18223  0.03558-24.33298   0.01109  0.00800  5.04757      0.0    0.0    0.0  191   0.01163  0.00720  158
   10  AKND               0.20960  0.02642-25.63225   0.01281  0.00922  5.07413      0.0    0.0    0.0  187   0.01348  0.00822  157
   11  AKND               0.23698  0.01726-29.76417   0.01477  0.01071  5.13412      0.0    0.0    0.0  184   0.01558  0.00949  156
   12  AKND               0.26435  0.00810-31.19744   0.01688  0.01237  5.20512      0.0    0.0    0.0  182   0.01784  0.01094  156
   13  AKND               0.29173 -0.00106-37.26592   0.01909  0.01414  5.35482      0.0    0.0    0.0  180   0.02021  0.01249  155
   14  YCDP              -0.03820  0.10836  1.85358   0.01647  0.01441  5.26690   5713.5 7217.1    0.8  289   0.01744  0.01322  150
   15  YCDP              -0.00848  0.09982  1.57429   0.01438  0.01262  5.17986   5341.3 7160.0    0.7  275   0.01519  0.01162  150
   16  YCDP               0.02123  0.09128 -6.16626   0.01247  0.01093  5.11257      0.0    0.0    0.0  257   0.01314  0.01012  150
   17  YCDP               0.05095  0.08274 -8.87847   0.01084  0.00940  5.06443      0.0    0.0    0.0  238   0.01138  0.00875  152
   18  YCDP               0.08067  0.07420-11.82119   0.00964  0.00812  5.03380      0.0    0.0    0.0  223   0.01008  0.00758  154
   19  YCDP               0.11038  0.06566-13.50830   0.00904  0.00722  5.00061      0.0    0.0    0.0  211   0.00942  0.00672  156
   20  YCDP               0.14010  0.05712-17.25074   0.00916  0.00686  5.02712      0.0    0.0    0.0  202   0.00954  0.00631  158
   21  YCDP               0.16982  0.04858-20.02588   0.00996  0.00711  5.00486      0.0    0.0    0.0  196   0.01041  0.00643  158
   22  YCDP               0.19953  0.04004-24.34155   0.01131  0.00792  5.04759      0.0    0.0    0.0  191   0.01186  0.00706  158
   23  YCDP               0.22925  0.03150-25.64099   0.01304  0.00914  5.07415      0.0    0.0    0.0  188   0.01371  0.00809  157
   24  YCDP               0.25897  0.02296-29.78229   0.01501  0.01063  5.13420      0.0    0.0    0.0  185   0.01582  0.00938  157
   25  YCDP               0.28868  0.01442-31.21142   0.01714  0.01229  5.20521      0.0    0.0    0.0  183   0.01810  0.01083  156
   26  YCDP               0.31840  0.00588-37.27804   0.01939  0.01407  5.35488      0.0    0.0    0.0  181   0.02049  0.01240  156


1150817P                                                                                            PROGRAM GPSEST   28-SEP-17 14:06
 GPSEST FINALL 2015 2291                                                                            BERNESE GPS SOFTWARE VERSION 5.0
 -----------------------------------------------------------------------------------------------------------------------------------


 RMS ERRORS OF ELLIPS. COORDINATES AND COORDINATE DIFFER. IN MM   (PART 1):
 -------------------------------------------------------------------------

 ---------------------------
 | NUM |   |     1      2  |
 ---------------------------
 |     | B |    0.2    1.3 |
 |   1 | L |    0.2    0.5 |
 |     | H |    0.2    1.3 |
 |     |   |               |
 |     | B |    1.3    1.4 |
 |   2 | L |    0.5    0.5 |
 |     | H |    1.3    1.3 |
 ---------------------------


1150817P                                                                                            PROGRAM GPSEST   28-SEP-17 14:06
 GPSEST FINALL 2015 2291                                                                            BERNESE GPS SOFTWARE VERSION 5.0
 -----------------------------------------------------------------------------------------------------------------------------------


 SLOPE DISTANCES AND RMS ERRORS IN M  (PART 1):
 ---------------------------------------------

 -------------------------
 | NUM |   |       2 N   |
 -------------------------
 |   1 | O |   4609.6740 |
 |   N | N |   4609.6751 |
 |     |RMS|      0.0014 |
 -------------------------
