 
 ===================================================================================================================================
 Program : GPSEST                                                                                  Bernese GPS Software Version 5.0
 Purpose : Parameter estimation
 Campaign: D:/GPSC\150818P                                                                         Default session: 2301 year 2015
 Date    : 28-Sep-2017 14:06                                                                       User name      : Pei-Ching
 ===================================================================================================================================


 GPSEST FINALL 2015 2301
 -----------------------------------------------------------------------------------------------------------------------------------




1150818P                                                                                            PROGRAM GPSEST   28-SEP-17 14:06
 GPSEST FINALL 2015 2301                                                                            BERNESE GPS SOFTWARE VERSION 5.0
 -----------------------------------------------------------------------------------------------------------------------------------


 TABLE OF CONTENTS
 -----------------
 
  1. CAMPAIGNS
  2. OBSERVATION FILES
  3. GENERAL OPTIONS
  4. STATIONS
  5. SATELLITE ORBITS
  6. ATMOSPHERE
  7. CLOCK PARAMETERS
  8. POLE COORDINATES AND TIME INFORMATION
  9. ANTENNA PHASE CENTERS
 10. CONSTANTS
 11. PARAMETER CHARACTERIZATION LIST
 12. TEST OUTPUT
 13. RESULTS (PART 1)
 14. RESULTS (PART 2)



1150818P                                                                                            PROGRAM GPSEST   28-SEP-17 14:06
 GPSEST FINALL 2015 2301                                                                            BERNESE GPS SOFTWARE VERSION 5.0
 -----------------------------------------------------------------------------------------------------------------------------------


 INPUT AND OUTPUT FILENAMES
 --------------------------

 -----------------------------------------------------------------------------------------------------------------------------------
 Session table               : D:/GPSC\150818P\STA\SESSIONS.SES
 General constants           : ${X}/GEN\CONST.
 Geodetic datum              : ${X}/GEN\DATUM.
 Station information         :  ---
 Earth rotation parameters   : D:/GPSC\150818P\ORB\C04_2015.ERP
 Subdaily pole model         : ${X}/GEN\IERS2000.SUB
 Nutation model              : ${X}/GEN\IAU2000.NUT
 Satellite information       : ${X}/GEN\SATELLIT.
 Receiver information        : ${X}/GEN\RECEIVER.
 Satellite problems          : ${X}/GEN\SAT_2015.CRX
 Phase center eccentricities : ${X}/GEN\PHAS_PRO.01
 SINEX general input file    : ${X}/GEN\SINEX.
 IONEX control file          : ${X}/GEN\IONEX.
 Difference GPS-UTC          :  ---
 A priori station coordinates: D:/GPSC\150818P\STA\GPS_RES.CRD
 GNSS standard orbits        : D:/GPSC\150818P\ORB\20152301.STD
 GNSS orbit partials         :  ---
 Ionosphere models           :  ---
 Troposphere estimates       :  ---
 Station sigma factors       :  ---
 Station eccentricities      :  ---
 Ocean loading tables        :  ---
 GNSS clock corrections      :  ---
 Differential code biases    :  ---
 Receiver antenna orientation:  ---
 Kinematic coordinates       :  ---
 Kinematic velocities        :  ---
 Standard orbit(s)           :  ---
 Orbit partials              :  ---
 Attitude data               :  ---
 Precise orbit(s)            :  ---
 LEO orbital elements        :  ---
 Station coordinates         : D:/GPSC\150818P\STA\FN152301.CRD
 GNSS orbital elements       :  ---
 Troposphere estimates       :  ---
 Troposphere SINEX           :  ---
 Ionosphere models           :  ---
 IONEX                       :  ---
 Residuals                   :  ---
 Coordinate covariance matrix:  ---
 Full covariance matrix      :  ---
 Normal equations            : D:/GPSC\150818P\SOL\FN152301.NQ0
 Bernese ERP file            :  ---
 IERS ERP file               :  ---
 GNSS clock corrections      :  ---
 Clock RINEX                 :  ---
 Kinematic coordinates       :  ---
 Differential code biases    :  ---
 Phase center variations (gri:  ---
 Phase center variations (har:  ---
 Scratch file                : ${U}/WORK\GPSEST.SCR
 Scratch files               : ${U}/WORK\GPSEST.SC1
 Program output              : D:/GPSC\150818P\OUT\FN152301.OUT
 Error message               : ${U}/WORK\ERROR.MSG
 -----------------------------------------------------------------------------------------------------------------------------------




1150818P                                                                                            PROGRAM GPSEST   28-SEP-17 14:06
 GPSEST FINALL 2015 2301                                                                            BERNESE GPS SOFTWARE VERSION 5.0
 -----------------------------------------------------------------------------------------------------------------------------------


 1. CAMPAIGNS
 ------------
 
 CAMPAIGN NAME      NUM STATION NAME       NUM STATION NAME       NUM STATION NAME       NUM STATION NAME       NUM STATION NAME
 -----------------------------------------------------------------------------------------------------------------------------------

 150818P         :    1 AKND                 2 YCDP            

 
 2. OBSERVATION FILES
 --------------------

 -----------------------------------------------------------------------------------------------------------------------------------
 150818P         
 -----------------------------------------------------------------------------------------------------------------------------------

 MAIN CHARACTERISTICS:
 --------------------
 
 FILE  OBSERVATION FILE HEADER          OBSERVATION FILE                  SESS     RECEIVER 1            RECEIVER 2
 -----------------------------------------------------------------------------------------------------------------------------------

    1  D:/GPSC\150818P\OBS\AKYC2301.PSH D:/GPSC\150818P\OBS\AKYC2301.PSO  2301     TRIMBLE 5700          LEICA GR10          
 
                                                                                                       AMB.I.+S.      #CLUSTERS
 FILE TYP FREQ.  STATION 1        STATION 2        SESS  FIRST OBSERV.TIME  #EPO  DT #EF #CLK ARC #SAT  W 12    #AMB  L1  L2  L5  RM
 -----------------------------------------------------------------------------------------------------------------------------------

    1  P  L3     AKND             YCDP             2301  15-08-18  0:00:00  2880  30   0  E E  1   31   N  Y  N   56  11  11  56   0
 
 
 SATELLITES:
 ----------
 
 FILE  #SAT  SATELLITES
 -----------------------------------------------------------------------------------------------------------------------------------

    1   31     1   2   3   4   5   6   7   8   9  11  12  13  14  15  16  17  18  19  20  21  22  23  24  25  26  27  28  29  30  31
              32
 
 
 OBSERVATION SELECTION:
 ---------------------

 SAMPLING RATE           :    0 SEC
 ELEVATION CUT-OFF ANGLE :    3 DEGREES
 SATELLITE SYSTEM        : GPS    
 SPECIAL DATA SELECTION  : NO           


1150818P                                                                                            PROGRAM GPSEST   28-SEP-17 14:06
 GPSEST FINALL 2015 2301                                                                            BERNESE GPS SOFTWARE VERSION 5.0
 -----------------------------------------------------------------------------------------------------------------------------------


 3. GENERAL OPTIONS
 ------------------
 
 TIDAL CORRECTION OF STATION COORDINATES :   IERS CONVENTIONS 2000
 
 
 A PRIORI SIGMA OF UNIT WEIGHT:
 -----------------------------

 A PRIORI SIGMA OF UNIT WEIGHT           :   0.002 M  (SIGMA OF ONE-WAY L1 PHASE OBSERVABLE)

 MODEL FOR ELEVATION-DEPENDENT WEIGHTING :   NONE

 POLARIZATION EFFECT                     :   NOT CONSIDERED
 
 
 CORRELATIONS AND SESSIONS:
 -------------------------

 STRATEGY       : CORRELATIONS CORRECTLY MODELLED
 TIME INTERVAL  :    0.10000 SEC (TO IDENTIFY EPOCH)
 
 SESS  #FILE  FILE NUMBERS
 -----------------------------------------------------------------------------------------------------------------------------------

 2301    1      1
 
 
 AMBIGUITY RESOLUTION STRATEGY:
 -----------------------------

 AMBIGUITIES PRE-ELIMINATED EVERY EPOCH
 
 
 SYNCHRONIZATION ERRORS:
 ----------------------

 STRATEGY       : SYNCHRONIZATION ERRORS NOT APPLIED


 4. STATIONS
 -----------

 Local geodetic datum:                      ${X}/GEN\DATUM.
 
 Datum name         Ell. param./ Scale      Shifts to WGS-84       Rotations to WGS-84
 -----------------------------------------------------------------------------------------------------------------------------------
 ITRF2008           A  =  6378137.000 m     DX =      0.0000 m     RX =     0.00000 arcsec
                    1/F=  298.2572221       DY =      0.0000 m     RY =     0.00000 arcsec
                    SC =  0.00000D+00       DZ =      0.0000 m     RZ =     0.00000 arcsec


 A priori station coordinates:              D:/GPSC\150818P\STA\GPS_RES.CRD

                                            A priori station coordinates                      A priori station coordinates
                                                      WGS-84                              Ellipsoidal in local geodetic datum
 -----------------------------------------------------------------------------------------------------------------------------------
 num  Station name     obs e/f/h    X (m)           Y (m)           Z (m)           Latitude           Longitude          Height (m)
 -----------------------------------------------------------------------------------------------------------------------------------
   1  AKND              Y  ESTIM   -2973031.7000    5076081.7224    2456680.9398     22 48 11.945963    120 21 26.133212     66.4080
   2  YCDP              Y  ESTIM   -2972844.1783    5078166.8887    2452574.1234     22 45 47.399252    120 20 43.521476     47.6841


 A priori sigma:                            D:/GPSC\150818P\STA\FIXSTA.SIG

                            Station coordinates a priori sigma
                                 in local geodetic datum
 -----------------------------------------------------------------------------------------------------------------------------------
 num  Station name          N (m)        E (m)        U (m)
 -----------------------------------------------------------------------------------------------------------------------------------
   1  AKND                  0.00010      0.00010      0.00010




1150818P                                                                                            PROGRAM GPSEST   28-SEP-17 14:06
 GPSEST FINALL 2015 2301                                                                            BERNESE GPS SOFTWARE VERSION 5.0
 -----------------------------------------------------------------------------------------------------------------------------------


 5. SATELLITE ORBITS
 -------------------
 
 ARC CHARACTERISTICS:
 -------------------
 
 ARC  START OF ARC       END OF ARC         SOURCE      #SAT SATELLITES
 -----------------------------------------------------------------------------------------------------------------------------------

   1  15-08-18 00:00:00  15-08-19 00:00:00  PR2015.230   31    1   2   3   4   5   6   7   8   9  11  12  13  14  15  16  17  18  19
                                                              20  21  22  23  24  25  26  27  28  29  30  31  32
 
 
 OSCULATING ELEMENTS:                       D:/GPSC\150818P\ORB\20152301.STD
 -------------------

 REFERENCE SYSTEM:  J2000.0
 REFERENCE EPOCH :  57252.0000000 MJD   (2015  8 18  0  0  0.00)
 
 SAT   S.MAJ.AXIS   ECCENTRIC.    INCLINAT.      NODE       PERIGEE     M. ANOMALY   PER.PASS.TIME
 -----------------------------------------------------------------------------------------------------------------------------------

   1   26558508.1   0.00461455    55.247371   127.259569    26.244839  -107.305216   57252.1486008
   2   26560739.7   0.01471507    54.027405   125.004791   231.615718   -75.920784   57252.1051515
   3   26560306.9   0.00069993    54.957642  -173.155760  -144.099321     1.084644   57251.9984978
   4   26559421.3   0.01173009    53.972982   125.872578    62.412331  -119.318822   57252.1652462
   5   26558062.5   0.00427146    54.222887  -173.624691    21.698589    67.428041   57251.9066252
   6   26563461.8   0.00021455    55.242633   126.775332  -201.239373    27.315220   57251.9621622
   7   26559777.7   0.00888626    55.491247   -51.619610   204.008876  -143.394285   57252.1985927
   8   26560757.0   0.00134297    55.080613    66.708015  -102.016899    99.796792   57251.8617796
   9   26560664.8   0.00037197    54.718033  -113.385519   160.307643   -35.379288   57252.0490007
  11   26560560.5   0.01619330    51.308376   106.843623    82.454928  -140.440100   57252.1945099
  12   26559743.6   0.00553469    56.744431     9.691558    36.795179  -173.378745   57252.2401189
  13   26561593.5   0.00478897    55.671261  -106.704204   119.419207   -97.053302   57252.1344269
  14   26558334.2   0.00840138    55.239140  -108.722505  -112.500325    13.833083   57251.9808436
  15   26562275.8   0.00736434    53.337016  -116.003433    22.464396   -24.204621   57252.0335267
  16   26557630.3   0.00806418    56.774706    10.761092    17.956458    71.438135   57251.9010744
  17   26557542.0   0.01025173    55.834438    69.496530  -115.192863    13.859785   57251.9808074
  18   26561693.2   0.01635154    53.000712  -174.485029  -110.878588   103.498644   57251.8566449
  19   26576925.9   0.01138675    55.671481    72.321434    36.403240   -39.609487   57252.0549100
  20   26559798.7   0.00481752    53.075418  -177.474250    68.900896   -21.128504   57252.0292618
  21   26561083.8   0.02252600    53.630056   125.808892  -108.001760   161.602133   57251.7761740
  22   26560978.8   0.00804784    52.874748  -174.428124  -116.523035    76.224876   57251.8944259
  23   26560553.9   0.01047801    54.203980  -112.935343   208.602858   -50.586753   57252.0700628
  24   26558723.6   0.00330538    54.522327   -54.043635    19.579812   -93.185623   57252.1290489
  25   26561561.7   0.00459374    56.081070     6.966914  -316.435748   148.499531   57251.7943161
  26   26558777.3   0.00021508    55.052535     6.737287    58.591634    58.663373   57251.9187593
  27   26561279.5   0.00263453    55.542657    66.733581    18.704540    12.730494   57251.9823675
  28   26561509.5   0.01961868    56.698511    11.061340   -95.110121    62.809961   57251.9130034
  29   26560439.2   0.00098074    55.885904    70.034872   -25.047783   155.394970   57251.7847790
  30   26561622.8   0.00167237    54.680537   -48.857374   173.936553  -143.120969   57252.1982348
  31   26560993.4   0.00800426    55.773085   -51.156437   -30.310967  -146.848663   57252.2033908
  32   26559499.4   0.01133416    54.237242  -168.527574     5.810308  -118.111439   57252.1635748
 
 
 SATELLITE PROBLEMS:
 ------------------
 
 SAT  PROBLEM TYPE     ACTION         FROM               TO
 -----------------------------------------------------------------------------------------------------------------------------------

  10  BAD PHASE+CODE   OBS. REMOVED   15-08-04 00:00:00  15-09-17 23:59:59
  37  BAD PHASE+CODE   OBS. REMOVED   11-07-13 00:00:00  99-12-31 23:59:59
 125  BAD PHASE+CODE   OBS. REMOVED   13-07-30 00:00:00  99-12-31 23:59:59
 126  BAD PHASE+CODE   OBS. REMOVED   13-02-26 00:00:00  15-11-15 23:59:59
 127  BAD PHASE+CODE   OBS. REMOVED   14-11-30 00:00:00  99-12-31 23:59:59
 322  BAD PHASE+CODE   OBS. REMOVED   13-02-26 00:00:00  99-12-31 23:59:59


1150818P                                                                                            PROGRAM GPSEST   28-SEP-17 14:06
 GPSEST FINALL 2015 2301                                                                            BERNESE GPS SOFTWARE VERSION 5.0
 -----------------------------------------------------------------------------------------------------------------------------------


 6. ATMOSPHERE
 -------------

 TROPOSPHERE MODEL
 -----------------

 A priori troposphere model: Niell, dry part only
 Meteo/Trop.delay values   : Extrapolated

 Reference height :     0.00 m    Temperature at ref. height:    25.00 C
                                  Pressure    at ref. height:  1013.25 mbar
                                  Humidity    at ref. height:    70.00 %


 SITE-SPECIFIC TROPOSPHERE PARAMETERS
 ------------------------------------

 Mapping function used for delay estimation:  Wet Niell
 Troposphere gradient estimation           :  Tilted mapping

 Par   Station name       Reference epoch       sig_n (m)  sig_e (m)  sig_u (m)    abs/rel
 -----------------------------------------------------------------------------------------------------------------------------------

    1  AKND               2015 08 18 00 00 00     0.00000    0.00000    0.00000      abs
    2  AKND               2015 08 18 02 00 00                           0.00000      rel
    3  AKND               2015 08 18 04 00 00                           0.00000      rel
    4  AKND               2015 08 18 06 00 00                           0.00000      rel
    5  AKND               2015 08 18 08 00 00                           0.00000      rel
    6  AKND               2015 08 18 10 00 00                           0.00000      rel
    7  AKND               2015 08 18 12 00 00                           0.00000      rel
    8  AKND               2015 08 18 14 00 00                           0.00000      rel
    9  AKND               2015 08 18 16 00 00                           0.00000      rel
   10  AKND               2015 08 18 18 00 00                           0.00000      rel
   11  AKND               2015 08 18 20 00 00                           0.00000      rel
   12  AKND               2015 08 18 22 00 00                           0.00000      rel
   13  AKND               2015 08 19 00 00 00     0.00000    0.00000    0.00000      rel
   14  YCDP               2015 08 18 00 00 00     0.00000    0.00000    0.00000      abs
   15  YCDP               2015 08 18 02 00 00                           0.00000      rel
   16  YCDP               2015 08 18 04 00 00                           0.00000      rel
   17  YCDP               2015 08 18 06 00 00                           0.00000      rel
   18  YCDP               2015 08 18 08 00 00                           0.00000      rel
   19  YCDP               2015 08 18 10 00 00                           0.00000      rel
   20  YCDP               2015 08 18 12 00 00                           0.00000      rel
   21  YCDP               2015 08 18 14 00 00                           0.00000      rel
   22  YCDP               2015 08 18 16 00 00                           0.00000      rel
   23  YCDP               2015 08 18 18 00 00                           0.00000      rel
   24  YCDP               2015 08 18 20 00 00                           0.00000      rel
   25  YCDP               2015 08 18 22 00 00                           0.00000      rel
   26  YCDP               2015 08 19 00 00 00     0.00000    0.00000    0.00000      rel
 
 
 IONOSPHERE MODELS:                          
 -----------------

 NO IONOSPHERE MODELS APPLIED


1150818P                                                                                            PROGRAM GPSEST   28-SEP-17 14:06
 GPSEST FINALL 2015 2301                                                                            BERNESE GPS SOFTWARE VERSION 5.0
 -----------------------------------------------------------------------------------------------------------------------------------


 8. POLE COORDINATES AND TIME INFORMATION
 ----------------------------------------
 
 A PRIORI POLE AND TIME INFORMATION FROM THE POLE FILE:
 -----------------------------------------------------
 
 DATUM       TIME       X-POLE (")  Y-POLE (")  UT1-UTC (S) GPS-UTC (S)  RMS XP (")  RMS YP (")  RMS DT (S)
                        EP-CPO (")  PS-CPO (")                           RMS EP (")  RMS PS (")
 -----------------------------------------------------------------------------------------------------------------------------------

 15-08-18 00:00:00     0.21994     0.39404     0.286927       17.        0.00004     0.00004     0.000005
                       0.00000     0.00000                               0.00002     0.00004
 15-08-19 00:00:00     0.21946     0.39237     0.286132       17.        0.00004     0.00004     0.000005
                       0.00000     0.00000                               0.00002     0.00004

 NUTATION MODEL:           NO              
 SUBDAILY POLE MODEL:      RAY             



1150818P                                                                                            PROGRAM GPSEST   28-SEP-17 14:06
 GPSEST FINALL 2015 2301                                                                            BERNESE GPS SOFTWARE VERSION 5.0
 -----------------------------------------------------------------------------------------------------------------------------------


 12. TEST OUTPUT
 ---------------
 
 MIN. AND MAX. ELEVATION/NADIR ANGLES AND MAX. SYNCHRONIZATION ERRORS:
 --------------------------------------------------------------------
 
 SESS  FILE  STATION NAME 1    STATION NAME 2    MIN/MAX ELEV.  MIN/MAX NADIR  SYNCH. ERR. (NS)
 -----------------------------------------------------------------------------------------------------------------------------------

 2301    1   AKND              YCDP                9.8  89.1      0.2  13.9               0.0


1150818P                                                                                            PROGRAM GPSEST   28-SEP-17 14:06
 GPSEST FINALL 2015 2301                                                                            BERNESE GPS SOFTWARE VERSION 5.0
 -----------------------------------------------------------------------------------------------------------------------------------


 13. RESULTS (PART 1)
 --------------------
 
 NUMBER OF PARAMETERS (PART 1):
 -----------------------------
 
 PARAMETER TYPE                                     #PARAMETERS   #PRE-ELIMINATED        #SET-UP  #NO-OBS  #REF     #SINGULAR
 -----------------------------------------------------------------------------------------------------------------------------------

 STATION COORDINATES                                      6           0                      6        0        0        0
 AMBIGUITIES                                              9           9  (BEFORE INV)       11        2        0        1
 SITE-SPECIFIC TROPOSPHERE PARAMETERS                    34          34  (AFTER INV)        34        0        0        0
 
 -----------------------------------------------------------------------------------------------------------------------------------
 TOTAL NUMBER OF PARAMETERS                              49          43                     51        2        0        1
 -----------------------------------------------------------------------------------------------------------------------------------
 
 
 NUMBER OF OBSERVATIONS (PART 1):
 -------------------------------
 
 TYPE         FREQUENCY         FILE              #OBSERVATIONS
 -----------------------------------------------------------------------------------------------------------------------------------

 PHASE           L3              ALL                  22337
 
 -----------------------------------------------------------------------------------------------------------------------------------
 TOTAL NUMBER OF OBSERVATIONS                         22337
 -----------------------------------------------------------------------------------------------------------------------------------
 
 
 A POSTERIORI SIGMA OF UNIT WEIGHT (PART 1):
 ------------------------------------------

 A POSTERIORI SIGMA OF UNIT WEIGHT  :    0.0036 M  (SIGMA OF ONE-WAY L1 PHASE OBSERVABLE)

 DEGREE OF FREEDOM (DOF)            :     22289
 CHI**2/DOF                         :      3.29


1150818P                                                                                            PROGRAM GPSEST   28-SEP-17 14:06
 GPSEST FINALL 2015 2301                                                                            BERNESE GPS SOFTWARE VERSION 5.0
 -----------------------------------------------------------------------------------------------------------------------------------


 STATION COORDINATES:                       D:/GPSC\150818P\STA\FN152301.CRD
 -------------------
 
 NUM  STATION NAME     PARAMETER    A PRIORI VALUE       NEW VALUE     NEW- A PRIORI  RMS ERROR   3-D ELLIPSOID       2-D ELLIPSE
 -----------------------------------------------------------------------------------------------------------------------------------

   1  AKND             X            -2973031.7000      -2973031.7000      0.0000      0.0002               
                       Y             5076081.7224       5076081.7224      0.0000      0.0002               
                       Z             2456680.9398       2456680.9398      0.0000      0.0002               

                       HEIGHT             66.4080            66.4080      0.0000      0.0002      0.0002    0.0
                       LATITUDE     22 48 11.945963    22 48 11.945963    0.0000      0.0002      0.0002   90.0      0.0002   90.0
                       LONGITUDE   120 21 26.133212   120 21 26.133212    0.0000      0.0002      0.0002    0.0      0.0002

   2  YCDP             X            -2972844.1783      -2972844.1708      0.0075      0.0007               
                       Y             5078166.8887       5078166.8692     -0.0195      0.0012               
                       Z             2452574.1234       2452574.1117     -0.0117      0.0013               

                       HEIGHT             47.6841            47.6605     -0.0236      0.0012      0.0012   12.8
                       LATITUDE     22 45 47.399252    22 45 47.399159   -0.0029      0.0013      0.0003  106.0      0.0003  106.0
                       LONGITUDE   120 20 43.521476   120 20 43.521596    0.0034      0.0005      0.0014    0.6      0.0014


1150818P                                                                                            PROGRAM GPSEST   28-SEP-17 14:06
 GPSEST FINALL 2015 2301                                                                            BERNESE GPS SOFTWARE VERSION 5.0
 -----------------------------------------------------------------------------------------------------------------------------------


 SITE-SPECIFIC TROPOSPHERE PARAMETERS:      (NOT SAVED)
 ------------------------------------

 REFERENCE ELEVATION ANGLE OF GRADIENT TERMS :   51.8 DEGREES
 MINIMUM ELEVATION ANGLE                     :    3.0 DEGREES
 MAPPING FACTOR AT MINIMUM ELEVATION ANGLE   :  364.6

                               CORRECTIONS (M)             RMS ERRORS (M)             ZENITH VECTOR (")         ERROR ELLIPSE (M)   
 REQU. STATION NAME        NORTH    EAST    ZENITH     NORTH    EAST    ZENITH     ANGLE   RMS   RATIO  AZI   MAX RMS  MIN RMS  AZI 
 -----------------------------------------------------------------------------------------------------------------------------------

    1  AKND               0.15818 -0.03919  3.25014   0.01415  0.01279  5.06797   6068.3 5562.2    1.1  166   0.01506  0.01170  147
    2  AKND               0.15572 -0.03841  2.86703   0.01241  0.01124  4.99906   6416.1 6216.5    1.0  166   0.01318  0.01032  147
    3  AKND               0.15326 -0.03762  0.33262   0.01084  0.00979  4.93753  12415.723342.0    0.5  166   0.01148  0.00903  148
    4  AKND               0.15080 -0.03684  3.50352   0.00953  0.00849  4.88885   5527.6 4644.5    1.2  166   0.01005  0.00787  149
    5  AKND               0.14834 -0.03605  0.07198   0.00859  0.00743  4.85987  13336.227369.3    0.5  166   0.00903  0.00690  152
    6  AKND               0.14588 -0.03527  3.41114   0.00816  0.00672  4.83494   5430.8 4574.2    1.2  166   0.00855  0.00622  154
    7  AKND               0.14342 -0.03449  1.13012   0.00830  0.00648  4.84126   8898.312534.0    0.7  166   0.00871  0.00592  156
    8  AKND               0.14096 -0.03370  0.28053   0.00900  0.00675  4.83995  11633.521814.4    0.5  167   0.00947  0.00607  156
    9  AKND               0.13850 -0.03292 -1.25264   0.01014  0.00748  4.86281  28329.2*******    0.2  167   0.01071  0.00665  156
   10  AKND               0.13604 -0.03213 -0.71967   0.01159  0.00856  4.89944  18370.657178.3    0.3  167   0.01227  0.00755  155
   11  AKND               0.13358 -0.03135 -0.61995   0.01325  0.00987  4.94632  16954.950104.2    0.3  167   0.01406  0.00867  155
   12  AKND               0.13112 -0.03057 -0.35792   0.01505  0.01132  5.02016  14379.537263.6    0.4  167   0.01599  0.00994  154
   13  AKND               0.12866 -0.02978 -2.64156   0.01694  0.01288  5.12201      0.0    0.0    0.0  167   0.01803  0.01131  154
   14  YCDP               0.15642 -0.03949  3.24101   0.01451  0.01280  5.06802   6011.8 5639.3    1.1  166   0.01526  0.01189  150
   15  YCDP               0.15424 -0.03864  2.86103   0.01274  0.01124  4.99913   6362.1 6297.3    1.0  166   0.01337  0.01048  151
   16  YCDP               0.15206 -0.03780  0.32502   0.01114  0.00979  4.93753  12339.423477.4    0.5  166   0.01167  0.00916  151
   17  YCDP               0.14988 -0.03695  3.49588   0.00980  0.00848  4.88888   5499.3 4737.6    1.2  166   0.01023  0.00796  153
   18  YCDP               0.14770 -0.03611  0.06410   0.00881  0.00742  4.85990  13298.927606.0    0.5  166   0.00919  0.00695  154
   19  YCDP               0.14552 -0.03526  3.39148   0.00833  0.00670  4.83497   5432.0 4702.8    1.2  166   0.00869  0.00622  156
   20  YCDP               0.14334 -0.03442  1.12926   0.00842  0.00645  4.84128   8881.812687.8    0.7  166   0.00883  0.00588  156
   21  YCDP               0.14116 -0.03357  0.26710   0.00908  0.00671  4.83997  11685.022240.9    0.5  167   0.00957  0.00600  156
   22  YCDP               0.13898 -0.03273 -1.25946   0.01020  0.00744  4.86283  28462.1*******    0.2  167   0.01079  0.00655  156
   23  YCDP               0.13680 -0.03188 -0.72459   0.01164  0.00851  4.89946  18458.957876.2    0.3  167   0.01235  0.00744  155
   24  YCDP               0.13462 -0.03104 -0.63256   0.01330  0.00982  4.94639  17149.251319.1    0.3  167   0.01414  0.00857  155
   25  YCDP               0.13244 -0.03019 -0.36504   0.01510  0.01128  5.02019  14523.738035.6    0.4  167   0.01607  0.00984  154
   26  YCDP               0.13026 -0.02935 -2.64828   0.01701  0.01284  5.12204      0.0    0.0    0.0  167   0.01812  0.01122  154


1150818P                                                                                            PROGRAM GPSEST   28-SEP-17 14:06
 GPSEST FINALL 2015 2301                                                                            BERNESE GPS SOFTWARE VERSION 5.0
 -----------------------------------------------------------------------------------------------------------------------------------


 RMS ERRORS OF ELLIPS. COORDINATES AND COORDINATE DIFFER. IN MM   (PART 1):
 -------------------------------------------------------------------------

 ---------------------------
 | NUM |   |     1      2  |
 ---------------------------
 |     | B |    0.2    1.3 |
 |   1 | L |    0.2    0.5 |
 |     | H |    0.2    1.2 |
 |     |   |               |
 |     | B |    1.3    1.3 |
 |   2 | L |    0.5    0.5 |
 |     | H |    1.2    1.2 |
 ---------------------------


1150818P                                                                                            PROGRAM GPSEST   28-SEP-17 14:06
 GPSEST FINALL 2015 2301                                                                            BERNESE GPS SOFTWARE VERSION 5.0
 -----------------------------------------------------------------------------------------------------------------------------------


 SLOPE DISTANCES AND RMS ERRORS IN M  (PART 1):
 ---------------------------------------------

 -------------------------
 | NUM |   |       2 N   |
 -------------------------
 |   1 | O |   4609.6663 |
 |   N | N |   4609.6683 |
 |     |RMS|      0.0014 |
 -------------------------
