 
 ===================================================================================================================================
 Program : GPSEST                                                                                  Bernese GPS Software Version 5.0
 Purpose : Parameter estimation
 Campaign: D:/GPSC\150813P                                                                         Default session: 2251 year 2015
 Date    : 28-Sep-2017 14:04                                                                       User name      : Pei-Ching
 ===================================================================================================================================


 GPSEST FINALL 2015 2251
 -----------------------------------------------------------------------------------------------------------------------------------




1150813P                                                                                            PROGRAM GPSEST   28-SEP-17 14:04
 GPSEST FINALL 2015 2251                                                                            BERNESE GPS SOFTWARE VERSION 5.0
 -----------------------------------------------------------------------------------------------------------------------------------


 TABLE OF CONTENTS
 -----------------
 
  1. CAMPAIGNS
  2. OBSERVATION FILES
  3. GENERAL OPTIONS
  4. STATIONS
  5. SATELLITE ORBITS
  6. ATMOSPHERE
  7. CLOCK PARAMETERS
  8. POLE COORDINATES AND TIME INFORMATION
  9. ANTENNA PHASE CENTERS
 10. CONSTANTS
 11. PARAMETER CHARACTERIZATION LIST
 12. TEST OUTPUT
 13. RESULTS (PART 1)
 14. RESULTS (PART 2)



1150813P                                                                                            PROGRAM GPSEST   28-SEP-17 14:04
 GPSEST FINALL 2015 2251                                                                            BERNESE GPS SOFTWARE VERSION 5.0
 -----------------------------------------------------------------------------------------------------------------------------------


 INPUT AND OUTPUT FILENAMES
 --------------------------

 -----------------------------------------------------------------------------------------------------------------------------------
 Session table               : D:/GPSC\150813P\STA\SESSIONS.SES
 General constants           : ${X}/GEN\CONST.
 Geodetic datum              : ${X}/GEN\DATUM.
 Station information         :  ---
 Earth rotation parameters   : D:/GPSC\150813P\ORB\C04_2015.ERP
 Subdaily pole model         : ${X}/GEN\IERS2000.SUB
 Nutation model              : ${X}/GEN\IAU2000.NUT
 Satellite information       : ${X}/GEN\SATELLIT.
 Receiver information        : ${X}/GEN\RECEIVER.
 Satellite problems          : ${X}/GEN\SAT_2015.CRX
 Phase center eccentricities : ${X}/GEN\PHAS_PRO.01
 SINEX general input file    : ${X}/GEN\SINEX.
 IONEX control file          : ${X}/GEN\IONEX.
 Difference GPS-UTC          :  ---
 A priori station coordinates: D:/GPSC\150813P\STA\GPS_RES.CRD
 GNSS standard orbits        : D:/GPSC\150813P\ORB\20152251.STD
 GNSS orbit partials         :  ---
 Ionosphere models           :  ---
 Troposphere estimates       :  ---
 Station sigma factors       :  ---
 Station eccentricities      :  ---
 Ocean loading tables        :  ---
 GNSS clock corrections      :  ---
 Differential code biases    :  ---
 Receiver antenna orientation:  ---
 Kinematic coordinates       :  ---
 Kinematic velocities        :  ---
 Standard orbit(s)           :  ---
 Orbit partials              :  ---
 Attitude data               :  ---
 Precise orbit(s)            :  ---
 LEO orbital elements        :  ---
 Station coordinates         : D:/GPSC\150813P\STA\FN152251.CRD
 GNSS orbital elements       :  ---
 Troposphere estimates       :  ---
 Troposphere SINEX           :  ---
 Ionosphere models           :  ---
 IONEX                       :  ---
 Residuals                   :  ---
 Coordinate covariance matrix:  ---
 Full covariance matrix      :  ---
 Normal equations            : D:/GPSC\150813P\SOL\FN152251.NQ0
 Bernese ERP file            :  ---
 IERS ERP file               :  ---
 GNSS clock corrections      :  ---
 Clock RINEX                 :  ---
 Kinematic coordinates       :  ---
 Differential code biases    :  ---
 Phase center variations (gri:  ---
 Phase center variations (har:  ---
 Scratch file                : ${U}/WORK\GPSEST.SCR
 Scratch files               : ${U}/WORK\GPSEST.SC1
 Program output              : D:/GPSC\150813P\OUT\FN152251.OUT
 Error message               : ${U}/WORK\ERROR.MSG
 -----------------------------------------------------------------------------------------------------------------------------------




1150813P                                                                                            PROGRAM GPSEST   28-SEP-17 14:04
 GPSEST FINALL 2015 2251                                                                            BERNESE GPS SOFTWARE VERSION 5.0
 -----------------------------------------------------------------------------------------------------------------------------------


 1. CAMPAIGNS
 ------------
 
 CAMPAIGN NAME      NUM STATION NAME       NUM STATION NAME       NUM STATION NAME       NUM STATION NAME       NUM STATION NAME
 -----------------------------------------------------------------------------------------------------------------------------------

 150813P         :    1 AKND                 2 YCDP            

 
 2. OBSERVATION FILES
 --------------------

 -----------------------------------------------------------------------------------------------------------------------------------
 150813P         
 -----------------------------------------------------------------------------------------------------------------------------------

 MAIN CHARACTERISTICS:
 --------------------
 
 FILE  OBSERVATION FILE HEADER          OBSERVATION FILE                  SESS     RECEIVER 1            RECEIVER 2
 -----------------------------------------------------------------------------------------------------------------------------------

    1  D:/GPSC\150813P\OBS\AKYC2251.PSH D:/GPSC\150813P\OBS\AKYC2251.PSO  2251     TRIMBLE 5700          LEICA GR10          
 
                                                                                                       AMB.I.+S.      #CLUSTERS
 FILE TYP FREQ.  STATION 1        STATION 2        SESS  FIRST OBSERV.TIME  #EPO  DT #EF #CLK ARC #SAT  W 12    #AMB  L1  L2  L5  RM
 -----------------------------------------------------------------------------------------------------------------------------------

    1  P  L3     AKND             YCDP             2251  15-08-13  0:00:00  2880  30   0  E E  1   31   N  Y  N   61  18  18  61   0
 
 
 SATELLITES:
 ----------
 
 FILE  #SAT  SATELLITES
 -----------------------------------------------------------------------------------------------------------------------------------

    1   31     1   2   3   4   5   6   7   8   9  11  12  13  14  15  16  17  18  19  20  21  22  23  24  25  26  27  28  29  30  31
              32
 
 
 OBSERVATION SELECTION:
 ---------------------

 SAMPLING RATE           :    0 SEC
 ELEVATION CUT-OFF ANGLE :    3 DEGREES
 SATELLITE SYSTEM        : GPS    
 SPECIAL DATA SELECTION  : NO           


1150813P                                                                                            PROGRAM GPSEST   28-SEP-17 14:04
 GPSEST FINALL 2015 2251                                                                            BERNESE GPS SOFTWARE VERSION 5.0
 -----------------------------------------------------------------------------------------------------------------------------------


 3. GENERAL OPTIONS
 ------------------
 
 TIDAL CORRECTION OF STATION COORDINATES :   IERS CONVENTIONS 2000
 
 
 A PRIORI SIGMA OF UNIT WEIGHT:
 -----------------------------

 A PRIORI SIGMA OF UNIT WEIGHT           :   0.002 M  (SIGMA OF ONE-WAY L1 PHASE OBSERVABLE)

 MODEL FOR ELEVATION-DEPENDENT WEIGHTING :   NONE

 POLARIZATION EFFECT                     :   NOT CONSIDERED
 
 
 CORRELATIONS AND SESSIONS:
 -------------------------

 STRATEGY       : CORRELATIONS CORRECTLY MODELLED
 TIME INTERVAL  :    0.10000 SEC (TO IDENTIFY EPOCH)
 
 SESS  #FILE  FILE NUMBERS
 -----------------------------------------------------------------------------------------------------------------------------------

 2251    1      1
 
 
 AMBIGUITY RESOLUTION STRATEGY:
 -----------------------------

 AMBIGUITIES PRE-ELIMINATED EVERY EPOCH
 
 
 SYNCHRONIZATION ERRORS:
 ----------------------

 STRATEGY       : SYNCHRONIZATION ERRORS NOT APPLIED


 4. STATIONS
 -----------

 Local geodetic datum:                      ${X}/GEN\DATUM.
 
 Datum name         Ell. param./ Scale      Shifts to WGS-84       Rotations to WGS-84
 -----------------------------------------------------------------------------------------------------------------------------------
 ITRF2008           A  =  6378137.000 m     DX =      0.0000 m     RX =     0.00000 arcsec
                    1/F=  298.2572221       DY =      0.0000 m     RY =     0.00000 arcsec
                    SC =  0.00000D+00       DZ =      0.0000 m     RZ =     0.00000 arcsec


 A priori station coordinates:              D:/GPSC\150813P\STA\GPS_RES.CRD

                                            A priori station coordinates                      A priori station coordinates
                                                      WGS-84                              Ellipsoidal in local geodetic datum
 -----------------------------------------------------------------------------------------------------------------------------------
 num  Station name     obs e/f/h    X (m)           Y (m)           Z (m)           Latitude           Longitude          Height (m)
 -----------------------------------------------------------------------------------------------------------------------------------
   1  AKND              Y  ESTIM   -2973031.7000    5076081.7224    2456680.9398     22 48 11.945963    120 21 26.133212     66.4080
   2  YCDP              Y  ESTIM   -2972844.1794    5078166.8970    2452574.1121     22 45 47.398816    120 20 43.521362     47.6868


 A priori sigma:                            D:/GPSC\150813P\STA\FIXSTA.SIG

                            Station coordinates a priori sigma
                                 in local geodetic datum
 -----------------------------------------------------------------------------------------------------------------------------------
 num  Station name          N (m)        E (m)        U (m)
 -----------------------------------------------------------------------------------------------------------------------------------
   1  AKND                  0.00010      0.00010      0.00010




1150813P                                                                                            PROGRAM GPSEST   28-SEP-17 14:04
 GPSEST FINALL 2015 2251                                                                            BERNESE GPS SOFTWARE VERSION 5.0
 -----------------------------------------------------------------------------------------------------------------------------------


 5. SATELLITE ORBITS
 -------------------
 
 ARC CHARACTERISTICS:
 -------------------
 
 ARC  START OF ARC       END OF ARC         SOURCE      #SAT SATELLITES
 -----------------------------------------------------------------------------------------------------------------------------------

   1  15-08-13 00:00:00  15-08-14 00:00:00  PR2015.225   30    1   2   3   4   5   6   7   8   9  11  12  13  14  15  16  17  18  20
                                                              21  22  23  24  25  26  27  28  29  30  31  32
 
 
 OSCULATING ELEMENTS:                       D:/GPSC\150813P\ORB\20152251.STD
 -------------------

 REFERENCE SYSTEM:  J2000.0
 REFERENCE EPOCH :  57247.0000000 MJD   (2015  8 13  0  0  0.00)
 
 SAT   S.MAJ.AXIS   ECCENTRIC.    INCLINAT.      NODE       PERIGEE     M. ANOMALY   PER.PASS.TIME
 -----------------------------------------------------------------------------------------------------------------------------------

   1   26558367.2   0.00461935    55.251540   127.456145    26.043685  -117.364084   57247.1625294
   2   26560191.5   0.01469205    54.031578   125.206747   231.576720   -86.265442   57247.1194754
   3   26560853.2   0.00074338    54.946068  -172.957786  -143.895384    -9.476448   57247.0131251
   4   26558916.7   0.01172876    53.976879   126.075393    62.341485  -129.522817   57247.1793728
   5   26558252.1   0.00424497    54.211138  -173.422194    21.766668    56.987365   57246.9210826
   6   26563518.9   0.00021838    55.247009   126.970585   156.074412    20.037808   57246.9722429
   7   26560187.7   0.00885986    55.501373   -51.426617   203.780338  -153.347511   57247.2123822
   8   26560499.2   0.00135009    55.082513    66.917500  -102.097117    89.362147   57246.8762336
   9   26560079.8   0.00038070    54.720626  -113.177980   164.280243   -49.465498   57247.0685080
  11   26560032.6   0.01619347    51.314993   107.063922    82.312179  -150.425591   57247.2083336
  12   26560290.5   0.00551944    56.736895     9.884544  -323.322128   176.408383   57246.7556777
  13   26562039.7   0.00479919    55.676911  -106.502747   119.453648  -107.342333   57247.1486818
  14   26558577.1   0.00840102    55.244109  -108.517949  -112.633536     3.611382   57246.9949988
  15   26562115.0   0.00732870    53.338832  -115.788965    22.440092   -34.435968   57247.0476981
  16   26557848.6   0.00804879    56.766737    10.954971    18.127944    60.886916   57246.9156844
  17   26557959.9   0.01025501    55.837479    69.702779  -115.083212     3.242153   57246.9955103
  18   26561360.1   0.01637835    52.988814  -174.277866  -110.950764    93.192682   57246.8709221
  20   26560351.3   0.00482969    53.064503  -177.267597    68.646778   -31.242173   57247.0432700
  21   26561619.4   0.02249424    53.634888   126.012893  -108.062318   151.624707   57246.7899868
  22   26560392.5   0.00805753    52.862464  -174.219845  -116.647628    66.097417   57246.9084558
  23   26559993.0   0.01047372    54.206754  -112.725522   208.528923   -61.005332   57247.0844898
  24   26558452.3   0.00331807    54.532389   -53.844854    19.937808  -103.817994   57247.1437711
  25   26561557.2   0.00460678    56.073673     7.162061  -316.277147   138.033464   57246.8088125
  26   26558488.6   0.00021495    55.044875     6.938358    61.493655    45.396143   57246.9371336
  27   26561857.5   0.00266739    55.544947    66.940917    18.482118     2.738141   57246.9962074
  28   26560893.2   0.01962344    56.689988    11.254789   -95.178978    52.692996   57246.9270187
  29   26559762.4   0.00103562    55.888390    70.240445   -25.990556   146.162537   57246.7975736
  30   26562061.8   0.00164636    54.689859   -48.661259   173.708333  -153.066082   57247.2120149
  31   26561035.0   0.00798751    55.782636   -50.965503   329.799840  -157.416420   57247.2180280
  32   26560091.4   0.01131808    54.225548  -168.324429     5.417600  -127.910119   57247.1771512
 
 
 SATELLITE PROBLEMS:
 ------------------
 
 SAT  PROBLEM TYPE     ACTION         FROM               TO
 -----------------------------------------------------------------------------------------------------------------------------------

  19  MANOEUVRE        NEW SAT. 69    15-08-13 05:28:36                   
  10  BAD PHASE+CODE   OBS. REMOVED   15-08-04 00:00:00  15-09-17 23:59:59
  37  BAD PHASE+CODE   OBS. REMOVED   11-07-13 00:00:00  99-12-31 23:59:59
 125  BAD PHASE+CODE   OBS. REMOVED   13-07-30 00:00:00  99-12-31 23:59:59
 126  BAD PHASE+CODE   OBS. REMOVED   13-02-26 00:00:00  15-11-15 23:59:59
 127  BAD PHASE+CODE   OBS. REMOVED   14-11-30 00:00:00  99-12-31 23:59:59
 322  BAD PHASE+CODE   OBS. REMOVED   13-02-26 00:00:00  99-12-31 23:59:59


1150813P                                                                                            PROGRAM GPSEST   28-SEP-17 14:04
 GPSEST FINALL 2015 2251                                                                            BERNESE GPS SOFTWARE VERSION 5.0
 -----------------------------------------------------------------------------------------------------------------------------------


 6. ATMOSPHERE
 -------------

 TROPOSPHERE MODEL
 -----------------

 A priori troposphere model: Niell, dry part only
 Meteo/Trop.delay values   : Extrapolated

 Reference height :     0.00 m    Temperature at ref. height:    25.00 C
                                  Pressure    at ref. height:  1013.25 mbar
                                  Humidity    at ref. height:    70.00 %


 SITE-SPECIFIC TROPOSPHERE PARAMETERS
 ------------------------------------

 Mapping function used for delay estimation:  Wet Niell
 Troposphere gradient estimation           :  Tilted mapping

 Par   Station name       Reference epoch       sig_n (m)  sig_e (m)  sig_u (m)    abs/rel
 -----------------------------------------------------------------------------------------------------------------------------------

    1  AKND               2015 08 13 00 00 00     0.00000    0.00000    0.00000      abs
    2  AKND               2015 08 13 02 00 00                           0.00000      rel
    3  AKND               2015 08 13 04 00 00                           0.00000      rel
    4  AKND               2015 08 13 06 00 00                           0.00000      rel
    5  AKND               2015 08 13 08 00 00                           0.00000      rel
    6  AKND               2015 08 13 10 00 00                           0.00000      rel
    7  AKND               2015 08 13 12 00 00                           0.00000      rel
    8  AKND               2015 08 13 14 00 00                           0.00000      rel
    9  AKND               2015 08 13 16 00 00                           0.00000      rel
   10  AKND               2015 08 13 18 00 00                           0.00000      rel
   11  AKND               2015 08 13 20 00 00                           0.00000      rel
   12  AKND               2015 08 13 22 00 00                           0.00000      rel
   13  AKND               2015 08 14 00 00 00     0.00000    0.00000    0.00000      rel
   14  YCDP               2015 08 13 00 00 00     0.00000    0.00000    0.00000      abs
   15  YCDP               2015 08 13 02 00 00                           0.00000      rel
   16  YCDP               2015 08 13 04 00 00                           0.00000      rel
   17  YCDP               2015 08 13 06 00 00                           0.00000      rel
   18  YCDP               2015 08 13 08 00 00                           0.00000      rel
   19  YCDP               2015 08 13 10 00 00                           0.00000      rel
   20  YCDP               2015 08 13 12 00 00                           0.00000      rel
   21  YCDP               2015 08 13 14 00 00                           0.00000      rel
   22  YCDP               2015 08 13 16 00 00                           0.00000      rel
   23  YCDP               2015 08 13 18 00 00                           0.00000      rel
   24  YCDP               2015 08 13 20 00 00                           0.00000      rel
   25  YCDP               2015 08 13 22 00 00                           0.00000      rel
   26  YCDP               2015 08 14 00 00 00     0.00000    0.00000    0.00000      rel
 
 
 IONOSPHERE MODELS:                          
 -----------------

 NO IONOSPHERE MODELS APPLIED


1150813P                                                                                            PROGRAM GPSEST   28-SEP-17 14:04
 GPSEST FINALL 2015 2251                                                                            BERNESE GPS SOFTWARE VERSION 5.0
 -----------------------------------------------------------------------------------------------------------------------------------


 8. POLE COORDINATES AND TIME INFORMATION
 ----------------------------------------
 
 A PRIORI POLE AND TIME INFORMATION FROM THE POLE FILE:
 -----------------------------------------------------
 
 DATUM       TIME       X-POLE (")  Y-POLE (")  UT1-UTC (S) GPS-UTC (S)  RMS XP (")  RMS YP (")  RMS DT (S)
                        EP-CPO (")  PS-CPO (")                           RMS EP (")  RMS PS (")
 -----------------------------------------------------------------------------------------------------------------------------------

 15-08-13 00:00:00     0.21372     0.40143     0.290903       17.        0.00004     0.00004     0.000006
                       0.00000     0.00000                               0.00002     0.00005
 15-08-14 00:00:00     0.21533     0.39959     0.290181       17.        0.00004     0.00004     0.000006
                       0.00000     0.00000                               0.00002     0.00004

 NUTATION MODEL:           NO              
 SUBDAILY POLE MODEL:      RAY             



1150813P                                                                                            PROGRAM GPSEST   28-SEP-17 14:04
 GPSEST FINALL 2015 2251                                                                            BERNESE GPS SOFTWARE VERSION 5.0
 -----------------------------------------------------------------------------------------------------------------------------------


 12. TEST OUTPUT
 ---------------
 
 MIN. AND MAX. ELEVATION/NADIR ANGLES AND MAX. SYNCHRONIZATION ERRORS:
 --------------------------------------------------------------------
 
 SESS  FILE  STATION NAME 1    STATION NAME 2    MIN/MAX ELEV.  MIN/MAX NADIR  SYNCH. ERR. (NS)
 -----------------------------------------------------------------------------------------------------------------------------------

 2251    1   AKND              YCDP                9.8  89.1      0.2  14.0               0.0


1150813P                                                                                            PROGRAM GPSEST   28-SEP-17 14:04
 GPSEST FINALL 2015 2251                                                                            BERNESE GPS SOFTWARE VERSION 5.0
 -----------------------------------------------------------------------------------------------------------------------------------


 13. RESULTS (PART 1)
 --------------------
 
 NUMBER OF PARAMETERS (PART 1):
 -----------------------------
 
 PARAMETER TYPE                                     #PARAMETERS   #PRE-ELIMINATED        #SET-UP  #NO-OBS  #REF     #SINGULAR
 -----------------------------------------------------------------------------------------------------------------------------------

 STATION COORDINATES                                      6           0                      6        0        0        0
 AMBIGUITIES                                             15          15  (BEFORE INV)       18        3        0        1
 SITE-SPECIFIC TROPOSPHERE PARAMETERS                    34          34  (AFTER INV)        34        0        0        0
 
 -----------------------------------------------------------------------------------------------------------------------------------
 TOTAL NUMBER OF PARAMETERS                              55          49                     58        3        0        1
 -----------------------------------------------------------------------------------------------------------------------------------
 
 
 NUMBER OF OBSERVATIONS (PART 1):
 -------------------------------
 
 TYPE         FREQUENCY         FILE              #OBSERVATIONS
 -----------------------------------------------------------------------------------------------------------------------------------

 PHASE           L3              ALL                  21751
 
 -----------------------------------------------------------------------------------------------------------------------------------
 TOTAL NUMBER OF OBSERVATIONS                         21751
 -----------------------------------------------------------------------------------------------------------------------------------
 
 
 A POSTERIORI SIGMA OF UNIT WEIGHT (PART 1):
 ------------------------------------------

 A POSTERIORI SIGMA OF UNIT WEIGHT  :    0.0034 M  (SIGMA OF ONE-WAY L1 PHASE OBSERVABLE)

 DEGREE OF FREEDOM (DOF)            :     21697
 CHI**2/DOF                         :      2.86


1150813P                                                                                            PROGRAM GPSEST   28-SEP-17 14:04
 GPSEST FINALL 2015 2251                                                                            BERNESE GPS SOFTWARE VERSION 5.0
 -----------------------------------------------------------------------------------------------------------------------------------


 STATION COORDINATES:                       D:/GPSC\150813P\STA\FN152251.CRD
 -------------------
 
 NUM  STATION NAME     PARAMETER    A PRIORI VALUE       NEW VALUE     NEW- A PRIORI  RMS ERROR   3-D ELLIPSOID       2-D ELLIPSE
 -----------------------------------------------------------------------------------------------------------------------------------

   1  AKND             X            -2973031.7000      -2973031.7000      0.0000      0.0002               
                       Y             5076081.7224       5076081.7224      0.0000      0.0002               
                       Z             2456680.9398       2456680.9398      0.0000      0.0002               

                       HEIGHT             66.4080            66.4080      0.0000      0.0002      0.0002    0.0
                       LATITUDE     22 48 11.945963    22 48 11.945963    0.0000      0.0002      0.0002   90.0      0.0002   90.0
                       LONGITUDE   120 21 26.133212   120 21 26.133212    0.0000      0.0002      0.0002    0.0      0.0002

   2  YCDP             X            -2972844.1794      -2972844.1699      0.0095      0.0006               
                       Y             5078166.8970       5078166.8713     -0.0257      0.0012               
                       Z             2452574.1121       2452574.1062     -0.0059      0.0012               

                       HEIGHT             47.6868            47.6597     -0.0272      0.0012      0.0012   19.5
                       LATITUDE     22 45 47.398816    22 45 47.398977    0.0050      0.0013      0.0003  105.9      0.0003  105.8
                       LONGITUDE   120 20 43.521362   120 20 43.521529    0.0048      0.0005      0.0013    0.2      0.0013


1150813P                                                                                            PROGRAM GPSEST   28-SEP-17 14:04
 GPSEST FINALL 2015 2251                                                                            BERNESE GPS SOFTWARE VERSION 5.0
 -----------------------------------------------------------------------------------------------------------------------------------


 SITE-SPECIFIC TROPOSPHERE PARAMETERS:      (NOT SAVED)
 ------------------------------------

 REFERENCE ELEVATION ANGLE OF GRADIENT TERMS :   51.8 DEGREES
 MINIMUM ELEVATION ANGLE                     :    3.0 DEGREES
 MAPPING FACTOR AT MINIMUM ELEVATION ANGLE   :  364.6

                               CORRECTIONS (M)             RMS ERRORS (M)             ZENITH VECTOR (")         ERROR ELLIPSE (M)   
 REQU. STATION NAME        NORTH    EAST    ZENITH     NORTH    EAST    ZENITH     ANGLE   RMS   RATIO  AZI   MAX RMS  MIN RMS  AZI 
 -----------------------------------------------------------------------------------------------------------------------------------

    1  AKND               0.11701 -0.06417-37.77025   0.01337  0.01200  4.88900      0.0    0.0    0.0  151   0.01376  0.01155  154
    2  AKND               0.13119 -0.05249-34.40618   0.01172  0.01046  4.81039      0.0    0.0    0.0  158   0.01201  0.01013  156
    3  AKND               0.14537 -0.04081-33.72658   0.01024  0.00904  4.77188      0.0    0.0    0.0  164   0.01045  0.00879  158
    4  AKND               0.15955 -0.02913-30.28221   0.00901  0.00779  4.71175      0.0    0.0    0.0  170   0.00918  0.00759  160
    5  AKND               0.17373 -0.01745-28.78860   0.00817  0.00680  4.70187      0.0    0.0    0.0  174   0.00833  0.00660  161
    6  AKND               0.18791 -0.00577-24.37184   0.00782  0.00622  4.67176      0.0    0.0    0.0  178   0.00802  0.00595  160
    7  AKND               0.20209  0.00591-24.11794   0.00803  0.00615  4.70057      0.0    0.0    0.0  182   0.00833  0.00575  159
    8  AKND               0.21627  0.01759-19.59146   0.00877  0.00662  4.69648      0.0    0.0    0.0  185   0.00919  0.00602  157
    9  AKND               0.23045  0.02926-19.08207   0.00991  0.00751  4.73823      0.0    0.0    0.0  187   0.01047  0.00671  155
   10  AKND               0.24463  0.04094-14.32881   0.01134  0.00870  4.77550      0.0    0.0    0.0  190   0.01204  0.00771  154
   11  AKND               0.25881  0.05262-13.97118   0.01296  0.01009  4.84433      0.0    0.0    0.0  191   0.01380  0.00891  153
   12  AKND               0.27299  0.06430-10.82258   0.01470  0.01161  4.90667      0.0    0.0    0.0  193   0.01568  0.01025  153
   13  AKND               0.28717  0.07598-11.20339   0.01654  0.01320  5.06366      0.0    0.0    0.0  195   0.01765  0.01168  152
   14  YCDP               0.14546 -0.05631-37.77394   0.01381  0.01198  4.88902      0.0    0.0    0.0  159   0.01410  0.01163  159
   15  YCDP               0.15777 -0.04514-34.41458   0.01213  0.01044  4.81047      0.0    0.0    0.0  164   0.01235  0.01018  161
   16  YCDP               0.17008 -0.03398-33.73088   0.01063  0.00901  4.77190      0.0    0.0    0.0  169   0.01079  0.00882  163
   17  YCDP               0.18239 -0.02281-30.29096   0.00938  0.00775  4.71176      0.0    0.0    0.0  173   0.00951  0.00759  164
   18  YCDP               0.19470 -0.01164-28.79504   0.00850  0.00676  4.70191      0.0    0.0    0.0  177   0.00864  0.00658  164
   19  YCDP               0.20701 -0.00047-24.38244   0.00812  0.00617  4.67180      0.0    0.0    0.0  180   0.00831  0.00590  162
   20  YCDP               0.21932  0.01070-24.12742   0.00830  0.00609  4.70060      0.0    0.0    0.0  183   0.00859  0.00568  160
   21  YCDP               0.23163  0.02187-19.60185   0.00901  0.00655  4.69652      0.0    0.0    0.0  185   0.00942  0.00594  158
   22  YCDP               0.24394  0.03303-19.08978   0.01013  0.00744  4.73826      0.0    0.0    0.0  188   0.01069  0.00662  156
   23  YCDP               0.25626  0.04420-14.33321   0.01156  0.00864  4.77552      0.0    0.0    0.0  190   0.01225  0.00763  155
   24  YCDP               0.26857  0.05537-13.98647   0.01318  0.01003  4.84439      0.0    0.0    0.0  192   0.01401  0.00884  154
   25  YCDP               0.28088  0.06654-10.83190   0.01494  0.01154  4.90677      0.0    0.0    0.0  193   0.01590  0.01019  154
   26  YCDP               0.29319  0.07771-11.21400   0.01679  0.01314  5.06374      0.0    0.0    0.0  195   0.01788  0.01162  153


1150813P                                                                                            PROGRAM GPSEST   28-SEP-17 14:04
 GPSEST FINALL 2015 2251                                                                            BERNESE GPS SOFTWARE VERSION 5.0
 -----------------------------------------------------------------------------------------------------------------------------------


 RMS ERRORS OF ELLIPS. COORDINATES AND COORDINATE DIFFER. IN MM   (PART 1):
 -------------------------------------------------------------------------

 ---------------------------
 | NUM |   |     1      2  |
 ---------------------------
 |     | B |    0.2    1.3 |
 |   1 | L |    0.2    0.4 |
 |     | H |    0.2    1.2 |
 |     |   |               |
 |     | B |    1.3    1.3 |
 |   2 | L |    0.4    0.5 |
 |     | H |    1.2    1.2 |
 ---------------------------


1150813P                                                                                            PROGRAM GPSEST   28-SEP-17 14:04
 GPSEST FINALL 2015 2251                                                                            BERNESE GPS SOFTWARE VERSION 5.0
 -----------------------------------------------------------------------------------------------------------------------------------


 SLOPE DISTANCES AND RMS ERRORS IN M  (PART 1):
 ---------------------------------------------

 -------------------------
 | NUM |   |       2 N   |
 -------------------------
 |   1 | O |   4609.6801 |
 |   N | N |   4609.6742 |
 |     |RMS|      0.0013 |
 -------------------------
