 
 ===================================================================================================================================
 Program : GPSEST                                                                                  Bernese GPS Software Version 5.0
 Purpose : Parameter estimation
 Campaign: D:/GPSC\150812P                                                                         Default session: 2241 year 2015
 Date    : 28-Sep-2017 14:04                                                                       User name      : Pei-Ching
 ===================================================================================================================================


 GPSEST FINALL 2015 2241
 -----------------------------------------------------------------------------------------------------------------------------------




1150812P                                                                                            PROGRAM GPSEST   28-SEP-17 14:04
 GPSEST FINALL 2015 2241                                                                            BERNESE GPS SOFTWARE VERSION 5.0
 -----------------------------------------------------------------------------------------------------------------------------------


 TABLE OF CONTENTS
 -----------------
 
  1. CAMPAIGNS
  2. OBSERVATION FILES
  3. GENERAL OPTIONS
  4. STATIONS
  5. SATELLITE ORBITS
  6. ATMOSPHERE
  7. CLOCK PARAMETERS
  8. POLE COORDINATES AND TIME INFORMATION
  9. ANTENNA PHASE CENTERS
 10. CONSTANTS
 11. PARAMETER CHARACTERIZATION LIST
 12. TEST OUTPUT
 13. RESULTS (PART 1)
 14. RESULTS (PART 2)



1150812P                                                                                            PROGRAM GPSEST   28-SEP-17 14:04
 GPSEST FINALL 2015 2241                                                                            BERNESE GPS SOFTWARE VERSION 5.0
 -----------------------------------------------------------------------------------------------------------------------------------


 INPUT AND OUTPUT FILENAMES
 --------------------------

 -----------------------------------------------------------------------------------------------------------------------------------
 Session table               : D:/GPSC\150812P\STA\SESSIONS.SES
 General constants           : ${X}/GEN\CONST.
 Geodetic datum              : ${X}/GEN\DATUM.
 Station information         :  ---
 Earth rotation parameters   : D:/GPSC\150812P\ORB\C04_2015.ERP
 Subdaily pole model         : ${X}/GEN\IERS2000.SUB
 Nutation model              : ${X}/GEN\IAU2000.NUT
 Satellite information       : ${X}/GEN\SATELLIT.
 Receiver information        : ${X}/GEN\RECEIVER.
 Satellite problems          : ${X}/GEN\SAT_2015.CRX
 Phase center eccentricities : ${X}/GEN\PHAS_PRO.01
 SINEX general input file    : ${X}/GEN\SINEX.
 IONEX control file          : ${X}/GEN\IONEX.
 Difference GPS-UTC          :  ---
 A priori station coordinates: D:/GPSC\150812P\STA\GPS_RES.CRD
 GNSS standard orbits        : D:/GPSC\150812P\ORB\20152241.STD
 GNSS orbit partials         :  ---
 Ionosphere models           :  ---
 Troposphere estimates       :  ---
 Station sigma factors       :  ---
 Station eccentricities      :  ---
 Ocean loading tables        :  ---
 GNSS clock corrections      :  ---
 Differential code biases    :  ---
 Receiver antenna orientation:  ---
 Kinematic coordinates       :  ---
 Kinematic velocities        :  ---
 Standard orbit(s)           :  ---
 Orbit partials              :  ---
 Attitude data               :  ---
 Precise orbit(s)            :  ---
 LEO orbital elements        :  ---
 Station coordinates         : D:/GPSC\150812P\STA\FN152241.CRD
 GNSS orbital elements       :  ---
 Troposphere estimates       :  ---
 Troposphere SINEX           :  ---
 Ionosphere models           :  ---
 IONEX                       :  ---
 Residuals                   :  ---
 Coordinate covariance matrix:  ---
 Full covariance matrix      :  ---
 Normal equations            : D:/GPSC\150812P\SOL\FN152241.NQ0
 Bernese ERP file            :  ---
 IERS ERP file               :  ---
 GNSS clock corrections      :  ---
 Clock RINEX                 :  ---
 Kinematic coordinates       :  ---
 Differential code biases    :  ---
 Phase center variations (gri:  ---
 Phase center variations (har:  ---
 Scratch file                : ${U}/WORK\GPSEST.SCR
 Scratch files               : ${U}/WORK\GPSEST.SC1
 Program output              : D:/GPSC\150812P\OUT\FN152241.OUT
 Error message               : ${U}/WORK\ERROR.MSG
 -----------------------------------------------------------------------------------------------------------------------------------




1150812P                                                                                            PROGRAM GPSEST   28-SEP-17 14:04
 GPSEST FINALL 2015 2241                                                                            BERNESE GPS SOFTWARE VERSION 5.0
 -----------------------------------------------------------------------------------------------------------------------------------


 1. CAMPAIGNS
 ------------
 
 CAMPAIGN NAME      NUM STATION NAME       NUM STATION NAME       NUM STATION NAME       NUM STATION NAME       NUM STATION NAME
 -----------------------------------------------------------------------------------------------------------------------------------

 150812P         :    1 AKND                 2 YCDP            

 
 2. OBSERVATION FILES
 --------------------

 -----------------------------------------------------------------------------------------------------------------------------------
 150812P         
 -----------------------------------------------------------------------------------------------------------------------------------

 MAIN CHARACTERISTICS:
 --------------------
 
 FILE  OBSERVATION FILE HEADER          OBSERVATION FILE                  SESS     RECEIVER 1            RECEIVER 2
 -----------------------------------------------------------------------------------------------------------------------------------

    1  D:/GPSC\150812P\OBS\AKYC2241.PSH D:/GPSC\150812P\OBS\AKYC2241.PSO  2241     TRIMBLE 5700          LEICA GR10          
 
                                                                                                       AMB.I.+S.      #CLUSTERS
 FILE TYP FREQ.  STATION 1        STATION 2        SESS  FIRST OBSERV.TIME  #EPO  DT #EF #CLK ARC #SAT  W 12    #AMB  L1  L2  L5  RM
 -----------------------------------------------------------------------------------------------------------------------------------

    1  P  L3     AKND             YCDP             2241  15-08-12  0:00:00  2880  30   0  E E  1   31   N  Y  N   57  15  15  57   0
 
 
 SATELLITES:
 ----------
 
 FILE  #SAT  SATELLITES
 -----------------------------------------------------------------------------------------------------------------------------------

    1   31     1   2   3   4   5   6   7   8   9  11  12  13  14  15  16  17  18  19  20  21  22  23  24  25  26  27  28  29  30  31
              32
 
 
 OBSERVATION SELECTION:
 ---------------------

 SAMPLING RATE           :    0 SEC
 ELEVATION CUT-OFF ANGLE :    3 DEGREES
 SATELLITE SYSTEM        : GPS    
 SPECIAL DATA SELECTION  : NO           


1150812P                                                                                            PROGRAM GPSEST   28-SEP-17 14:04
 GPSEST FINALL 2015 2241                                                                            BERNESE GPS SOFTWARE VERSION 5.0
 -----------------------------------------------------------------------------------------------------------------------------------


 3. GENERAL OPTIONS
 ------------------
 
 TIDAL CORRECTION OF STATION COORDINATES :   IERS CONVENTIONS 2000
 
 
 A PRIORI SIGMA OF UNIT WEIGHT:
 -----------------------------

 A PRIORI SIGMA OF UNIT WEIGHT           :   0.002 M  (SIGMA OF ONE-WAY L1 PHASE OBSERVABLE)

 MODEL FOR ELEVATION-DEPENDENT WEIGHTING :   NONE

 POLARIZATION EFFECT                     :   NOT CONSIDERED
 
 
 CORRELATIONS AND SESSIONS:
 -------------------------

 STRATEGY       : CORRELATIONS CORRECTLY MODELLED
 TIME INTERVAL  :    0.10000 SEC (TO IDENTIFY EPOCH)
 
 SESS  #FILE  FILE NUMBERS
 -----------------------------------------------------------------------------------------------------------------------------------

 2241    1      1
 
 
 AMBIGUITY RESOLUTION STRATEGY:
 -----------------------------

 AMBIGUITIES PRE-ELIMINATED EVERY EPOCH
 
 
 SYNCHRONIZATION ERRORS:
 ----------------------

 STRATEGY       : SYNCHRONIZATION ERRORS NOT APPLIED


 4. STATIONS
 -----------

 Local geodetic datum:                      ${X}/GEN\DATUM.
 
 Datum name         Ell. param./ Scale      Shifts to WGS-84       Rotations to WGS-84
 -----------------------------------------------------------------------------------------------------------------------------------
 ITRF2008           A  =  6378137.000 m     DX =      0.0000 m     RX =     0.00000 arcsec
                    1/F=  298.2572221       DY =      0.0000 m     RY =     0.00000 arcsec
                    SC =  0.00000D+00       DZ =      0.0000 m     RZ =     0.00000 arcsec


 A priori station coordinates:              D:/GPSC\150812P\STA\GPS_RES.CRD

                                            A priori station coordinates                      A priori station coordinates
                                                      WGS-84                              Ellipsoidal in local geodetic datum
 -----------------------------------------------------------------------------------------------------------------------------------
 num  Station name     obs e/f/h    X (m)           Y (m)           Z (m)           Latitude           Longitude          Height (m)
 -----------------------------------------------------------------------------------------------------------------------------------
   1  AKND              Y  ESTIM   -2973031.7000    5076081.7224    2456680.9398     22 48 11.945963    120 21 26.133212     66.4080
   2  YCDP              Y  ESTIM   -2972844.1787    5078166.8951    2452574.1128     22 45 47.398862    120 20 43.521375     47.6853


 A priori sigma:                            D:/GPSC\150812P\STA\FIXSTA.SIG

                            Station coordinates a priori sigma
                                 in local geodetic datum
 -----------------------------------------------------------------------------------------------------------------------------------
 num  Station name          N (m)        E (m)        U (m)
 -----------------------------------------------------------------------------------------------------------------------------------
   1  AKND                  0.00010      0.00010      0.00010




1150812P                                                                                            PROGRAM GPSEST   28-SEP-17 14:04
 GPSEST FINALL 2015 2241                                                                            BERNESE GPS SOFTWARE VERSION 5.0
 -----------------------------------------------------------------------------------------------------------------------------------


 5. SATELLITE ORBITS
 -------------------
 
 ARC CHARACTERISTICS:
 -------------------
 
 ARC  START OF ARC       END OF ARC         SOURCE      #SAT SATELLITES
 -----------------------------------------------------------------------------------------------------------------------------------

   1  15-08-12 00:00:00  15-08-13 00:00:00  PR2015.224   31    1   2   3   4   5   6   7   8   9  11  12  13  14  15  16  17  18  19
                                                              20  21  22  23  24  25  26  27  28  29  30  31  32
 
 
 OSCULATING ELEMENTS:                       D:/GPSC\150812P\ORB\20152241.STD
 -------------------

 REFERENCE SYSTEM:  J2000.0
 REFERENCE EPOCH :  57246.0000000 MJD   (2015  8 12  0  0  0.00)
 
 SAT   S.MAJ.AXIS   ECCENTRIC.    INCLINAT.      NODE       PERIGEE     M. ANOMALY   PER.PASS.TIME
 -----------------------------------------------------------------------------------------------------------------------------------

   1   26558391.0   0.00461933    55.250398   127.494735    25.955955  -119.327573   57246.1652488
   2   26560083.7   0.01468590    54.030458   125.246326   231.566638   -88.331850   57246.1223365
   3   26560954.3   0.00075496    54.943990  -172.917419  -143.899124   -11.547918   57246.0159943
   4   26558865.5   0.01172665    53.975714   126.115193    62.315668  -131.550807   57246.1821808
   5   26558317.9   0.00423909    54.209023  -173.380917    21.779208    54.894735   57245.9239803
   6   26563486.3   0.00021821    55.245882   127.008873   155.023847    19.095679   57245.9735481
   7   26560280.0   0.00885469    55.502076   -51.388385   203.742357  -155.343746   57246.2151481
   8   26560455.4   0.00135109    55.083881    66.958644  -102.193791    87.358116   57245.8790095
   9   26559979.6   0.00038359    54.722889  -113.137485   164.823555   -52.028846   57246.0720577
  11   26559968.6   0.01619352    51.315081   107.106645    82.284229  -152.420602   57246.2110959
  12   26560432.1   0.00551715    56.735767     9.924466  -323.337372   174.355996   57245.7585182
  13   26562105.5   0.00480035    55.679512  -106.463684   119.457317  -109.394621   57246.1515251
  14   26558621.0   0.00839546    55.246679  -108.478187  -112.649530     1.557957   57245.9978425
  15   26562084.7   0.00732398    53.340976  -115.747037    22.446113   -36.492637   57246.0505467
  16   26557926.8   0.00805208    56.765632    10.995042    18.172879    58.762886   57245.9186254
  17   26558040.1   0.01025444    55.839057    69.743199  -115.088379     1.148294   57245.9984098
  18   26561269.6   0.01638642    52.986608  -174.235492  -110.978280    91.139694   57245.8737662
  19   26562605.9   0.01165358    55.676600    72.567471    33.930069   -46.497766   57246.0644070
  20   26560471.2   0.00482942    53.062248  -177.225395    68.589718   -33.263988   57246.0460705
  21   26561703.9   0.02248765    53.633911   126.052879  -108.071678   149.628157   57245.7927512
  22   26560264.8   0.00806159    52.860227  -174.177274  -116.686286    64.081180   57245.9112489
  23   26559899.1   0.01047089    54.209000  -112.684589   208.503290   -63.075830   57246.0873569
  24   26558456.1   0.00331818    54.533168   -53.805588    19.901314  -105.834071   57246.1465630
  25   26561543.4   0.00461142    56.072422     7.202473  -316.275296   135.968438   57245.8116729
  26   26558424.3   0.00021721    55.043615     6.979935    61.411270    43.402432   57245.9398948
  27   26561977.7   0.00267195    55.546429    66.981609    18.388789     0.791162   57245.9989042
  28   26560727.7   0.01961984    56.688775    11.294849   -95.200260    50.674834   57245.9298146
  29   26559635.6   0.00104243    55.889790    70.280776   -26.368101   144.508988   57245.7998651
  30   26562109.0   0.00164366    54.690352   -48.622311   173.751561  -155.141841   57246.2148906
  31   26560977.4   0.00798746    55.783186   -50.927674   329.810480  -159.517496   57246.2209374
  32   26560225.9   0.01131101    54.223755  -168.283076     5.344224  -129.878695   57246.1798789
 
 
 SATELLITE PROBLEMS:
 ------------------
 
 SAT  PROBLEM TYPE     ACTION         FROM               TO
 -----------------------------------------------------------------------------------------------------------------------------------

  10  BAD PHASE+CODE   OBS. REMOVED   15-08-04 00:00:00  15-09-17 23:59:59
  37  BAD PHASE+CODE   OBS. REMOVED   11-07-13 00:00:00  99-12-31 23:59:59
 125  BAD PHASE+CODE   OBS. REMOVED   13-07-30 00:00:00  99-12-31 23:59:59
 126  BAD PHASE+CODE   OBS. REMOVED   13-02-26 00:00:00  15-11-15 23:59:59
 127  BAD PHASE+CODE   OBS. REMOVED   14-11-30 00:00:00  99-12-31 23:59:59
 322  BAD PHASE+CODE   OBS. REMOVED   13-02-26 00:00:00  99-12-31 23:59:59


1150812P                                                                                            PROGRAM GPSEST   28-SEP-17 14:04
 GPSEST FINALL 2015 2241                                                                            BERNESE GPS SOFTWARE VERSION 5.0
 -----------------------------------------------------------------------------------------------------------------------------------


 6. ATMOSPHERE
 -------------

 TROPOSPHERE MODEL
 -----------------

 A priori troposphere model: Niell, dry part only
 Meteo/Trop.delay values   : Extrapolated

 Reference height :     0.00 m    Temperature at ref. height:    25.00 C
                                  Pressure    at ref. height:  1013.25 mbar
                                  Humidity    at ref. height:    70.00 %


 SITE-SPECIFIC TROPOSPHERE PARAMETERS
 ------------------------------------

 Mapping function used for delay estimation:  Wet Niell
 Troposphere gradient estimation           :  Tilted mapping

 Par   Station name       Reference epoch       sig_n (m)  sig_e (m)  sig_u (m)    abs/rel
 -----------------------------------------------------------------------------------------------------------------------------------

    1  AKND               2015 08 12 00 00 00     0.00000    0.00000    0.00000      abs
    2  AKND               2015 08 12 02 00 00                           0.00000      rel
    3  AKND               2015 08 12 04 00 00                           0.00000      rel
    4  AKND               2015 08 12 06 00 00                           0.00000      rel
    5  AKND               2015 08 12 08 00 00                           0.00000      rel
    6  AKND               2015 08 12 10 00 00                           0.00000      rel
    7  AKND               2015 08 12 12 00 00                           0.00000      rel
    8  AKND               2015 08 12 14 00 00                           0.00000      rel
    9  AKND               2015 08 12 16 00 00                           0.00000      rel
   10  AKND               2015 08 12 18 00 00                           0.00000      rel
   11  AKND               2015 08 12 20 00 00                           0.00000      rel
   12  AKND               2015 08 12 22 00 00                           0.00000      rel
   13  AKND               2015 08 13 00 00 00     0.00000    0.00000    0.00000      rel
   14  YCDP               2015 08 12 00 00 00     0.00000    0.00000    0.00000      abs
   15  YCDP               2015 08 12 02 00 00                           0.00000      rel
   16  YCDP               2015 08 12 04 00 00                           0.00000      rel
   17  YCDP               2015 08 12 06 00 00                           0.00000      rel
   18  YCDP               2015 08 12 08 00 00                           0.00000      rel
   19  YCDP               2015 08 12 10 00 00                           0.00000      rel
   20  YCDP               2015 08 12 12 00 00                           0.00000      rel
   21  YCDP               2015 08 12 14 00 00                           0.00000      rel
   22  YCDP               2015 08 12 16 00 00                           0.00000      rel
   23  YCDP               2015 08 12 18 00 00                           0.00000      rel
   24  YCDP               2015 08 12 20 00 00                           0.00000      rel
   25  YCDP               2015 08 12 22 00 00                           0.00000      rel
   26  YCDP               2015 08 13 00 00 00     0.00000    0.00000    0.00000      rel
 
 
 IONOSPHERE MODELS:                          
 -----------------

 NO IONOSPHERE MODELS APPLIED


1150812P                                                                                            PROGRAM GPSEST   28-SEP-17 14:04
 GPSEST FINALL 2015 2241                                                                            BERNESE GPS SOFTWARE VERSION 5.0
 -----------------------------------------------------------------------------------------------------------------------------------


 8. POLE COORDINATES AND TIME INFORMATION
 ----------------------------------------
 
 A PRIORI POLE AND TIME INFORMATION FROM THE POLE FILE:
 -----------------------------------------------------
 
 DATUM       TIME       X-POLE (")  Y-POLE (")  UT1-UTC (S) GPS-UTC (S)  RMS XP (")  RMS YP (")  RMS DT (S)
                        EP-CPO (")  PS-CPO (")                           RMS EP (")  RMS PS (")
 -----------------------------------------------------------------------------------------------------------------------------------

 15-08-12 00:00:00     0.21276     0.40337     0.291535       17.        0.00004     0.00004     0.000006
                       0.00000     0.00000                               0.00002     0.00005
 15-08-13 00:00:00     0.21372     0.40143     0.290903       17.        0.00004     0.00004     0.000006
                       0.00000     0.00000                               0.00002     0.00005

 NUTATION MODEL:           NO              
 SUBDAILY POLE MODEL:      RAY             



1150812P                                                                                            PROGRAM GPSEST   28-SEP-17 14:04
 GPSEST FINALL 2015 2241                                                                            BERNESE GPS SOFTWARE VERSION 5.0
 -----------------------------------------------------------------------------------------------------------------------------------


 12. TEST OUTPUT
 ---------------
 
 MIN. AND MAX. ELEVATION/NADIR ANGLES AND MAX. SYNCHRONIZATION ERRORS:
 --------------------------------------------------------------------
 
 SESS  FILE  STATION NAME 1    STATION NAME 2    MIN/MAX ELEV.  MIN/MAX NADIR  SYNCH. ERR. (NS)
 -----------------------------------------------------------------------------------------------------------------------------------

 2241    1   AKND              YCDP                9.8  89.1      0.2  13.9               0.0


1150812P                                                                                            PROGRAM GPSEST   28-SEP-17 14:04
 GPSEST FINALL 2015 2241                                                                            BERNESE GPS SOFTWARE VERSION 5.0
 -----------------------------------------------------------------------------------------------------------------------------------


 13. RESULTS (PART 1)
 --------------------
 
 NUMBER OF PARAMETERS (PART 1):
 -----------------------------
 
 PARAMETER TYPE                                     #PARAMETERS   #PRE-ELIMINATED        #SET-UP  #NO-OBS  #REF     #SINGULAR
 -----------------------------------------------------------------------------------------------------------------------------------

 STATION COORDINATES                                      6           0                      6        0        0        0
 AMBIGUITIES                                             11          11  (BEFORE INV)       15        4        0        1
 SITE-SPECIFIC TROPOSPHERE PARAMETERS                    34          34  (AFTER INV)        34        0        0        0
 
 -----------------------------------------------------------------------------------------------------------------------------------
 TOTAL NUMBER OF PARAMETERS                              51          45                     55        4        0        1
 -----------------------------------------------------------------------------------------------------------------------------------
 
 
 NUMBER OF OBSERVATIONS (PART 1):
 -------------------------------
 
 TYPE         FREQUENCY         FILE              #OBSERVATIONS
 -----------------------------------------------------------------------------------------------------------------------------------

 PHASE           L3              ALL                  21362
 
 -----------------------------------------------------------------------------------------------------------------------------------
 TOTAL NUMBER OF OBSERVATIONS                         21362
 -----------------------------------------------------------------------------------------------------------------------------------
 
 
 A POSTERIORI SIGMA OF UNIT WEIGHT (PART 1):
 ------------------------------------------

 A POSTERIORI SIGMA OF UNIT WEIGHT  :    0.0038 M  (SIGMA OF ONE-WAY L1 PHASE OBSERVABLE)

 DEGREE OF FREEDOM (DOF)            :     21312
 CHI**2/DOF                         :      3.64


1150812P                                                                                            PROGRAM GPSEST   28-SEP-17 14:04
 GPSEST FINALL 2015 2241                                                                            BERNESE GPS SOFTWARE VERSION 5.0
 -----------------------------------------------------------------------------------------------------------------------------------


 STATION COORDINATES:                       D:/GPSC\150812P\STA\FN152241.CRD
 -------------------
 
 NUM  STATION NAME     PARAMETER    A PRIORI VALUE       NEW VALUE     NEW- A PRIORI  RMS ERROR   3-D ELLIPSOID       2-D ELLIPSE
 -----------------------------------------------------------------------------------------------------------------------------------

   1  AKND             X            -2973031.7000      -2973031.7000      0.0000      0.0002               
                       Y             5076081.7224       5076081.7224      0.0000      0.0002               
                       Z             2456680.9398       2456680.9398      0.0000      0.0002               

                       HEIGHT             66.4080            66.4080      0.0000      0.0002      0.0002    0.0
                       LATITUDE     22 48 11.945963    22 48 11.945963    0.0000      0.0002      0.0002   90.0      0.0002   90.0
                       LONGITUDE   120 21 26.133212   120 21 26.133212    0.0000      0.0002      0.0002    0.0      0.0002

   2  YCDP             X            -2972844.1787      -2972844.1668      0.0119      0.0007               
                       Y             5078166.8951       5078166.8685     -0.0266      0.0013               
                       Z             2452574.1128       2452574.1020     -0.0108      0.0014               

                       HEIGHT             47.6853            47.6543     -0.0309      0.0014      0.0014   17.8
                       LATITUDE     22 45 47.398862    22 45 47.398902    0.0012      0.0014      0.0004  106.1      0.0004  106.0
                       LONGITUDE   120 20 43.521375   120 20 43.521485    0.0032      0.0005      0.0015    0.4      0.0015


1150812P                                                                                            PROGRAM GPSEST   28-SEP-17 14:04
 GPSEST FINALL 2015 2241                                                                            BERNESE GPS SOFTWARE VERSION 5.0
 -----------------------------------------------------------------------------------------------------------------------------------


 SITE-SPECIFIC TROPOSPHERE PARAMETERS:      (NOT SAVED)
 ------------------------------------

 REFERENCE ELEVATION ANGLE OF GRADIENT TERMS :   51.8 DEGREES
 MINIMUM ELEVATION ANGLE                     :    3.0 DEGREES
 MAPPING FACTOR AT MINIMUM ELEVATION ANGLE   :  364.6

                               CORRECTIONS (M)             RMS ERRORS (M)             ZENITH VECTOR (")         ERROR ELLIPSE (M)   
 REQU. STATION NAME        NORTH    EAST    ZENITH     NORTH    EAST    ZENITH     ANGLE   RMS   RATIO  AZI   MAX RMS  MIN RMS  AZI 
 -----------------------------------------------------------------------------------------------------------------------------------

    1  AKND               0.00537 -0.00694-30.86633   0.01556  0.01395  5.50909      0.0    0.0    0.0  128   0.01647  0.01285  148
    2  AKND               0.01421 -0.00273-39.89112   0.01378  0.01224  5.40995      0.0    0.0    0.0  169   0.01452  0.01135  150
    3  AKND               0.02304  0.00148-36.05909   0.01216  0.01065  5.35381      0.0    0.0    0.0  184   0.01274  0.00995  151
    4  AKND               0.03188  0.00569-36.24001   0.01074  0.00923  5.28361      0.0    0.0    0.0  190   0.01120  0.00867  154
    5  AKND               0.04072  0.00990-34.91914   0.00964  0.00808  5.25709      0.0    0.0    0.0  194   0.01001  0.00761  155
    6  AKND               0.04956  0.01412-33.36770   0.00896  0.00732  5.21356      0.0    0.0    0.0  196   0.00931  0.00687  156
    7  AKND               0.05840  0.01833-33.47490   0.00880  0.00708  5.23474      0.0    0.0    0.0  197   0.00920  0.00656  155
    8  AKND               0.06724  0.02254-31.94519   0.00920  0.00742  5.21537      0.0    0.0    0.0  199   0.00971  0.00673  154
    9  AKND               0.07608  0.02675-31.50709   0.01008  0.00825  5.24271      0.0    0.0    0.0  199   0.01075  0.00735  151
   10  AKND               0.08492  0.03096-28.89182   0.01133  0.00946  5.26842      0.0    0.0    0.0  200   0.01219  0.00831  150
   11  AKND               0.09376  0.03517-29.90723   0.01285  0.01091  5.33269      0.0    0.0    0.0  201   0.01392  0.00951  148
   12  AKND               0.10260  0.03938-27.62435   0.01454  0.01253  5.39385      0.0    0.0    0.0  201   0.01583  0.01087  147
   13  AKND               0.11144  0.04359-27.25976   0.01637  0.01425  5.52383      0.0    0.0    0.0  201   0.01786  0.01233  146
   14  YCDP               0.03376  0.00119-30.86173   0.01603  0.01389  5.50911      0.0    0.0    0.0  182   0.01682  0.01293  152
   15  YCDP               0.04192  0.00518-39.88936   0.01423  0.01218  5.41003      0.0    0.0    0.0  187   0.01486  0.01140  153
   16  YCDP               0.05007  0.00916-36.06479   0.01257  0.01058  5.35385      0.0    0.0    0.0  190   0.01308  0.00995  155
   17  YCDP               0.05823  0.01314-36.24297   0.01112  0.00916  5.28364      0.0    0.0    0.0  193   0.01153  0.00864  157
   18  YCDP               0.06638  0.01713-34.91870   0.00999  0.00800  5.25713      0.0    0.0    0.0  194   0.01034  0.00754  158
   19  YCDP               0.07454  0.02111-33.37482   0.00927  0.00723  5.21360      0.0    0.0    0.0  196   0.00962  0.00676  158
   20  YCDP               0.08269  0.02510-33.48188   0.00908  0.00699  5.23479      0.0    0.0    0.0  197   0.00949  0.00642  157
   21  YCDP               0.09085  0.02908-31.95158   0.00943  0.00733  5.21542      0.0    0.0    0.0  198   0.00996  0.00659  155
   22  YCDP               0.09901  0.03306-31.51037   0.01029  0.00817  5.24274      0.0    0.0    0.0  198   0.01098  0.00721  152
   23  YCDP               0.10716  0.03705-28.89514   0.01153  0.00938  5.26843      0.0    0.0    0.0  199   0.01241  0.00818  150
   24  YCDP               0.11532  0.04103-29.91646   0.01304  0.01084  5.33275      0.0    0.0    0.0  200   0.01412  0.00939  149
   25  YCDP               0.12347  0.04502-27.63251   0.01475  0.01246  5.39390      0.0    0.0    0.0  200   0.01603  0.01077  148
   26  YCDP               0.13163  0.04900-27.26307   0.01659  0.01419  5.52392      0.0    0.0    0.0  200   0.01807  0.01225  147


1150812P                                                                                            PROGRAM GPSEST   28-SEP-17 14:04
 GPSEST FINALL 2015 2241                                                                            BERNESE GPS SOFTWARE VERSION 5.0
 -----------------------------------------------------------------------------------------------------------------------------------


 RMS ERRORS OF ELLIPS. COORDINATES AND COORDINATE DIFFER. IN MM   (PART 1):
 -------------------------------------------------------------------------

 ---------------------------
 | NUM |   |     1      2  |
 ---------------------------
 |     | B |    0.2    1.4 |
 |   1 | L |    0.2    0.5 |
 |     | H |    0.2    1.4 |
 |     |   |               |
 |     | B |    1.4    1.4 |
 |   2 | L |    0.5    0.5 |
 |     | H |    1.4    1.4 |
 ---------------------------


1150812P                                                                                            PROGRAM GPSEST   28-SEP-17 14:04
 GPSEST FINALL 2015 2241                                                                            BERNESE GPS SOFTWARE VERSION 5.0
 -----------------------------------------------------------------------------------------------------------------------------------


 SLOPE DISTANCES AND RMS ERRORS IN M  (PART 1):
 ---------------------------------------------

 -------------------------
 | NUM |   |       2 N   |
 -------------------------
 |   1 | O |   4609.6787 |
 |   N | N |   4609.6768 |
 |     |RMS|      0.0015 |
 -------------------------
