 
 ===================================================================================================================================
 Program : GPSEST                                                                                  Bernese GPS Software Version 5.0
 Purpose : Parameter estimation
 Campaign: D:/GPSC\150820P                                                                         Default session: 2321 year 2015
 Date    : 28-Sep-2017 14:07                                                                       User name      : Pei-Ching
 ===================================================================================================================================


 GPSEST FINALL 2015 2321
 -----------------------------------------------------------------------------------------------------------------------------------




1150820P                                                                                            PROGRAM GPSEST   28-SEP-17 14:07
 GPSEST FINALL 2015 2321                                                                            BERNESE GPS SOFTWARE VERSION 5.0
 -----------------------------------------------------------------------------------------------------------------------------------


 TABLE OF CONTENTS
 -----------------
 
  1. CAMPAIGNS
  2. OBSERVATION FILES
  3. GENERAL OPTIONS
  4. STATIONS
  5. SATELLITE ORBITS
  6. ATMOSPHERE
  7. CLOCK PARAMETERS
  8. POLE COORDINATES AND TIME INFORMATION
  9. ANTENNA PHASE CENTERS
 10. CONSTANTS
 11. PARAMETER CHARACTERIZATION LIST
 12. TEST OUTPUT
 13. RESULTS (PART 1)
 14. RESULTS (PART 2)



1150820P                                                                                            PROGRAM GPSEST   28-SEP-17 14:07
 GPSEST FINALL 2015 2321                                                                            BERNESE GPS SOFTWARE VERSION 5.0
 -----------------------------------------------------------------------------------------------------------------------------------


 INPUT AND OUTPUT FILENAMES
 --------------------------

 -----------------------------------------------------------------------------------------------------------------------------------
 Session table               : D:/GPSC\150820P\STA\SESSIONS.SES
 General constants           : ${X}/GEN\CONST.
 Geodetic datum              : ${X}/GEN\DATUM.
 Station information         :  ---
 Earth rotation parameters   : D:/GPSC\150820P\ORB\C04_2015.ERP
 Subdaily pole model         : ${X}/GEN\IERS2000.SUB
 Nutation model              : ${X}/GEN\IAU2000.NUT
 Satellite information       : ${X}/GEN\SATELLIT.
 Receiver information        : ${X}/GEN\RECEIVER.
 Satellite problems          : ${X}/GEN\SAT_2015.CRX
 Phase center eccentricities : ${X}/GEN\PHAS_PRO.01
 SINEX general input file    : ${X}/GEN\SINEX.
 IONEX control file          : ${X}/GEN\IONEX.
 Difference GPS-UTC          :  ---
 A priori station coordinates: D:/GPSC\150820P\STA\GPS_RES.CRD
 GNSS standard orbits        : D:/GPSC\150820P\ORB\20152321.STD
 GNSS orbit partials         :  ---
 Ionosphere models           :  ---
 Troposphere estimates       :  ---
 Station sigma factors       :  ---
 Station eccentricities      :  ---
 Ocean loading tables        :  ---
 GNSS clock corrections      :  ---
 Differential code biases    :  ---
 Receiver antenna orientation:  ---
 Kinematic coordinates       :  ---
 Kinematic velocities        :  ---
 Standard orbit(s)           :  ---
 Orbit partials              :  ---
 Attitude data               :  ---
 Precise orbit(s)            :  ---
 LEO orbital elements        :  ---
 Station coordinates         : D:/GPSC\150820P\STA\FN152321.CRD
 GNSS orbital elements       :  ---
 Troposphere estimates       :  ---
 Troposphere SINEX           :  ---
 Ionosphere models           :  ---
 IONEX                       :  ---
 Residuals                   :  ---
 Coordinate covariance matrix:  ---
 Full covariance matrix      :  ---
 Normal equations            : D:/GPSC\150820P\SOL\FN152321.NQ0
 Bernese ERP file            :  ---
 IERS ERP file               :  ---
 GNSS clock corrections      :  ---
 Clock RINEX                 :  ---
 Kinematic coordinates       :  ---
 Differential code biases    :  ---
 Phase center variations (gri:  ---
 Phase center variations (har:  ---
 Scratch file                : ${U}/WORK\GPSEST.SCR
 Scratch files               : ${U}/WORK\GPSEST.SC1
 Program output              : D:/GPSC\150820P\OUT\FN152321.OUT
 Error message               : ${U}/WORK\ERROR.MSG
 -----------------------------------------------------------------------------------------------------------------------------------




1150820P                                                                                            PROGRAM GPSEST   28-SEP-17 14:07
 GPSEST FINALL 2015 2321                                                                            BERNESE GPS SOFTWARE VERSION 5.0
 -----------------------------------------------------------------------------------------------------------------------------------


 1. CAMPAIGNS
 ------------
 
 CAMPAIGN NAME      NUM STATION NAME       NUM STATION NAME       NUM STATION NAME       NUM STATION NAME       NUM STATION NAME
 -----------------------------------------------------------------------------------------------------------------------------------

 150820P         :    1 AKND                 2 YCDP            

 
 2. OBSERVATION FILES
 --------------------

 -----------------------------------------------------------------------------------------------------------------------------------
 150820P         
 -----------------------------------------------------------------------------------------------------------------------------------

 MAIN CHARACTERISTICS:
 --------------------
 
 FILE  OBSERVATION FILE HEADER          OBSERVATION FILE                  SESS     RECEIVER 1            RECEIVER 2
 -----------------------------------------------------------------------------------------------------------------------------------

    1  D:/GPSC\150820P\OBS\AKYC2321.PSH D:/GPSC\150820P\OBS\AKYC2321.PSO  2321     TRIMBLE 5700          LEICA GR10          
 
                                                                                                       AMB.I.+S.      #CLUSTERS
 FILE TYP FREQ.  STATION 1        STATION 2        SESS  FIRST OBSERV.TIME  #EPO  DT #EF #CLK ARC #SAT  W 12    #AMB  L1  L2  L5  RM
 -----------------------------------------------------------------------------------------------------------------------------------

    1  P  L3     AKND             YCDP             2321  15-08-20  0:00:00  2880  30   0  E E  1   31   N  Y  N   58  12  12  58   0
 
 
 SATELLITES:
 ----------
 
 FILE  #SAT  SATELLITES
 -----------------------------------------------------------------------------------------------------------------------------------

    1   31     1   2   3   4   5   6   7   8   9  11  12  13  14  15  16  17  18  19  20  21  22  23  24  25  26  27  28  29  30  31
              32
 
 
 OBSERVATION SELECTION:
 ---------------------

 SAMPLING RATE           :    0 SEC
 ELEVATION CUT-OFF ANGLE :    3 DEGREES
 SATELLITE SYSTEM        : GPS    
 SPECIAL DATA SELECTION  : NO           


1150820P                                                                                            PROGRAM GPSEST   28-SEP-17 14:07
 GPSEST FINALL 2015 2321                                                                            BERNESE GPS SOFTWARE VERSION 5.0
 -----------------------------------------------------------------------------------------------------------------------------------


 3. GENERAL OPTIONS
 ------------------
 
 TIDAL CORRECTION OF STATION COORDINATES :   IERS CONVENTIONS 2000
 
 
 A PRIORI SIGMA OF UNIT WEIGHT:
 -----------------------------

 A PRIORI SIGMA OF UNIT WEIGHT           :   0.002 M  (SIGMA OF ONE-WAY L1 PHASE OBSERVABLE)

 MODEL FOR ELEVATION-DEPENDENT WEIGHTING :   NONE

 POLARIZATION EFFECT                     :   NOT CONSIDERED
 
 
 CORRELATIONS AND SESSIONS:
 -------------------------

 STRATEGY       : CORRELATIONS CORRECTLY MODELLED
 TIME INTERVAL  :    0.10000 SEC (TO IDENTIFY EPOCH)
 
 SESS  #FILE  FILE NUMBERS
 -----------------------------------------------------------------------------------------------------------------------------------

 2321    1      1
 
 
 AMBIGUITY RESOLUTION STRATEGY:
 -----------------------------

 AMBIGUITIES PRE-ELIMINATED EVERY EPOCH
 
 
 SYNCHRONIZATION ERRORS:
 ----------------------

 STRATEGY       : SYNCHRONIZATION ERRORS NOT APPLIED


 4. STATIONS
 -----------

 Local geodetic datum:                      ${X}/GEN\DATUM.
 
 Datum name         Ell. param./ Scale      Shifts to WGS-84       Rotations to WGS-84
 -----------------------------------------------------------------------------------------------------------------------------------
 ITRF2008           A  =  6378137.000 m     DX =      0.0000 m     RX =     0.00000 arcsec
                    1/F=  298.2572221       DY =      0.0000 m     RY =     0.00000 arcsec
                    SC =  0.00000D+00       DZ =      0.0000 m     RZ =     0.00000 arcsec


 A priori station coordinates:              D:/GPSC\150820P\STA\GPS_RES.CRD

                                            A priori station coordinates                      A priori station coordinates
                                                      WGS-84                              Ellipsoidal in local geodetic datum
 -----------------------------------------------------------------------------------------------------------------------------------
 num  Station name     obs e/f/h    X (m)           Y (m)           Z (m)           Latitude           Longitude          Height (m)
 -----------------------------------------------------------------------------------------------------------------------------------
   1  AKND              Y  ESTIM   -2973031.7000    5076081.7224    2456680.9398     22 48 11.945963    120 21 26.133212     66.4080
   2  YCDP              Y  ESTIM   -2972844.1812    5078166.8918    2452574.1170     22 45 47.399008    120 20 43.521509     47.6854


 A priori sigma:                            D:/GPSC\150820P\STA\FIXSTA.SIG

                            Station coordinates a priori sigma
                                 in local geodetic datum
 -----------------------------------------------------------------------------------------------------------------------------------
 num  Station name          N (m)        E (m)        U (m)
 -----------------------------------------------------------------------------------------------------------------------------------
   1  AKND                  0.00010      0.00010      0.00010




1150820P                                                                                            PROGRAM GPSEST   28-SEP-17 14:07
 GPSEST FINALL 2015 2321                                                                            BERNESE GPS SOFTWARE VERSION 5.0
 -----------------------------------------------------------------------------------------------------------------------------------


 5. SATELLITE ORBITS
 -------------------
 
 ARC CHARACTERISTICS:
 -------------------
 
 ARC  START OF ARC       END OF ARC         SOURCE      #SAT SATELLITES
 -----------------------------------------------------------------------------------------------------------------------------------

   1  15-08-20 00:00:00  15-08-21 00:00:00  PR2015.232   31    1   2   3   4   5   6   7   8   9  11  12  13  14  15  16  17  18  19
                                                              20  21  22  23  24  25  26  27  28  29  30  31  32
 
 
 OSCULATING ELEMENTS:                       D:/GPSC\150820P\ORB\20152321.STD
 -------------------

 REFERENCE SYSTEM:  J2000.0
 REFERENCE EPOCH :  57254.0000000 MJD   (2015  8 20  0  0  0.00)
 
 SAT   S.MAJ.AXIS   ECCENTRIC.    INCLINAT.      NODE       PERIGEE     M. ANOMALY   PER.PASS.TIME
 -----------------------------------------------------------------------------------------------------------------------------------

   1   26558633.4   0.00461146    55.244587   127.178675    26.350308  -103.297672   57254.1430520
   2   26560956.4   0.01472158    54.024826   124.921603   231.588993   -71.733430   57254.0993532
   3   26560063.4   0.00068773    54.958504  -173.233891  -143.828989     4.953671   57253.9931393
   4   26559686.9   0.01173187    53.970411   125.789086    62.449950  -115.236796   57254.1595954
   5   26558104.5   0.00428386    54.223860  -173.704626    21.719356    71.548849   57253.9009184
   6   26563371.1   0.00021954    55.239767   126.694830  -202.044532    32.112835   57253.9555166
   7   26559587.6   0.00889493    55.487410   -51.699790   204.132196  -139.437975   57254.1931113
   8   26560834.2   0.00134019    55.083164    66.625813  -101.980571   103.964526   57253.8560066
   9   26560896.8   0.00037550    54.720380  -113.468143   159.071045   -30.100569   57254.0416902
  11   26560796.3   0.01619207    51.307103   106.753473    82.520493  -136.446544   57254.1889813
  12   26559561.1   0.00554060    56.745275     9.616234    36.873193  -169.326470   57254.2345044
  13   26561400.7   0.00478582    55.672651  -106.785106   119.434044   -92.970450   57254.1287704
  14   26558241.2   0.00839386    55.240789  -108.804484  -112.499265    17.968227   57253.9751172
  15   26562339.3   0.00737748    53.339280  -116.088492    22.515271   -20.161237   57254.0279262
  16   26557678.3   0.00807697    56.775888    10.685501    17.990330    75.550344   57253.8953796
  17   26557403.6   0.01025483    55.836785    69.415371  -115.263108    18.131813   57253.9748919
  18   26561699.5   0.01634932    53.001644  -174.566703  -110.862466   107.627865   57253.8509255
  19   26577016.4   0.01138777    55.673576    72.240214    36.436557   -36.756456   57254.0509551
  20   26559591.1   0.00481228    53.075737  -177.556072    68.982285   -17.068440   57254.0236385
  21   26560837.4   0.02253287    53.627244   125.724764  -107.989506   165.615444   57253.7706186
  22   26561176.8   0.00805119    52.875912  -174.510233  -116.460680    80.258128   57253.8888384
  23   26560764.2   0.01048554    54.206191  -113.018843   208.617226   -46.408008   57254.0642760
  24   26558934.6   0.00330650    54.518818   -54.126118    19.241323   -88.730520   57254.1228807
  25   26561449.7   0.00459471    56.081701     6.890568  -316.523458   152.708484   57253.7884877
  26   26558950.6   0.00022274    55.053384     6.658562    58.461359    62.934770   57253.9128431
  27   26561089.9   0.00262512    55.545083    66.652158    18.622867    16.897114   57253.9765968
  28   26561662.9   0.01961533    56.699900    10.986027   -95.105827    66.875834   57253.9073710
  29   26560666.8   0.00096446    55.888411    69.954031   -25.314389   159.733695   57253.7787671
  30   26561348.4   0.00168274    54.676683   -48.938806   174.352912  -139.460648   57254.1931620
  31   26560899.3   0.00801997    55.769334   -51.235796   -30.335819  -142.636864   57254.1975562
  32   26559340.1   0.01133331    54.238643  -168.607486     5.920569  -114.149809   57254.1580869
 
 
 SATELLITE PROBLEMS:
 ------------------
 
 SAT  PROBLEM TYPE     ACTION         FROM               TO
 -----------------------------------------------------------------------------------------------------------------------------------

  10  BAD PHASE+CODE   OBS. REMOVED   15-08-04 00:00:00  15-09-17 23:59:59
  37  BAD PHASE+CODE   OBS. REMOVED   11-07-13 00:00:00  99-12-31 23:59:59
 125  BAD PHASE+CODE   OBS. REMOVED   13-07-30 00:00:00  99-12-31 23:59:59
 126  BAD PHASE+CODE   OBS. REMOVED   13-02-26 00:00:00  15-11-15 23:59:59
 127  BAD PHASE+CODE   OBS. REMOVED   14-11-30 00:00:00  99-12-31 23:59:59
 322  BAD PHASE+CODE   OBS. REMOVED   13-02-26 00:00:00  99-12-31 23:59:59


1150820P                                                                                            PROGRAM GPSEST   28-SEP-17 14:07
 GPSEST FINALL 2015 2321                                                                            BERNESE GPS SOFTWARE VERSION 5.0
 -----------------------------------------------------------------------------------------------------------------------------------


 6. ATMOSPHERE
 -------------

 TROPOSPHERE MODEL
 -----------------

 A priori troposphere model: Niell, dry part only
 Meteo/Trop.delay values   : Extrapolated

 Reference height :     0.00 m    Temperature at ref. height:    25.00 C
                                  Pressure    at ref. height:  1013.25 mbar
                                  Humidity    at ref. height:    70.00 %


 SITE-SPECIFIC TROPOSPHERE PARAMETERS
 ------------------------------------

 Mapping function used for delay estimation:  Wet Niell
 Troposphere gradient estimation           :  Tilted mapping

 Par   Station name       Reference epoch       sig_n (m)  sig_e (m)  sig_u (m)    abs/rel
 -----------------------------------------------------------------------------------------------------------------------------------

    1  AKND               2015 08 20 00 00 00     0.00000    0.00000    0.00000      abs
    2  AKND               2015 08 20 02 00 00                           0.00000      rel
    3  AKND               2015 08 20 04 00 00                           0.00000      rel
    4  AKND               2015 08 20 06 00 00                           0.00000      rel
    5  AKND               2015 08 20 08 00 00                           0.00000      rel
    6  AKND               2015 08 20 10 00 00                           0.00000      rel
    7  AKND               2015 08 20 12 00 00                           0.00000      rel
    8  AKND               2015 08 20 14 00 00                           0.00000      rel
    9  AKND               2015 08 20 16 00 00                           0.00000      rel
   10  AKND               2015 08 20 18 00 00                           0.00000      rel
   11  AKND               2015 08 20 20 00 00                           0.00000      rel
   12  AKND               2015 08 20 22 00 00                           0.00000      rel
   13  AKND               2015 08 21 00 00 00     0.00000    0.00000    0.00000      rel
   14  YCDP               2015 08 20 00 00 00     0.00000    0.00000    0.00000      abs
   15  YCDP               2015 08 20 02 00 00                           0.00000      rel
   16  YCDP               2015 08 20 04 00 00                           0.00000      rel
   17  YCDP               2015 08 20 06 00 00                           0.00000      rel
   18  YCDP               2015 08 20 08 00 00                           0.00000      rel
   19  YCDP               2015 08 20 10 00 00                           0.00000      rel
   20  YCDP               2015 08 20 12 00 00                           0.00000      rel
   21  YCDP               2015 08 20 14 00 00                           0.00000      rel
   22  YCDP               2015 08 20 16 00 00                           0.00000      rel
   23  YCDP               2015 08 20 18 00 00                           0.00000      rel
   24  YCDP               2015 08 20 20 00 00                           0.00000      rel
   25  YCDP               2015 08 20 22 00 00                           0.00000      rel
   26  YCDP               2015 08 21 00 00 00     0.00000    0.00000    0.00000      rel
 
 
 IONOSPHERE MODELS:                          
 -----------------

 NO IONOSPHERE MODELS APPLIED


1150820P                                                                                            PROGRAM GPSEST   28-SEP-17 14:07
 GPSEST FINALL 2015 2321                                                                            BERNESE GPS SOFTWARE VERSION 5.0
 -----------------------------------------------------------------------------------------------------------------------------------


 8. POLE COORDINATES AND TIME INFORMATION
 ----------------------------------------
 
 A PRIORI POLE AND TIME INFORMATION FROM THE POLE FILE:
 -----------------------------------------------------
 
 DATUM       TIME       X-POLE (")  Y-POLE (")  UT1-UTC (S) GPS-UTC (S)  RMS XP (")  RMS YP (")  RMS DT (S)
                        EP-CPO (")  PS-CPO (")                           RMS EP (")  RMS PS (")
 -----------------------------------------------------------------------------------------------------------------------------------

 15-08-20 00:00:00     0.21945     0.39045     0.285306       17.        0.00004     0.00004     0.000005
                       0.00000     0.00000                               0.00002     0.00004
 15-08-21 00:00:00     0.22004     0.38850     0.284474       17.        0.00004     0.00004     0.000005
                       0.00000     0.00000                               0.00002     0.00005

 NUTATION MODEL:           NO              
 SUBDAILY POLE MODEL:      RAY             



1150820P                                                                                            PROGRAM GPSEST   28-SEP-17 14:07
 GPSEST FINALL 2015 2321                                                                            BERNESE GPS SOFTWARE VERSION 5.0
 -----------------------------------------------------------------------------------------------------------------------------------


 12. TEST OUTPUT
 ---------------
 
 MIN. AND MAX. ELEVATION/NADIR ANGLES AND MAX. SYNCHRONIZATION ERRORS:
 --------------------------------------------------------------------
 
 SESS  FILE  STATION NAME 1    STATION NAME 2    MIN/MAX ELEV.  MIN/MAX NADIR  SYNCH. ERR. (NS)
 -----------------------------------------------------------------------------------------------------------------------------------

 2321    1   AKND              YCDP                9.8  89.1      0.2  14.0               0.0


1150820P                                                                                            PROGRAM GPSEST   28-SEP-17 14:07
 GPSEST FINALL 2015 2321                                                                            BERNESE GPS SOFTWARE VERSION 5.0
 -----------------------------------------------------------------------------------------------------------------------------------


 13. RESULTS (PART 1)
 --------------------
 
 NUMBER OF PARAMETERS (PART 1):
 -----------------------------
 
 PARAMETER TYPE                                     #PARAMETERS   #PRE-ELIMINATED        #SET-UP  #NO-OBS  #REF     #SINGULAR
 -----------------------------------------------------------------------------------------------------------------------------------

 STATION COORDINATES                                      6           0                      6        0        0        0
 AMBIGUITIES                                             10          10  (BEFORE INV)       12        2        0        1
 SITE-SPECIFIC TROPOSPHERE PARAMETERS                    34          34  (AFTER INV)        34        0        0        0
 
 -----------------------------------------------------------------------------------------------------------------------------------
 TOTAL NUMBER OF PARAMETERS                              50          44                     52        2        0        1
 -----------------------------------------------------------------------------------------------------------------------------------
 
 
 NUMBER OF OBSERVATIONS (PART 1):
 -------------------------------
 
 TYPE         FREQUENCY         FILE              #OBSERVATIONS
 -----------------------------------------------------------------------------------------------------------------------------------

 PHASE           L3              ALL                  22463
 
 -----------------------------------------------------------------------------------------------------------------------------------
 TOTAL NUMBER OF OBSERVATIONS                         22463
 -----------------------------------------------------------------------------------------------------------------------------------
 
 
 A POSTERIORI SIGMA OF UNIT WEIGHT (PART 1):
 ------------------------------------------

 A POSTERIORI SIGMA OF UNIT WEIGHT  :    0.0036 M  (SIGMA OF ONE-WAY L1 PHASE OBSERVABLE)

 DEGREE OF FREEDOM (DOF)            :     22414
 CHI**2/DOF                         :      3.27


1150820P                                                                                            PROGRAM GPSEST   28-SEP-17 14:07
 GPSEST FINALL 2015 2321                                                                            BERNESE GPS SOFTWARE VERSION 5.0
 -----------------------------------------------------------------------------------------------------------------------------------


 STATION COORDINATES:                       D:/GPSC\150820P\STA\FN152321.CRD
 -------------------
 
 NUM  STATION NAME     PARAMETER    A PRIORI VALUE       NEW VALUE     NEW- A PRIORI  RMS ERROR   3-D ELLIPSOID       2-D ELLIPSE
 -----------------------------------------------------------------------------------------------------------------------------------

   1  AKND             X            -2973031.7000      -2973031.7000      0.0000      0.0002               
                       Y             5076081.7224       5076081.7224      0.0000      0.0002               
                       Z             2456680.9398       2456680.9398      0.0000      0.0002               

                       HEIGHT             66.4080            66.4080      0.0000      0.0002      0.0002    0.0
                       LATITUDE     22 48 11.945963    22 48 11.945963    0.0000      0.0002      0.0002   90.0      0.0002   90.0
                       LONGITUDE   120 21 26.133212   120 21 26.133212    0.0000      0.0002      0.0002    0.0      0.0002

   2  YCDP             X            -2972844.1812      -2972844.1720      0.0092      0.0007               
                       Y             5078166.8918       5078166.8729     -0.0189      0.0012               
                       Z             2452574.1170       2452574.1075     -0.0095      0.0013               

                       HEIGHT             47.6854            47.6624     -0.0230      0.0013      0.0012   16.0
                       LATITUDE     22 45 47.399008    22 45 47.398985   -0.0007      0.0013      0.0003  106.1      0.0003  106.1
                       LONGITUDE   120 20 43.521509   120 20 43.521566    0.0016      0.0005      0.0014    0.7      0.0014


1150820P                                                                                            PROGRAM GPSEST   28-SEP-17 14:07
 GPSEST FINALL 2015 2321                                                                            BERNESE GPS SOFTWARE VERSION 5.0
 -----------------------------------------------------------------------------------------------------------------------------------


 SITE-SPECIFIC TROPOSPHERE PARAMETERS:      (NOT SAVED)
 ------------------------------------

 REFERENCE ELEVATION ANGLE OF GRADIENT TERMS :   51.8 DEGREES
 MINIMUM ELEVATION ANGLE                     :    3.0 DEGREES
 MAPPING FACTOR AT MINIMUM ELEVATION ANGLE   :  364.6

                               CORRECTIONS (M)             RMS ERRORS (M)             ZENITH VECTOR (")         ERROR ELLIPSE (M)   
 REQU. STATION NAME        NORTH    EAST    ZENITH     NORTH    EAST    ZENITH     ANGLE   RMS   RATIO  AZI   MAX RMS  MIN RMS  AZI 
 -----------------------------------------------------------------------------------------------------------------------------------

    1  AKND               0.14034  0.01970-19.05789   0.01377  0.01239  5.00401      0.0    0.0    0.0  188   0.01464  0.01135  147
    2  AKND               0.14238  0.01872-17.34464   0.01203  0.01086  4.94873      0.0    0.0    0.0  187   0.01272  0.01004  148
    3  AKND               0.14442  0.01774-19.12768   0.01048  0.00943  4.88722      0.0    0.0    0.0  187   0.01100  0.00882  150
    4  AKND               0.14645  0.01675-17.55641   0.00922  0.00817  4.84645      0.0    0.0    0.0  187   0.00959  0.00774  152
    5  AKND               0.14849  0.01577-17.96385   0.00838  0.00717  4.81858      0.0    0.0    0.0  186   0.00863  0.00685  157
    6  AKND               0.15053  0.01479-16.41625   0.00808  0.00653  4.80322      0.0    0.0    0.0  186   0.00830  0.00624  159
    7  AKND               0.15257  0.01381-15.06085   0.00838  0.00637  4.80508      0.0    0.0    0.0  185   0.00865  0.00601  160
    8  AKND               0.15461  0.01282-16.19891   0.00923  0.00674  4.81401      0.0    0.0    0.0  185   0.00959  0.00622  159
    9  AKND               0.15664  0.01184-16.36451   0.01050  0.00754  4.83873      0.0    0.0    0.0  184   0.01098  0.00681  158
   10  AKND               0.15868  0.01086-14.46892   0.01204  0.00866  4.88564      0.0    0.0    0.0  184   0.01268  0.00770  157
   11  AKND               0.16072  0.00988-14.53304   0.01378  0.01000  4.92636      0.0    0.0    0.0  184   0.01457  0.00880  156
   12  AKND               0.16276  0.00889-11.77851   0.01564  0.01147  5.00790      0.0    0.0    0.0  183   0.01660  0.01003  155
   13  AKND               0.16480  0.00791-16.42123   0.01759  0.01304  5.13411      0.0    0.0    0.0  183   0.01872  0.01136  155
   14  YCDP               0.15438  0.02373-19.06865   0.01417  0.01237  5.00408      0.0    0.0    0.0  189   0.01490  0.01148  151
   15  YCDP               0.15609  0.02265-17.34649   0.01240  0.01084  4.94881      0.0    0.0    0.0  188   0.01298  0.01014  152
   16  YCDP               0.15779  0.02156-19.13160   0.01082  0.00941  4.88723      0.0    0.0    0.0  188   0.01125  0.00889  154
   17  YCDP               0.15950  0.02047-17.56559   0.00952  0.00814  4.84649      0.0    0.0    0.0  187   0.00983  0.00776  156
   18  YCDP               0.16120  0.01939-17.97173   0.00863  0.00712  4.81862      0.0    0.0    0.0  187   0.00887  0.00682  159
   19  YCDP               0.16290  0.01830-16.42355   0.00828  0.00647  4.80324      0.0    0.0    0.0  186   0.00851  0.00617  160
   20  YCDP               0.16461  0.01722-15.06771   0.00853  0.00631  4.80509      0.0    0.0    0.0  186   0.00882  0.00591  160
   21  YCDP               0.16631  0.01613-16.21161   0.00934  0.00667  4.81404      0.0    0.0    0.0  186   0.00973  0.00609  159
   22  YCDP               0.16801  0.01504-16.37201   0.01059  0.00747  4.83876      0.0    0.0    0.0  185   0.01111  0.00667  158
   23  YCDP               0.16972  0.01396-14.47548   0.01213  0.00859  4.88565      0.0    0.0    0.0  185   0.01280  0.00756  157
   24  YCDP               0.17142  0.01287-14.54874   0.01387  0.00993  4.92643      0.0    0.0    0.0  184   0.01469  0.00866  156
   25  YCDP               0.17313  0.01178-11.78805   0.01574  0.01141  5.00796      0.0    0.0    0.0  184   0.01673  0.00991  155
   26  YCDP               0.17483  0.01070-16.42554   0.01771  0.01298  5.13410      0.0    0.0    0.0  184   0.01886  0.01124  155


1150820P                                                                                            PROGRAM GPSEST   28-SEP-17 14:07
 GPSEST FINALL 2015 2321                                                                            BERNESE GPS SOFTWARE VERSION 5.0
 -----------------------------------------------------------------------------------------------------------------------------------


 RMS ERRORS OF ELLIPS. COORDINATES AND COORDINATE DIFFER. IN MM   (PART 1):
 -------------------------------------------------------------------------

 ---------------------------
 | NUM |   |     1      2  |
 ---------------------------
 |     | B |    0.2    1.3 |
 |   1 | L |    0.2    0.5 |
 |     | H |    0.2    1.2 |
 |     |   |               |
 |     | B |    1.3    1.3 |
 |   2 | L |    0.5    0.5 |
 |     | H |    1.2    1.3 |
 ---------------------------


1150820P                                                                                            PROGRAM GPSEST   28-SEP-17 14:07
 GPSEST FINALL 2015 2321                                                                            BERNESE GPS SOFTWARE VERSION 5.0
 -----------------------------------------------------------------------------------------------------------------------------------


 SLOPE DISTANCES AND RMS ERRORS IN M  (PART 1):
 ---------------------------------------------

 -------------------------
 | NUM |   |       2 N   |
 -------------------------
 |   1 | O |   4609.6733 |
 |   N | N |   4609.6737 |
 |     |RMS|      0.0013 |
 -------------------------
