 
 ===================================================================================================================================
 Program : GPSEST                                                                                  Bernese GPS Software Version 5.0
 Purpose : Parameter estimation
 Campaign: D:/GPSC\150810P                                                                         Default session: 2221 year 2015
 Date    : 28-Sep-2017 14:03                                                                       User name      : Pei-Ching
 ===================================================================================================================================


 GPSEST FINALL 2015 2221
 -----------------------------------------------------------------------------------------------------------------------------------




1150810P                                                                                            PROGRAM GPSEST   28-SEP-17 14:03
 GPSEST FINALL 2015 2221                                                                            BERNESE GPS SOFTWARE VERSION 5.0
 -----------------------------------------------------------------------------------------------------------------------------------


 TABLE OF CONTENTS
 -----------------
 
  1. CAMPAIGNS
  2. OBSERVATION FILES
  3. GENERAL OPTIONS
  4. STATIONS
  5. SATELLITE ORBITS
  6. ATMOSPHERE
  7. CLOCK PARAMETERS
  8. POLE COORDINATES AND TIME INFORMATION
  9. ANTENNA PHASE CENTERS
 10. CONSTANTS
 11. PARAMETER CHARACTERIZATION LIST
 12. TEST OUTPUT
 13. RESULTS (PART 1)
 14. RESULTS (PART 2)



1150810P                                                                                            PROGRAM GPSEST   28-SEP-17 14:03
 GPSEST FINALL 2015 2221                                                                            BERNESE GPS SOFTWARE VERSION 5.0
 -----------------------------------------------------------------------------------------------------------------------------------


 INPUT AND OUTPUT FILENAMES
 --------------------------

 -----------------------------------------------------------------------------------------------------------------------------------
 Session table               : D:/GPSC\150810P\STA\SESSIONS.SES
 General constants           : ${X}/GEN\CONST.
 Geodetic datum              : ${X}/GEN\DATUM.
 Station information         :  ---
 Earth rotation parameters   : D:/GPSC\150810P\ORB\C04_2015.ERP
 Subdaily pole model         : ${X}/GEN\IERS2000.SUB
 Nutation model              : ${X}/GEN\IAU2000.NUT
 Satellite information       : ${X}/GEN\SATELLIT.
 Receiver information        : ${X}/GEN\RECEIVER.
 Satellite problems          : ${X}/GEN\SAT_2015.CRX
 Phase center eccentricities : ${X}/GEN\PHAS_PRO.01
 SINEX general input file    : ${X}/GEN\SINEX.
 IONEX control file          : ${X}/GEN\IONEX.
 Difference GPS-UTC          :  ---
 A priori station coordinates: D:/GPSC\150810P\STA\GPS_RES.CRD
 GNSS standard orbits        : D:/GPSC\150810P\ORB\20152221.STD
 GNSS orbit partials         :  ---
 Ionosphere models           :  ---
 Troposphere estimates       :  ---
 Station sigma factors       :  ---
 Station eccentricities      :  ---
 Ocean loading tables        :  ---
 GNSS clock corrections      :  ---
 Differential code biases    :  ---
 Receiver antenna orientation:  ---
 Kinematic coordinates       :  ---
 Kinematic velocities        :  ---
 Standard orbit(s)           :  ---
 Orbit partials              :  ---
 Attitude data               :  ---
 Precise orbit(s)            :  ---
 LEO orbital elements        :  ---
 Station coordinates         : D:/GPSC\150810P\STA\FN152221.CRD
 GNSS orbital elements       :  ---
 Troposphere estimates       :  ---
 Troposphere SINEX           :  ---
 Ionosphere models           :  ---
 IONEX                       :  ---
 Residuals                   :  ---
 Coordinate covariance matrix:  ---
 Full covariance matrix      :  ---
 Normal equations            : D:/GPSC\150810P\SOL\FN152221.NQ0
 Bernese ERP file            :  ---
 IERS ERP file               :  ---
 GNSS clock corrections      :  ---
 Clock RINEX                 :  ---
 Kinematic coordinates       :  ---
 Differential code biases    :  ---
 Phase center variations (gri:  ---
 Phase center variations (har:  ---
 Scratch file                : ${U}/WORK\GPSEST.SCR
 Scratch files               : ${U}/WORK\GPSEST.SC1
 Program output              : D:/GPSC\150810P\OUT\FN152221.OUT
 Error message               : ${U}/WORK\ERROR.MSG
 -----------------------------------------------------------------------------------------------------------------------------------




1150810P                                                                                            PROGRAM GPSEST   28-SEP-17 14:03
 GPSEST FINALL 2015 2221                                                                            BERNESE GPS SOFTWARE VERSION 5.0
 -----------------------------------------------------------------------------------------------------------------------------------


 1. CAMPAIGNS
 ------------
 
 CAMPAIGN NAME      NUM STATION NAME       NUM STATION NAME       NUM STATION NAME       NUM STATION NAME       NUM STATION NAME
 -----------------------------------------------------------------------------------------------------------------------------------

 150810P         :    1 AKND                 2 YCDP            

 
 2. OBSERVATION FILES
 --------------------

 -----------------------------------------------------------------------------------------------------------------------------------
 150810P         
 -----------------------------------------------------------------------------------------------------------------------------------

 MAIN CHARACTERISTICS:
 --------------------
 
 FILE  OBSERVATION FILE HEADER          OBSERVATION FILE                  SESS     RECEIVER 1            RECEIVER 2
 -----------------------------------------------------------------------------------------------------------------------------------

    1  D:/GPSC\150810P\OBS\AKYC2221.PSH D:/GPSC\150810P\OBS\AKYC2221.PSO  2221     TRIMBLE 5700          LEICA GR10          
 
                                                                                                       AMB.I.+S.      #CLUSTERS
 FILE TYP FREQ.  STATION 1        STATION 2        SESS  FIRST OBSERV.TIME  #EPO  DT #EF #CLK ARC #SAT  W 12    #AMB  L1  L2  L5  RM
 -----------------------------------------------------------------------------------------------------------------------------------

    1  P  L3     AKND             YCDP             2221  15-08-10  0:00:00  2880  30   0  E E  1   30   N  Y  N   67  25  25  67   0
 
 
 SATELLITES:
 ----------
 
 FILE  #SAT  SATELLITES
 -----------------------------------------------------------------------------------------------------------------------------------

    1   30     1   2   3   4   5   6   7   9  11  12  13  14  15  16  17  18  19  20  21  22  23  24  25  26  27  28  29  30  31  32
 
 
 OBSERVATION SELECTION:
 ---------------------

 SAMPLING RATE           :    0 SEC
 ELEVATION CUT-OFF ANGLE :    3 DEGREES
 SATELLITE SYSTEM        : GPS    
 SPECIAL DATA SELECTION  : NO           


1150810P                                                                                            PROGRAM GPSEST   28-SEP-17 14:03
 GPSEST FINALL 2015 2221                                                                            BERNESE GPS SOFTWARE VERSION 5.0
 -----------------------------------------------------------------------------------------------------------------------------------


 3. GENERAL OPTIONS
 ------------------
 
 TIDAL CORRECTION OF STATION COORDINATES :   IERS CONVENTIONS 2000
 
 
 A PRIORI SIGMA OF UNIT WEIGHT:
 -----------------------------

 A PRIORI SIGMA OF UNIT WEIGHT           :   0.002 M  (SIGMA OF ONE-WAY L1 PHASE OBSERVABLE)

 MODEL FOR ELEVATION-DEPENDENT WEIGHTING :   NONE

 POLARIZATION EFFECT                     :   NOT CONSIDERED
 
 
 CORRELATIONS AND SESSIONS:
 -------------------------

 STRATEGY       : CORRELATIONS CORRECTLY MODELLED
 TIME INTERVAL  :    0.10000 SEC (TO IDENTIFY EPOCH)
 
 SESS  #FILE  FILE NUMBERS
 -----------------------------------------------------------------------------------------------------------------------------------

 2221    1      1
 
 
 AMBIGUITY RESOLUTION STRATEGY:
 -----------------------------

 AMBIGUITIES PRE-ELIMINATED EVERY EPOCH
 
 
 SYNCHRONIZATION ERRORS:
 ----------------------

 STRATEGY       : SYNCHRONIZATION ERRORS NOT APPLIED


 4. STATIONS
 -----------

 Local geodetic datum:                      ${X}/GEN\DATUM.
 
 Datum name         Ell. param./ Scale      Shifts to WGS-84       Rotations to WGS-84
 -----------------------------------------------------------------------------------------------------------------------------------
 ITRF2008           A  =  6378137.000 m     DX =      0.0000 m     RX =     0.00000 arcsec
                    1/F=  298.2572221       DY =      0.0000 m     RY =     0.00000 arcsec
                    SC =  0.00000D+00       DZ =      0.0000 m     RZ =     0.00000 arcsec


 A priori station coordinates:              D:/GPSC\150810P\STA\GPS_RES.CRD

                                            A priori station coordinates                      A priori station coordinates
                                                      WGS-84                              Ellipsoidal in local geodetic datum
 -----------------------------------------------------------------------------------------------------------------------------------
 num  Station name     obs e/f/h    X (m)           Y (m)           Z (m)           Latitude           Longitude          Height (m)
 -----------------------------------------------------------------------------------------------------------------------------------
   1  AKND              Y  ESTIM   -2973031.7000    5076081.7224    2456680.9398     22 48 11.945963    120 21 26.133212     66.4080
   2  YCDP              Y  ESTIM   -2972844.1816    5078166.8925    2452574.1178     22 45 47.399021    120 20 43.521508     47.6865


 A priori sigma:                            D:/GPSC\150810P\STA\FIXSTA.SIG

                            Station coordinates a priori sigma
                                 in local geodetic datum
 -----------------------------------------------------------------------------------------------------------------------------------
 num  Station name          N (m)        E (m)        U (m)
 -----------------------------------------------------------------------------------------------------------------------------------
   1  AKND                  0.00010      0.00010      0.00010




1150810P                                                                                            PROGRAM GPSEST   28-SEP-17 14:03
 GPSEST FINALL 2015 2221                                                                            BERNESE GPS SOFTWARE VERSION 5.0
 -----------------------------------------------------------------------------------------------------------------------------------


 5. SATELLITE ORBITS
 -------------------
 
 ARC CHARACTERISTICS:
 -------------------
 
 ARC  START OF ARC       END OF ARC         SOURCE      #SAT SATELLITES
 -----------------------------------------------------------------------------------------------------------------------------------

   1  15-08-10 00:00:00  15-08-11 00:00:00  PR2015.222   31    1   2   3   4   5   6   7   8   9  11  12  13  14  15  16  17  18  19
                                                              20  21  22  23  24  25  26  27  28  29  30  31  32
 
 
 OSCULATING ELEMENTS:                       D:/GPSC\150810P\ORB\20152221.STD
 -------------------

 REFERENCE SYSTEM:  J2000.0
 REFERENCE EPOCH :  57244.0000000 MJD   (2015  8 10  0  0  0.00)
 
 SAT   S.MAJ.AXIS   ECCENTRIC.    INCLINAT.      NODE       PERIGEE     M. ANOMALY   PER.PASS.TIME
 -----------------------------------------------------------------------------------------------------------------------------------

   1   26558491.8   0.00461425    55.246578   127.572424    25.676569  -123.154767   57244.1705497
   2   26559861.4   0.01467866    54.026563   125.326010   231.569179   -92.492201   57244.1280969
   3   26561163.8   0.00077473    54.942181  -172.836418  -144.473315   -15.125453   57244.0209495
   4   26558807.9   0.01171540    53.971814   126.195324    62.245065  -135.591557   57244.1877761
   5   26558443.8   0.00422910    54.207179  -173.298091    21.848597    50.662007   57243.9298414
   6   26563371.0   0.00021305    55.242032   127.085999   154.130986    15.998172   57243.9778390
   7   26560503.1   0.00884081    55.501920   -51.310604   203.650422  -159.321554   57244.2206601
   8   26560374.5   0.00135124    55.085782    67.039226  -102.442001    83.407709   57243.8844813
   9   26559819.9   0.00038954    54.727478  -113.057787   166.258848   -57.498308   57244.0796320
  11   26559899.8   0.01618801    51.313097   107.191817    82.219200  -156.403208   57244.2166108
  12   26560737.5   0.00551152    56.735140    10.004752  -323.361474   170.245017   57243.7642079
  13   26562191.6   0.00479845    55.684284  -106.386752   119.514124  -113.543860   57244.1572730
  14   26558723.1   0.00838843    55.251596  -108.399867  -112.647441    -2.578698   57244.0035711
  15   26562005.9   0.00731318    53.345554  -115.664643    22.421825   -40.565541   57244.0561880
  16   26558075.7   0.00806146    56.765103    11.075562    18.221976    54.554466   57243.9244525
  17   26558194.6   0.01024882    55.841259    69.822363  -115.110492    -3.024612   57244.0041885
  18   26561098.5   0.01639507    52.984496  -174.150341  -111.050684    87.048622   57243.8794338
  19   26562533.4   0.01164861    55.678292    72.646367    33.872503   -50.466817   57244.0699045
  20   26560720.9   0.00483115    53.059935  -177.140509    68.488700   -37.324283   57244.0516947
  21   26561870.3   0.02248174    53.630311   126.133423  -108.083135   145.624467   57243.7982948
  22   26560004.4   0.00806152    52.858076  -174.091742  -116.798041    60.081135   57243.9167901
  23   26559733.4   0.01046466    54.213506  -112.604072   208.468717   -67.228011   57244.0931066
  24   26558516.0   0.00331533    54.533087   -53.725848    19.812800  -109.851825   57244.1521275
  25   26561538.2   0.00461870    56.071460     7.283922    43.697883   131.868770   57243.8173513
  26   26558264.7   0.00021792    55.042657     7.063718    60.375342    40.284796   57243.9442127
  27   26562176.8   0.00267799    55.548603    67.061269    18.214757    -3.112124   57244.0043107
  28   26560373.8   0.01960667    56.688035    11.375406   -95.242857    46.638453   57243.9354063
  29   26559430.4   0.00104833    55.891587    70.359828   -26.972346   141.055303   57243.8046505
  30   26562181.8   0.00163928    54.689903   -48.542994   173.701727  -159.158254   57244.2204548
  31   26560788.8   0.00798909    55.782737   -50.850660   329.838966  -163.729177   57244.2267683
  32   26560492.3   0.01129656    54.222618  -168.200320     5.248521  -133.867548   57244.1854062
 
 
 SATELLITE PROBLEMS:
 ------------------
 
 SAT  PROBLEM TYPE     ACTION         FROM               TO
 -----------------------------------------------------------------------------------------------------------------------------------

  10  BAD PHASE+CODE   OBS. REMOVED   15-08-04 00:00:00  15-09-17 23:59:59
  37  BAD PHASE+CODE   OBS. REMOVED   11-07-13 00:00:00  99-12-31 23:59:59
 125  BAD PHASE+CODE   OBS. REMOVED   13-07-30 00:00:00  99-12-31 23:59:59
 126  BAD PHASE+CODE   OBS. REMOVED   13-02-26 00:00:00  15-11-15 23:59:59
 127  BAD PHASE+CODE   OBS. REMOVED   14-11-30 00:00:00  99-12-31 23:59:59
 322  BAD PHASE+CODE   OBS. REMOVED   13-02-26 00:00:00  99-12-31 23:59:59


1150810P                                                                                            PROGRAM GPSEST   28-SEP-17 14:03
 GPSEST FINALL 2015 2221                                                                            BERNESE GPS SOFTWARE VERSION 5.0
 -----------------------------------------------------------------------------------------------------------------------------------


 6. ATMOSPHERE
 -------------

 TROPOSPHERE MODEL
 -----------------

 A priori troposphere model: Niell, dry part only
 Meteo/Trop.delay values   : Extrapolated

 Reference height :     0.00 m    Temperature at ref. height:    25.00 C
                                  Pressure    at ref. height:  1013.25 mbar
                                  Humidity    at ref. height:    70.00 %


 SITE-SPECIFIC TROPOSPHERE PARAMETERS
 ------------------------------------

 Mapping function used for delay estimation:  Wet Niell
 Troposphere gradient estimation           :  Tilted mapping

 Par   Station name       Reference epoch       sig_n (m)  sig_e (m)  sig_u (m)    abs/rel
 -----------------------------------------------------------------------------------------------------------------------------------

    1  AKND               2015 08 10 00 00 00     0.00000    0.00000    0.00000      abs
    2  AKND               2015 08 10 02 00 00                           0.00000      rel
    3  AKND               2015 08 10 04 00 00                           0.00000      rel
    4  AKND               2015 08 10 06 00 00                           0.00000      rel
    5  AKND               2015 08 10 08 00 00                           0.00000      rel
    6  AKND               2015 08 10 10 00 00                           0.00000      rel
    7  AKND               2015 08 10 12 00 00                           0.00000      rel
    8  AKND               2015 08 10 14 00 00                           0.00000      rel
    9  AKND               2015 08 10 16 00 00                           0.00000      rel
   10  AKND               2015 08 10 18 00 00                           0.00000      rel
   11  AKND               2015 08 10 20 00 00                           0.00000      rel
   12  AKND               2015 08 10 22 00 00                           0.00000      rel
   13  AKND               2015 08 11 00 00 00     0.00000    0.00000    0.00000      rel
   14  YCDP               2015 08 10 00 00 00     0.00000    0.00000    0.00000      abs
   15  YCDP               2015 08 10 02 00 00                           0.00000      rel
   16  YCDP               2015 08 10 04 00 00                           0.00000      rel
   17  YCDP               2015 08 10 06 00 00                           0.00000      rel
   18  YCDP               2015 08 10 08 00 00                           0.00000      rel
   19  YCDP               2015 08 10 10 00 00                           0.00000      rel
   20  YCDP               2015 08 10 12 00 00                           0.00000      rel
   21  YCDP               2015 08 10 14 00 00                           0.00000      rel
   22  YCDP               2015 08 10 16 00 00                           0.00000      rel
   23  YCDP               2015 08 10 18 00 00                           0.00000      rel
   24  YCDP               2015 08 10 20 00 00                           0.00000      rel
   25  YCDP               2015 08 10 22 00 00                           0.00000      rel
   26  YCDP               2015 08 11 00 00 00     0.00000    0.00000    0.00000      rel
 
 
 IONOSPHERE MODELS:                          
 -----------------

 NO IONOSPHERE MODELS APPLIED


1150810P                                                                                            PROGRAM GPSEST   28-SEP-17 14:03
 GPSEST FINALL 2015 2221                                                                            BERNESE GPS SOFTWARE VERSION 5.0
 -----------------------------------------------------------------------------------------------------------------------------------


 8. POLE COORDINATES AND TIME INFORMATION
 ----------------------------------------
 
 A PRIORI POLE AND TIME INFORMATION FROM THE POLE FILE:
 -----------------------------------------------------
 
 DATUM       TIME       X-POLE (")  Y-POLE (")  UT1-UTC (S) GPS-UTC (S)  RMS XP (")  RMS YP (")  RMS DT (S)
                        EP-CPO (")  PS-CPO (")                           RMS EP (")  RMS PS (")
 -----------------------------------------------------------------------------------------------------------------------------------

 15-08-10 00:00:00     0.21130     0.40664     0.292699       17.        0.00004     0.00004     0.000006
                       0.00000     0.00000                               0.00002     0.00005
 15-08-11 00:00:00     0.21208     0.40495     0.292121       17.        0.00004     0.00004     0.000006
                       0.00000     0.00000                               0.00002     0.00005

 NUTATION MODEL:           NO              
 SUBDAILY POLE MODEL:      RAY             



1150810P                                                                                            PROGRAM GPSEST   28-SEP-17 14:03
 GPSEST FINALL 2015 2221                                                                            BERNESE GPS SOFTWARE VERSION 5.0
 -----------------------------------------------------------------------------------------------------------------------------------


 12. TEST OUTPUT
 ---------------
 
 MIN. AND MAX. ELEVATION/NADIR ANGLES AND MAX. SYNCHRONIZATION ERRORS:
 --------------------------------------------------------------------
 
 SESS  FILE  STATION NAME 1    STATION NAME 2    MIN/MAX ELEV.  MIN/MAX NADIR  SYNCH. ERR. (NS)
 -----------------------------------------------------------------------------------------------------------------------------------

 2221    1   AKND              YCDP                9.8  89.1      0.2  14.0               0.0


1150810P                                                                                            PROGRAM GPSEST   28-SEP-17 14:03
 GPSEST FINALL 2015 2221                                                                            BERNESE GPS SOFTWARE VERSION 5.0
 -----------------------------------------------------------------------------------------------------------------------------------


 13. RESULTS (PART 1)
 --------------------
 
 NUMBER OF PARAMETERS (PART 1):
 -----------------------------
 
 PARAMETER TYPE                                     #PARAMETERS   #PRE-ELIMINATED        #SET-UP  #NO-OBS  #REF     #SINGULAR
 -----------------------------------------------------------------------------------------------------------------------------------

 STATION COORDINATES                                      6           0                      6        0        0        0
 AMBIGUITIES                                             24          24  (BEFORE INV)       25        1        0        1
 SITE-SPECIFIC TROPOSPHERE PARAMETERS                    34          34  (AFTER INV)        34        0        0        0
 
 -----------------------------------------------------------------------------------------------------------------------------------
 TOTAL NUMBER OF PARAMETERS                              64          58                     65        1        0        1
 -----------------------------------------------------------------------------------------------------------------------------------
 
 
 NUMBER OF OBSERVATIONS (PART 1):
 -------------------------------
 
 TYPE         FREQUENCY         FILE              #OBSERVATIONS
 -----------------------------------------------------------------------------------------------------------------------------------

 PHASE           L3              ALL                  21090
 
 -----------------------------------------------------------------------------------------------------------------------------------
 TOTAL NUMBER OF OBSERVATIONS                         21090
 -----------------------------------------------------------------------------------------------------------------------------------
 
 
 A POSTERIORI SIGMA OF UNIT WEIGHT (PART 1):
 ------------------------------------------

 A POSTERIORI SIGMA OF UNIT WEIGHT  :    0.0038 M  (SIGMA OF ONE-WAY L1 PHASE OBSERVABLE)

 DEGREE OF FREEDOM (DOF)            :     21027
 CHI**2/DOF                         :      3.63


1150810P                                                                                            PROGRAM GPSEST   28-SEP-17 14:03
 GPSEST FINALL 2015 2221                                                                            BERNESE GPS SOFTWARE VERSION 5.0
 -----------------------------------------------------------------------------------------------------------------------------------


 STATION COORDINATES:                       D:/GPSC\150810P\STA\FN152221.CRD
 -------------------
 
 NUM  STATION NAME     PARAMETER    A PRIORI VALUE       NEW VALUE     NEW- A PRIORI  RMS ERROR   3-D ELLIPSOID       2-D ELLIPSE
 -----------------------------------------------------------------------------------------------------------------------------------

   1  AKND             X            -2973031.7000      -2973031.7000      0.0000      0.0002               
                       Y             5076081.7224       5076081.7224      0.0000      0.0002               
                       Z             2456680.9398       2456680.9398      0.0000      0.0002               

                       HEIGHT             66.4080            66.4080      0.0000      0.0002      0.0002    0.0
                       LATITUDE     22 48 11.945963    22 48 11.945963    0.0000      0.0002      0.0002   90.0      0.0002   90.0
                       LONGITUDE   120 21 26.133212   120 21 26.133212    0.0000      0.0002      0.0002    0.0      0.0002

   2  YCDP             X            -2972844.1816      -2972844.1694      0.0122      0.0007               
                       Y             5078166.8925       5078166.8720     -0.0205      0.0013               
                       Z             2452574.1178       2452574.1025     -0.0153      0.0014               

                       HEIGHT             47.6865            47.6586     -0.0279      0.0014      0.0014   18.0
                       LATITUDE     22 45 47.399021    22 45 47.398862   -0.0049      0.0014      0.0004  105.9      0.0004  105.9
                       LONGITUDE   120 20 43.521508   120 20 43.521502   -0.0002      0.0005      0.0015    0.5      0.0015


1150810P                                                                                            PROGRAM GPSEST   28-SEP-17 14:03
 GPSEST FINALL 2015 2221                                                                            BERNESE GPS SOFTWARE VERSION 5.0
 -----------------------------------------------------------------------------------------------------------------------------------


 SITE-SPECIFIC TROPOSPHERE PARAMETERS:      (NOT SAVED)
 ------------------------------------

 REFERENCE ELEVATION ANGLE OF GRADIENT TERMS :   51.8 DEGREES
 MINIMUM ELEVATION ANGLE                     :    3.0 DEGREES
 MAPPING FACTOR AT MINIMUM ELEVATION ANGLE   :  364.6

                               CORRECTIONS (M)             RMS ERRORS (M)             ZENITH VECTOR (")         ERROR ELLIPSE (M)   
 REQU. STATION NAME        NORTH    EAST    ZENITH     NORTH    EAST    ZENITH     ANGLE   RMS   RATIO  AZI   MAX RMS  MIN RMS  AZI 
 -----------------------------------------------------------------------------------------------------------------------------------

    1  AKND               0.02943  0.22614-28.86801   0.01696  0.01504  5.63138      0.0    0.0    0.0  263   0.01751  0.01439  154
    2  AKND               0.03204  0.20620-26.74435   0.01485  0.01314  5.52565      0.0    0.0    0.0  261   0.01527  0.01264  155
    3  AKND               0.03465  0.18626-30.39933   0.01292  0.01135  5.47603      0.0    0.0    0.0  259   0.01323  0.01099  157
    4  AKND               0.03726  0.16632-29.19987   0.01126  0.00975  5.39990      0.0    0.0    0.0  257   0.01148  0.00949  160
    5  AKND               0.03987  0.14638-30.61514   0.00999  0.00844  5.37704      0.0    0.0    0.0  255   0.01017  0.00823  162
    6  AKND               0.04248  0.12644-30.46921   0.00930  0.00757  5.32053      0.0    0.0    0.0  251   0.00948  0.00734  162
    7  AKND               0.04509  0.10650-30.39275   0.00930  0.00731  5.34784      0.0    0.0    0.0  247   0.00955  0.00697  160
    8  AKND               0.04770  0.08656-30.36181   0.00999  0.00771  5.33385      0.0    0.0    0.0  241   0.01037  0.00719  158
    9  AKND               0.05031  0.06662-33.34736   0.01126  0.00868  5.36946      0.0    0.0    0.0  233   0.01178  0.00795  156
   10  AKND               0.05291  0.04668-31.86491   0.01292  0.01006  5.40472      0.0    0.0    0.0  221   0.01361  0.00911  155
   11  AKND               0.05552  0.02674-32.91382   0.01485  0.01171  5.47959      0.0    0.0    0.0  206   0.01570  0.01054  154
   12  AKND               0.05813  0.00680-34.44232   0.01696  0.01352  5.53557      0.0    0.0    0.0  187   0.01798  0.01214  153
   13  AKND               0.06074 -0.01314-33.94395   0.01919  0.01544  5.69672      0.0    0.0    0.0  168   0.02036  0.01386  153
   14  YCDP               0.04963  0.23172-28.87699   0.01724  0.01500  5.63138      0.0    0.0    0.0  258   0.01774  0.01440  156
   15  YCDP               0.05261  0.21189-26.74601   0.01510  0.01309  5.52572      0.0    0.0    0.0  256   0.01549  0.01263  157
   16  YCDP               0.05559  0.19207-30.40361   0.01314  0.01130  5.47605      0.0    0.0    0.0  254   0.01344  0.01095  159
   17  YCDP               0.05856  0.17225-29.20899   0.01146  0.00970  5.39993      0.0    0.0    0.0  251   0.01169  0.00943  161
   18  YCDP               0.06154  0.15243-30.61663   0.01020  0.00838  5.37707      0.0    0.0    0.0  248   0.01039  0.00814  162
   19  YCDP               0.06452  0.13261-30.47690   0.00951  0.00750  5.32055      0.0    0.0    0.0  244   0.00972  0.00723  162
   20  YCDP               0.06750  0.11279-30.39191   0.00953  0.00722  5.34786      0.0    0.0    0.0  239   0.00981  0.00684  161
   21  YCDP               0.07047  0.09297-30.37033   0.01024  0.00762  5.33390      0.0    0.0    0.0  233   0.01064  0.00706  159
   22  YCDP               0.07345  0.07315-33.34998   0.01153  0.00859  5.36948      0.0    0.0    0.0  225   0.01207  0.00783  157
   23  YCDP               0.07643  0.05332-31.86467   0.01323  0.00997  5.40474      0.0    0.0    0.0  215   0.01391  0.00900  156
   24  YCDP               0.07941  0.03350-32.92156   0.01519  0.01162  5.47966      0.0    0.0    0.0  203   0.01602  0.01045  155
   25  YCDP               0.08238  0.01368-34.44376   0.01734  0.01343  5.53569      0.0    0.0    0.0  189   0.01831  0.01207  155
   26  YCDP               0.08536 -0.00614-33.94974   0.01960  0.01536  5.69684      0.0    0.0    0.0  176   0.02072  0.01381  154


1150810P                                                                                            PROGRAM GPSEST   28-SEP-17 14:03
 GPSEST FINALL 2015 2221                                                                            BERNESE GPS SOFTWARE VERSION 5.0
 -----------------------------------------------------------------------------------------------------------------------------------


 RMS ERRORS OF ELLIPS. COORDINATES AND COORDINATE DIFFER. IN MM   (PART 1):
 -------------------------------------------------------------------------

 ---------------------------
 | NUM |   |     1      2  |
 ---------------------------
 |     | B |    0.2    1.4 |
 |   1 | L |    0.2    0.5 |
 |     | H |    0.2    1.4 |
 |     |   |               |
 |     | B |    1.4    1.4 |
 |   2 | L |    0.5    0.5 |
 |     | H |    1.4    1.4 |
 ---------------------------


1150810P                                                                                            PROGRAM GPSEST   28-SEP-17 14:03
 GPSEST FINALL 2015 2221                                                                            BERNESE GPS SOFTWARE VERSION 5.0
 -----------------------------------------------------------------------------------------------------------------------------------


 SLOPE DISTANCES AND RMS ERRORS IN M  (PART 1):
 ---------------------------------------------

 -------------------------
 | NUM |   |       2 N   |
 -------------------------
 |   1 | O |   4609.6729 |
 |   N | N |   4609.6778 |
 |     |RMS|      0.0015 |
 -------------------------
