 
 ===================================================================================================================================
 Program : GPSEST                                                                                  Bernese GPS Software Version 5.0
 Purpose : Parameter estimation
 Campaign: D:/GPSC\150814P                                                                         Default session: 2261 year 2015
 Date    : 28-Sep-2017 14:05                                                                       User name      : Pei-Ching
 ===================================================================================================================================


 GPSEST FINALL 2015 2261
 -----------------------------------------------------------------------------------------------------------------------------------




1150814P                                                                                            PROGRAM GPSEST   28-SEP-17 14:05
 GPSEST FINALL 2015 2261                                                                            BERNESE GPS SOFTWARE VERSION 5.0
 -----------------------------------------------------------------------------------------------------------------------------------


 TABLE OF CONTENTS
 -----------------
 
  1. CAMPAIGNS
  2. OBSERVATION FILES
  3. GENERAL OPTIONS
  4. STATIONS
  5. SATELLITE ORBITS
  6. ATMOSPHERE
  7. CLOCK PARAMETERS
  8. POLE COORDINATES AND TIME INFORMATION
  9. ANTENNA PHASE CENTERS
 10. CONSTANTS
 11. PARAMETER CHARACTERIZATION LIST
 12. TEST OUTPUT
 13. RESULTS (PART 1)
 14. RESULTS (PART 2)



1150814P                                                                                            PROGRAM GPSEST   28-SEP-17 14:05
 GPSEST FINALL 2015 2261                                                                            BERNESE GPS SOFTWARE VERSION 5.0
 -----------------------------------------------------------------------------------------------------------------------------------


 INPUT AND OUTPUT FILENAMES
 --------------------------

 -----------------------------------------------------------------------------------------------------------------------------------
 Session table               : D:/GPSC\150814P\STA\SESSIONS.SES
 General constants           : ${X}/GEN\CONST.
 Geodetic datum              : ${X}/GEN\DATUM.
 Station information         :  ---
 Earth rotation parameters   : D:/GPSC\150814P\ORB\C04_2015.ERP
 Subdaily pole model         : ${X}/GEN\IERS2000.SUB
 Nutation model              : ${X}/GEN\IAU2000.NUT
 Satellite information       : ${X}/GEN\SATELLIT.
 Receiver information        : ${X}/GEN\RECEIVER.
 Satellite problems          : ${X}/GEN\SAT_2015.CRX
 Phase center eccentricities : ${X}/GEN\PHAS_PRO.01
 SINEX general input file    : ${X}/GEN\SINEX.
 IONEX control file          : ${X}/GEN\IONEX.
 Difference GPS-UTC          :  ---
 A priori station coordinates: D:/GPSC\150814P\STA\GPS_RES.CRD
 GNSS standard orbits        : D:/GPSC\150814P\ORB\20152261.STD
 GNSS orbit partials         :  ---
 Ionosphere models           :  ---
 Troposphere estimates       :  ---
 Station sigma factors       :  ---
 Station eccentricities      :  ---
 Ocean loading tables        :  ---
 GNSS clock corrections      :  ---
 Differential code biases    :  ---
 Receiver antenna orientation:  ---
 Kinematic coordinates       :  ---
 Kinematic velocities        :  ---
 Standard orbit(s)           :  ---
 Orbit partials              :  ---
 Attitude data               :  ---
 Precise orbit(s)            :  ---
 LEO orbital elements        :  ---
 Station coordinates         : D:/GPSC\150814P\STA\FN152261.CRD
 GNSS orbital elements       :  ---
 Troposphere estimates       :  ---
 Troposphere SINEX           :  ---
 Ionosphere models           :  ---
 IONEX                       :  ---
 Residuals                   :  ---
 Coordinate covariance matrix:  ---
 Full covariance matrix      :  ---
 Normal equations            : D:/GPSC\150814P\SOL\FN152261.NQ0
 Bernese ERP file            :  ---
 IERS ERP file               :  ---
 GNSS clock corrections      :  ---
 Clock RINEX                 :  ---
 Kinematic coordinates       :  ---
 Differential code biases    :  ---
 Phase center variations (gri:  ---
 Phase center variations (har:  ---
 Scratch file                : ${U}/WORK\GPSEST.SCR
 Scratch files               : ${U}/WORK\GPSEST.SC1
 Program output              : D:/GPSC\150814P\OUT\FN152261.OUT
 Error message               : ${U}/WORK\ERROR.MSG
 -----------------------------------------------------------------------------------------------------------------------------------




1150814P                                                                                            PROGRAM GPSEST   28-SEP-17 14:05
 GPSEST FINALL 2015 2261                                                                            BERNESE GPS SOFTWARE VERSION 5.0
 -----------------------------------------------------------------------------------------------------------------------------------


 1. CAMPAIGNS
 ------------
 
 CAMPAIGN NAME      NUM STATION NAME       NUM STATION NAME       NUM STATION NAME       NUM STATION NAME       NUM STATION NAME
 -----------------------------------------------------------------------------------------------------------------------------------

 150814P         :    1 AKND                 2 YCDP            

 
 2. OBSERVATION FILES
 --------------------

 -----------------------------------------------------------------------------------------------------------------------------------
 150814P         
 -----------------------------------------------------------------------------------------------------------------------------------

 MAIN CHARACTERISTICS:
 --------------------
 
 FILE  OBSERVATION FILE HEADER          OBSERVATION FILE                  SESS     RECEIVER 1            RECEIVER 2
 -----------------------------------------------------------------------------------------------------------------------------------

    1  D:/GPSC\150814P\OBS\AKYC2261.PSH D:/GPSC\150814P\OBS\AKYC2261.PSO  2261     TRIMBLE 5700          LEICA GR10          
 
                                                                                                       AMB.I.+S.      #CLUSTERS
 FILE TYP FREQ.  STATION 1        STATION 2        SESS  FIRST OBSERV.TIME  #EPO  DT #EF #CLK ARC #SAT  W 12    #AMB  L1  L2  L5  RM
 -----------------------------------------------------------------------------------------------------------------------------------

    1  P  L3     AKND             YCDP             2261  15-08-14  0:00:00  2880  30   0  E E  1   31   N  Y  N   67  15  15  67   0
 
 
 SATELLITES:
 ----------
 
 FILE  #SAT  SATELLITES
 -----------------------------------------------------------------------------------------------------------------------------------

    1   31     1   2   3   4   5   6   7   8   9  11  12  13  14  15  16  17  18  19  20  21  22  23  24  25  26  27  28  29  30  31
              32
 
 
 OBSERVATION SELECTION:
 ---------------------

 SAMPLING RATE           :    0 SEC
 ELEVATION CUT-OFF ANGLE :    3 DEGREES
 SATELLITE SYSTEM        : GPS    
 SPECIAL DATA SELECTION  : NO           


1150814P                                                                                            PROGRAM GPSEST   28-SEP-17 14:05
 GPSEST FINALL 2015 2261                                                                            BERNESE GPS SOFTWARE VERSION 5.0
 -----------------------------------------------------------------------------------------------------------------------------------


 3. GENERAL OPTIONS
 ------------------
 
 TIDAL CORRECTION OF STATION COORDINATES :   IERS CONVENTIONS 2000
 
 
 A PRIORI SIGMA OF UNIT WEIGHT:
 -----------------------------

 A PRIORI SIGMA OF UNIT WEIGHT           :   0.002 M  (SIGMA OF ONE-WAY L1 PHASE OBSERVABLE)

 MODEL FOR ELEVATION-DEPENDENT WEIGHTING :   NONE

 POLARIZATION EFFECT                     :   NOT CONSIDERED
 
 
 CORRELATIONS AND SESSIONS:
 -------------------------

 STRATEGY       : CORRELATIONS CORRECTLY MODELLED
 TIME INTERVAL  :    0.10000 SEC (TO IDENTIFY EPOCH)
 
 SESS  #FILE  FILE NUMBERS
 -----------------------------------------------------------------------------------------------------------------------------------

 2261    1      1
 
 
 AMBIGUITY RESOLUTION STRATEGY:
 -----------------------------

 AMBIGUITIES PRE-ELIMINATED EVERY EPOCH
 
 
 SYNCHRONIZATION ERRORS:
 ----------------------

 STRATEGY       : SYNCHRONIZATION ERRORS NOT APPLIED


 4. STATIONS
 -----------

 Local geodetic datum:                      ${X}/GEN\DATUM.
 
 Datum name         Ell. param./ Scale      Shifts to WGS-84       Rotations to WGS-84
 -----------------------------------------------------------------------------------------------------------------------------------
 ITRF2008           A  =  6378137.000 m     DX =      0.0000 m     RX =     0.00000 arcsec
                    1/F=  298.2572221       DY =      0.0000 m     RY =     0.00000 arcsec
                    SC =  0.00000D+00       DZ =      0.0000 m     RZ =     0.00000 arcsec


 A priori station coordinates:              D:/GPSC\150814P\STA\GPS_RES.CRD

                                            A priori station coordinates                      A priori station coordinates
                                                      WGS-84                              Ellipsoidal in local geodetic datum
 -----------------------------------------------------------------------------------------------------------------------------------
 num  Station name     obs e/f/h    X (m)           Y (m)           Z (m)           Latitude           Longitude          Height (m)
 -----------------------------------------------------------------------------------------------------------------------------------
   1  AKND              Y  ESTIM   -2973031.7000    5076081.7224    2456680.9398     22 48 11.945963    120 21 26.133212     66.4080
   2  YCDP              Y  ESTIM   -2972844.1790    5078166.8885    2452574.1138     22 45 47.398962    120 20 43.521501     47.6805


 A priori sigma:                            D:/GPSC\150814P\STA\FIXSTA.SIG

                            Station coordinates a priori sigma
                                 in local geodetic datum
 -----------------------------------------------------------------------------------------------------------------------------------
 num  Station name          N (m)        E (m)        U (m)
 -----------------------------------------------------------------------------------------------------------------------------------
   1  AKND                  0.00010      0.00010      0.00010




1150814P                                                                                            PROGRAM GPSEST   28-SEP-17 14:05
 GPSEST FINALL 2015 2261                                                                            BERNESE GPS SOFTWARE VERSION 5.0
 -----------------------------------------------------------------------------------------------------------------------------------


 5. SATELLITE ORBITS
 -------------------
 
 ARC CHARACTERISTICS:
 -------------------
 
 ARC  START OF ARC       END OF ARC         SOURCE      #SAT SATELLITES
 -----------------------------------------------------------------------------------------------------------------------------------

   1  15-08-14 00:00:00  15-08-15 00:00:00  PR2015.226   31    1   2   3   4   5   6   7   8   9  11  12  13  14  15  16  17  18  19
                                                              20  21  22  23  24  25  26  27  28  29  30  31  32
 
 
 OSCULATING ELEMENTS:                       D:/GPSC\150814P\ORB\20152261.STD
 -------------------

 REFERENCE SYSTEM:  J2000.0
 REFERENCE EPOCH :  57248.0000000 MJD   (2015  8 14  0  0  0.00)
 
 SAT   S.MAJ.AXIS   ECCENTRIC.    INCLINAT.      NODE       PERIGEE     M. ANOMALY   PER.PASS.TIME
 -----------------------------------------------------------------------------------------------------------------------------------

   1   26558362.6   0.00461856    55.251926   127.417471    26.099219  -115.368954   57248.1597665
   2   26560299.6   0.01469851    54.031926   125.167063   231.591499   -84.204481   57248.1166217
   3   26560751.1   0.00073205    54.948633  -172.997921  -144.006618    -7.291201   57248.0100984
   4   26558986.0   0.01172925    53.977289   126.035504    62.359667  -127.487610   57248.1765550
   5   26558190.0   0.00425080    54.213742  -173.463237    21.760882    59.071425   57247.9181969
   6   26563535.1   0.00021725    55.247365   126.932209   157.233190    20.870896   57247.9710889
   7   26560103.6   0.00886486    55.500065   -51.464702   203.816722  -151.349424   57248.2096139
   8   26560547.5   0.00134851    55.081235    66.875861  -102.037573    91.404422   57247.8734047
   9   26560189.5   0.00037775    54.718790  -113.218959   163.711078   -46.874656   57248.0649202
  11   26560115.0   0.01619283    51.314214   107.020823    82.338170  -148.428260   57248.2055684
  12   26560160.3   0.00552182    56.738413     9.845015  -323.306880   178.460349   57247.7528375
  13   26561962.5   0.00479702    55.674586  -106.542323   119.453991  -105.292623   57248.1458421
  14   26558532.9   0.00840573    55.241872  -108.558205  -112.607430     5.655895   57247.9921675
  15   26562144.0   0.00733416    53.337169  -115.831393    22.430893   -32.375189   57248.0448437
  16   26557775.7   0.00804760    56.768264    10.915273    18.076607    63.016457   57247.9127358
  17   26557877.0   0.01025431    55.835962    69.661852  -115.087962     5.347146   57247.9925953
  18   26561449.4   0.01636977    52.991485  -174.319947  -110.929493    95.250336   57247.8680714
  19   26576760.2   0.01138986    55.673511    72.486525    36.295201   -45.275675   57248.0627643
  20   26560235.3   0.00482954    53.067142  -177.309504    68.706308   -29.224682   57248.0404755
  21   26561528.2   0.02250205    53.635096   125.972814  -108.050163   153.618207   57247.7872268
  22   26560517.7   0.00805276    52.865180  -174.262133  -116.619251    68.122504   57247.9056504
  23   26560095.9   0.01047565    54.204916  -112.766951   208.554550   -58.933308   57248.0816206
  24   26558468.7   0.00331650    54.531012   -53.884024    19.947985  -101.775261   57248.1409424
  25   26561573.6   0.00460229    56.075261     7.122087  -316.293071   140.112080   57247.8059333
  26   26558545.1   0.00021259    55.046484     6.897213    61.184776    47.780193   57247.9338318
  27   26561733.3   0.00266173    55.543570    66.899725    18.573748     4.688070   57247.9935066
  28   26561046.0   0.01962515    56.691626    11.215128   -95.159051    54.711942   57247.9242217
  29   26559898.4   0.00102626    55.887029    70.199628   -25.620142   147.824866   57247.7952698
  30   26562003.1   0.00165013    54.688773   -48.700018   173.662536  -150.987506   57248.2091351
  31   26561066.3   0.00798826    55.781474   -51.003177   329.785946  -155.312211   57248.2151140
  32   26559958.8   0.01132416    54.227916  -168.365601     5.501722  -125.953328   57248.1744398
 
 
 SATELLITE PROBLEMS:
 ------------------
 
 SAT  PROBLEM TYPE     ACTION         FROM               TO
 -----------------------------------------------------------------------------------------------------------------------------------

  10  BAD PHASE+CODE   OBS. REMOVED   15-08-04 00:00:00  15-09-17 23:59:59
  37  BAD PHASE+CODE   OBS. REMOVED   11-07-13 00:00:00  99-12-31 23:59:59
 125  BAD PHASE+CODE   OBS. REMOVED   13-07-30 00:00:00  99-12-31 23:59:59
 126  BAD PHASE+CODE   OBS. REMOVED   13-02-26 00:00:00  15-11-15 23:59:59
 127  BAD PHASE+CODE   OBS. REMOVED   14-11-30 00:00:00  99-12-31 23:59:59
 322  BAD PHASE+CODE   OBS. REMOVED   13-02-26 00:00:00  99-12-31 23:59:59


1150814P                                                                                            PROGRAM GPSEST   28-SEP-17 14:05
 GPSEST FINALL 2015 2261                                                                            BERNESE GPS SOFTWARE VERSION 5.0
 -----------------------------------------------------------------------------------------------------------------------------------


 6. ATMOSPHERE
 -------------

 TROPOSPHERE MODEL
 -----------------

 A priori troposphere model: Niell, dry part only
 Meteo/Trop.delay values   : Extrapolated

 Reference height :     0.00 m    Temperature at ref. height:    25.00 C
                                  Pressure    at ref. height:  1013.25 mbar
                                  Humidity    at ref. height:    70.00 %


 SITE-SPECIFIC TROPOSPHERE PARAMETERS
 ------------------------------------

 Mapping function used for delay estimation:  Wet Niell
 Troposphere gradient estimation           :  Tilted mapping

 Par   Station name       Reference epoch       sig_n (m)  sig_e (m)  sig_u (m)    abs/rel
 -----------------------------------------------------------------------------------------------------------------------------------

    1  AKND               2015 08 14 00 00 00     0.00000    0.00000    0.00000      abs
    2  AKND               2015 08 14 02 00 00                           0.00000      rel
    3  AKND               2015 08 14 04 00 00                           0.00000      rel
    4  AKND               2015 08 14 06 00 00                           0.00000      rel
    5  AKND               2015 08 14 08 00 00                           0.00000      rel
    6  AKND               2015 08 14 10 00 00                           0.00000      rel
    7  AKND               2015 08 14 12 00 00                           0.00000      rel
    8  AKND               2015 08 14 14 00 00                           0.00000      rel
    9  AKND               2015 08 14 16 00 00                           0.00000      rel
   10  AKND               2015 08 14 18 00 00                           0.00000      rel
   11  AKND               2015 08 14 20 00 00                           0.00000      rel
   12  AKND               2015 08 14 22 00 00                           0.00000      rel
   13  AKND               2015 08 15 00 00 00     0.00000    0.00000    0.00000      rel
   14  YCDP               2015 08 14 00 00 00     0.00000    0.00000    0.00000      abs
   15  YCDP               2015 08 14 02 00 00                           0.00000      rel
   16  YCDP               2015 08 14 04 00 00                           0.00000      rel
   17  YCDP               2015 08 14 06 00 00                           0.00000      rel
   18  YCDP               2015 08 14 08 00 00                           0.00000      rel
   19  YCDP               2015 08 14 10 00 00                           0.00000      rel
   20  YCDP               2015 08 14 12 00 00                           0.00000      rel
   21  YCDP               2015 08 14 14 00 00                           0.00000      rel
   22  YCDP               2015 08 14 16 00 00                           0.00000      rel
   23  YCDP               2015 08 14 18 00 00                           0.00000      rel
   24  YCDP               2015 08 14 20 00 00                           0.00000      rel
   25  YCDP               2015 08 14 22 00 00                           0.00000      rel
   26  YCDP               2015 08 15 00 00 00     0.00000    0.00000    0.00000      rel
 
 
 IONOSPHERE MODELS:                          
 -----------------

 NO IONOSPHERE MODELS APPLIED


1150814P                                                                                            PROGRAM GPSEST   28-SEP-17 14:05
 GPSEST FINALL 2015 2261                                                                            BERNESE GPS SOFTWARE VERSION 5.0
 -----------------------------------------------------------------------------------------------------------------------------------


 8. POLE COORDINATES AND TIME INFORMATION
 ----------------------------------------
 
 A PRIORI POLE AND TIME INFORMATION FROM THE POLE FILE:
 -----------------------------------------------------
 
 DATUM       TIME       X-POLE (")  Y-POLE (")  UT1-UTC (S) GPS-UTC (S)  RMS XP (")  RMS YP (")  RMS DT (S)
                        EP-CPO (")  PS-CPO (")                           RMS EP (")  RMS PS (")
 -----------------------------------------------------------------------------------------------------------------------------------

 15-08-14 00:00:00     0.21533     0.39959     0.290181       17.        0.00004     0.00004     0.000006
                       0.00000     0.00000                               0.00002     0.00004
 15-08-15 00:00:00     0.21706     0.39800     0.289421       17.        0.00004     0.00004     0.000006
                       0.00000     0.00000                               0.00002     0.00004

 NUTATION MODEL:           NO              
 SUBDAILY POLE MODEL:      RAY             



1150814P                                                                                            PROGRAM GPSEST   28-SEP-17 14:05
 GPSEST FINALL 2015 2261                                                                            BERNESE GPS SOFTWARE VERSION 5.0
 -----------------------------------------------------------------------------------------------------------------------------------


 12. TEST OUTPUT
 ---------------
 
 MIN. AND MAX. ELEVATION/NADIR ANGLES AND MAX. SYNCHRONIZATION ERRORS:
 --------------------------------------------------------------------
 
 SESS  FILE  STATION NAME 1    STATION NAME 2    MIN/MAX ELEV.  MIN/MAX NADIR  SYNCH. ERR. (NS)
 -----------------------------------------------------------------------------------------------------------------------------------

 2261    1   AKND              YCDP                9.8  89.1      0.2  14.0               0.0


1150814P                                                                                            PROGRAM GPSEST   28-SEP-17 14:05
 GPSEST FINALL 2015 2261                                                                            BERNESE GPS SOFTWARE VERSION 5.0
 -----------------------------------------------------------------------------------------------------------------------------------


 13. RESULTS (PART 1)
 --------------------
 
 NUMBER OF PARAMETERS (PART 1):
 -----------------------------
 
 PARAMETER TYPE                                     #PARAMETERS   #PRE-ELIMINATED        #SET-UP  #NO-OBS  #REF     #SINGULAR
 -----------------------------------------------------------------------------------------------------------------------------------

 STATION COORDINATES                                      6           0                      6        0        0        0
 AMBIGUITIES                                             13          13  (BEFORE INV)       15        2        0        1
 SITE-SPECIFIC TROPOSPHERE PARAMETERS                    34          34  (AFTER INV)        34        0        0        0
 
 -----------------------------------------------------------------------------------------------------------------------------------
 TOTAL NUMBER OF PARAMETERS                              53          47                     55        2        0        1
 -----------------------------------------------------------------------------------------------------------------------------------
 
 
 NUMBER OF OBSERVATIONS (PART 1):
 -------------------------------
 
 TYPE         FREQUENCY         FILE              #OBSERVATIONS
 -----------------------------------------------------------------------------------------------------------------------------------

 PHASE           L3              ALL                  22290
 
 -----------------------------------------------------------------------------------------------------------------------------------
 TOTAL NUMBER OF OBSERVATIONS                         22290
 -----------------------------------------------------------------------------------------------------------------------------------
 
 
 A POSTERIORI SIGMA OF UNIT WEIGHT (PART 1):
 ------------------------------------------

 A POSTERIORI SIGMA OF UNIT WEIGHT  :    0.0035 M  (SIGMA OF ONE-WAY L1 PHASE OBSERVABLE)

 DEGREE OF FREEDOM (DOF)            :     22238
 CHI**2/DOF                         :      3.03


1150814P                                                                                            PROGRAM GPSEST   28-SEP-17 14:05
 GPSEST FINALL 2015 2261                                                                            BERNESE GPS SOFTWARE VERSION 5.0
 -----------------------------------------------------------------------------------------------------------------------------------


 STATION COORDINATES:                       D:/GPSC\150814P\STA\FN152261.CRD
 -------------------
 
 NUM  STATION NAME     PARAMETER    A PRIORI VALUE       NEW VALUE     NEW- A PRIORI  RMS ERROR   3-D ELLIPSOID       2-D ELLIPSE
 -----------------------------------------------------------------------------------------------------------------------------------

   1  AKND             X            -2973031.7000      -2973031.7000      0.0000      0.0002               
                       Y             5076081.7224       5076081.7224      0.0000      0.0002               
                       Z             2456680.9398       2456680.9398      0.0000      0.0002               

                       HEIGHT             66.4080            66.4080      0.0000      0.0002      0.0002    0.0
                       LATITUDE     22 48 11.945963    22 48 11.945963    0.0000      0.0002      0.0002   90.0      0.0002   90.0
                       LONGITUDE   120 21 26.133212   120 21 26.133212    0.0000      0.0002      0.0002    0.0      0.0002

   2  YCDP             X            -2972844.1790      -2972844.1681      0.0109      0.0006               
                       Y             5078166.8885       5078166.8674     -0.0211      0.0012               
                       Z             2452574.1138       2452574.1025     -0.0113      0.0012               

                       HEIGHT             47.6805            47.6543     -0.0262      0.0012      0.0012   22.2
                       LATITUDE     22 45 47.398962    22 45 47.398921   -0.0013      0.0013      0.0003  106.1      0.0003  106.0
                       LONGITUDE   120 20 43.521501   120 20 43.521543    0.0012      0.0005      0.0013    0.7      0.0013


1150814P                                                                                            PROGRAM GPSEST   28-SEP-17 14:05
 GPSEST FINALL 2015 2261                                                                            BERNESE GPS SOFTWARE VERSION 5.0
 -----------------------------------------------------------------------------------------------------------------------------------


 SITE-SPECIFIC TROPOSPHERE PARAMETERS:      (NOT SAVED)
 ------------------------------------

 REFERENCE ELEVATION ANGLE OF GRADIENT TERMS :   51.8 DEGREES
 MINIMUM ELEVATION ANGLE                     :    3.0 DEGREES
 MAPPING FACTOR AT MINIMUM ELEVATION ANGLE   :  364.6

                               CORRECTIONS (M)             RMS ERRORS (M)             ZENITH VECTOR (")         ERROR ELLIPSE (M)   
 REQU. STATION NAME        NORTH    EAST    ZENITH     NORTH    EAST    ZENITH     ANGLE   RMS   RATIO  AZI   MAX RMS  MIN RMS  AZI 
 -----------------------------------------------------------------------------------------------------------------------------------

    1  AKND               0.04149  0.13742-30.48864   0.01403  0.01313  4.87777      0.0    0.0    0.0  253   0.01517  0.01180  143
    2  AKND               0.04684  0.12898-30.07176   0.01227  0.01150  4.80461      0.0    0.0    0.0  250   0.01323  0.01039  143
    3  AKND               0.05218  0.12055-29.73798   0.01068  0.00997  4.75221      0.0    0.0    0.0  247   0.01145  0.00907  144
    4  AKND               0.05753  0.11211-29.49754   0.00933  0.00858  4.69051      0.0    0.0    0.0  243   0.00993  0.00788  146
    5  AKND               0.06288  0.10368-29.02621   0.00834  0.00744  4.66156      0.0    0.0    0.0  239   0.00880  0.00689  149
    6  AKND               0.06823  0.09524-27.57191   0.00785  0.00666  4.62874      0.0    0.0    0.0  234   0.00824  0.00617  153
    7  AKND               0.07357  0.08681-28.83879   0.00796  0.00637  4.63442      0.0    0.0    0.0  230   0.00834  0.00585  155
    8  AKND               0.07892  0.07837-26.56095   0.00864  0.00664  4.62131      0.0    0.0    0.0  225   0.00909  0.00600  156
    9  AKND               0.08427  0.06994-27.70496   0.00977  0.00740  4.65135      0.0    0.0    0.0  220   0.01033  0.00660  155
   10  AKND               0.08962  0.06150-26.08856   0.01121  0.00854  4.67339      0.0    0.0    0.0  214   0.01191  0.00753  154
   11  AKND               0.09497  0.05307-27.11361   0.01287  0.00991  4.72717      0.0    0.0    0.0  209   0.01372  0.00870  153
   12  AKND               0.10031  0.04463-25.02469   0.01467  0.01144  4.78079      0.0    0.0    0.0  204   0.01568  0.01000  153
   13  AKND               0.10566  0.03620-25.56052   0.01656  0.01307  4.90102      0.0    0.0    0.0  199   0.01774  0.01141  152
   14  YCDP               0.06410  0.14372-30.49075   0.01437  0.01309  4.87784      0.0    0.0    0.0  246   0.01539  0.01186  146
   15  YCDP               0.06909  0.13520-30.07159   0.01259  0.01145  4.80470      0.0    0.0    0.0  243   0.01345  0.01043  146
   16  YCDP               0.07409  0.12668-29.74444   0.01099  0.00992  4.75223      0.0    0.0    0.0  240   0.01168  0.00909  147
   17  YCDP               0.07908  0.11816-29.50219   0.00963  0.00853  4.69055      0.0    0.0    0.0  236   0.01017  0.00788  149
   18  YCDP               0.08407  0.10963-29.03319   0.00864  0.00738  4.66159      0.0    0.0    0.0  233   0.00906  0.00686  153
   19  YCDP               0.08907  0.10111-27.57709   0.00816  0.00660  4.62879      0.0    0.0    0.0  229   0.00851  0.00613  156
   20  YCDP               0.09406  0.09259-28.84523   0.00826  0.00631  4.63443      0.0    0.0    0.0  225   0.00861  0.00581  157
   21  YCDP               0.09905  0.08406-26.56768   0.00893  0.00659  4.62136      0.0    0.0    0.0  220   0.00935  0.00598  158
   22  YCDP               0.10404  0.07554-27.70865   0.01007  0.00736  4.65138      0.0    0.0    0.0  216   0.01058  0.00661  157
   23  YCDP               0.10904  0.06702-26.09351   0.01152  0.00850  4.67342      0.0    0.0    0.0  212   0.01215  0.00757  156
   24  YCDP               0.11403  0.05850-27.12293   0.01319  0.00989  4.72726      0.0    0.0    0.0  207   0.01396  0.00876  155
   25  YCDP               0.11902  0.04997-25.02753   0.01501  0.01142  4.78087      0.0    0.0    0.0  203   0.01593  0.01010  154
   26  YCDP               0.12402  0.04145-25.57270   0.01692  0.01305  4.90115      0.0    0.0    0.0  198   0.01800  0.01152  154


1150814P                                                                                            PROGRAM GPSEST   28-SEP-17 14:05
 GPSEST FINALL 2015 2261                                                                            BERNESE GPS SOFTWARE VERSION 5.0
 -----------------------------------------------------------------------------------------------------------------------------------


 RMS ERRORS OF ELLIPS. COORDINATES AND COORDINATE DIFFER. IN MM   (PART 1):
 -------------------------------------------------------------------------

 ---------------------------
 | NUM |   |     1      2  |
 ---------------------------
 |     | B |    0.2    1.2 |
 |   1 | L |    0.2    0.4 |
 |     | H |    0.2    1.2 |
 |     |   |               |
 |     | B |    1.2    1.3 |
 |   2 | L |    0.4    0.5 |
 |     | H |    1.2    1.2 |
 ---------------------------


1150814P                                                                                            PROGRAM GPSEST   28-SEP-17 14:05
 GPSEST FINALL 2015 2261                                                                            BERNESE GPS SOFTWARE VERSION 5.0
 -----------------------------------------------------------------------------------------------------------------------------------


 SLOPE DISTANCES AND RMS ERRORS IN M  (PART 1):
 ---------------------------------------------

 -------------------------
 | NUM |   |       2 N   |
 -------------------------
 |   1 | O |   4609.6748 |
 |   N | N |   4609.6758 |
 |     |RMS|      0.0013 |
 -------------------------
