 
 ===================================================================================================================================
 Program : GPSEST                                                                                  Bernese GPS Software Version 5.0
 Purpose : Parameter estimation
 Campaign: D:/GPSC\150815P                                                                         Default session: 2271 year 2015
 Date    : 28-Sep-2017 14:05                                                                       User name      : Pei-Ching
 ===================================================================================================================================


 GPSEST FINALL 2015 2271
 -----------------------------------------------------------------------------------------------------------------------------------




1150815P                                                                                            PROGRAM GPSEST   28-SEP-17 14:05
 GPSEST FINALL 2015 2271                                                                            BERNESE GPS SOFTWARE VERSION 5.0
 -----------------------------------------------------------------------------------------------------------------------------------


 TABLE OF CONTENTS
 -----------------
 
  1. CAMPAIGNS
  2. OBSERVATION FILES
  3. GENERAL OPTIONS
  4. STATIONS
  5. SATELLITE ORBITS
  6. ATMOSPHERE
  7. CLOCK PARAMETERS
  8. POLE COORDINATES AND TIME INFORMATION
  9. ANTENNA PHASE CENTERS
 10. CONSTANTS
 11. PARAMETER CHARACTERIZATION LIST
 12. TEST OUTPUT
 13. RESULTS (PART 1)
 14. RESULTS (PART 2)



1150815P                                                                                            PROGRAM GPSEST   28-SEP-17 14:05
 GPSEST FINALL 2015 2271                                                                            BERNESE GPS SOFTWARE VERSION 5.0
 -----------------------------------------------------------------------------------------------------------------------------------


 INPUT AND OUTPUT FILENAMES
 --------------------------

 -----------------------------------------------------------------------------------------------------------------------------------
 Session table               : D:/GPSC\150815P\STA\SESSIONS.SES
 General constants           : ${X}/GEN\CONST.
 Geodetic datum              : ${X}/GEN\DATUM.
 Station information         :  ---
 Earth rotation parameters   : D:/GPSC\150815P\ORB\C04_2015.ERP
 Subdaily pole model         : ${X}/GEN\IERS2000.SUB
 Nutation model              : ${X}/GEN\IAU2000.NUT
 Satellite information       : ${X}/GEN\SATELLIT.
 Receiver information        : ${X}/GEN\RECEIVER.
 Satellite problems          : ${X}/GEN\SAT_2015.CRX
 Phase center eccentricities : ${X}/GEN\PHAS_PRO.01
 SINEX general input file    : ${X}/GEN\SINEX.
 IONEX control file          : ${X}/GEN\IONEX.
 Difference GPS-UTC          :  ---
 A priori station coordinates: D:/GPSC\150815P\STA\GPS_RES.CRD
 GNSS standard orbits        : D:/GPSC\150815P\ORB\20152271.STD
 GNSS orbit partials         :  ---
 Ionosphere models           :  ---
 Troposphere estimates       :  ---
 Station sigma factors       :  ---
 Station eccentricities      :  ---
 Ocean loading tables        :  ---
 GNSS clock corrections      :  ---
 Differential code biases    :  ---
 Receiver antenna orientation:  ---
 Kinematic coordinates       :  ---
 Kinematic velocities        :  ---
 Standard orbit(s)           :  ---
 Orbit partials              :  ---
 Attitude data               :  ---
 Precise orbit(s)            :  ---
 LEO orbital elements        :  ---
 Station coordinates         : D:/GPSC\150815P\STA\FN152271.CRD
 GNSS orbital elements       :  ---
 Troposphere estimates       :  ---
 Troposphere SINEX           :  ---
 Ionosphere models           :  ---
 IONEX                       :  ---
 Residuals                   :  ---
 Coordinate covariance matrix:  ---
 Full covariance matrix      :  ---
 Normal equations            : D:/GPSC\150815P\SOL\FN152271.NQ0
 Bernese ERP file            :  ---
 IERS ERP file               :  ---
 GNSS clock corrections      :  ---
 Clock RINEX                 :  ---
 Kinematic coordinates       :  ---
 Differential code biases    :  ---
 Phase center variations (gri:  ---
 Phase center variations (har:  ---
 Scratch file                : ${U}/WORK\GPSEST.SCR
 Scratch files               : ${U}/WORK\GPSEST.SC1
 Program output              : D:/GPSC\150815P\OUT\FN152271.OUT
 Error message               : ${U}/WORK\ERROR.MSG
 -----------------------------------------------------------------------------------------------------------------------------------




1150815P                                                                                            PROGRAM GPSEST   28-SEP-17 14:05
 GPSEST FINALL 2015 2271                                                                            BERNESE GPS SOFTWARE VERSION 5.0
 -----------------------------------------------------------------------------------------------------------------------------------


 1. CAMPAIGNS
 ------------
 
 CAMPAIGN NAME      NUM STATION NAME       NUM STATION NAME       NUM STATION NAME       NUM STATION NAME       NUM STATION NAME
 -----------------------------------------------------------------------------------------------------------------------------------

 150815P         :    1 AKND                 2 YCDP            

 
 2. OBSERVATION FILES
 --------------------

 -----------------------------------------------------------------------------------------------------------------------------------
 150815P         
 -----------------------------------------------------------------------------------------------------------------------------------

 MAIN CHARACTERISTICS:
 --------------------
 
 FILE  OBSERVATION FILE HEADER          OBSERVATION FILE                  SESS     RECEIVER 1            RECEIVER 2
 -----------------------------------------------------------------------------------------------------------------------------------

    1  D:/GPSC\150815P\OBS\AKYC2271.PSH D:/GPSC\150815P\OBS\AKYC2271.PSO  2271     TRIMBLE 5700          LEICA GR10          
 
                                                                                                       AMB.I.+S.      #CLUSTERS
 FILE TYP FREQ.  STATION 1        STATION 2        SESS  FIRST OBSERV.TIME  #EPO  DT #EF #CLK ARC #SAT  W 12    #AMB  L1  L2  L5  RM
 -----------------------------------------------------------------------------------------------------------------------------------

    1  P  L3     AKND             YCDP             2271  15-08-15  0:00:00  2880  30   0  E E  1   31   N  Y  N   67  21  21  67   0
 
 
 SATELLITES:
 ----------
 
 FILE  #SAT  SATELLITES
 -----------------------------------------------------------------------------------------------------------------------------------

    1   31     1   2   3   4   5   6   7   8   9  11  12  13  14  15  16  17  18  19  20  21  22  23  24  25  26  27  28  29  30  31
              32
 
 
 OBSERVATION SELECTION:
 ---------------------

 SAMPLING RATE           :    0 SEC
 ELEVATION CUT-OFF ANGLE :    3 DEGREES
 SATELLITE SYSTEM        : GPS    
 SPECIAL DATA SELECTION  : NO           


1150815P                                                                                            PROGRAM GPSEST   28-SEP-17 14:05
 GPSEST FINALL 2015 2271                                                                            BERNESE GPS SOFTWARE VERSION 5.0
 -----------------------------------------------------------------------------------------------------------------------------------


 3. GENERAL OPTIONS
 ------------------
 
 TIDAL CORRECTION OF STATION COORDINATES :   IERS CONVENTIONS 2000
 
 
 A PRIORI SIGMA OF UNIT WEIGHT:
 -----------------------------

 A PRIORI SIGMA OF UNIT WEIGHT           :   0.002 M  (SIGMA OF ONE-WAY L1 PHASE OBSERVABLE)

 MODEL FOR ELEVATION-DEPENDENT WEIGHTING :   NONE

 POLARIZATION EFFECT                     :   NOT CONSIDERED
 
 
 CORRELATIONS AND SESSIONS:
 -------------------------

 STRATEGY       : CORRELATIONS CORRECTLY MODELLED
 TIME INTERVAL  :    0.10000 SEC (TO IDENTIFY EPOCH)
 
 SESS  #FILE  FILE NUMBERS
 -----------------------------------------------------------------------------------------------------------------------------------

 2271    1      1
 
 
 AMBIGUITY RESOLUTION STRATEGY:
 -----------------------------

 AMBIGUITIES PRE-ELIMINATED EVERY EPOCH
 
 
 SYNCHRONIZATION ERRORS:
 ----------------------

 STRATEGY       : SYNCHRONIZATION ERRORS NOT APPLIED


 4. STATIONS
 -----------

 Local geodetic datum:                      ${X}/GEN\DATUM.
 
 Datum name         Ell. param./ Scale      Shifts to WGS-84       Rotations to WGS-84
 -----------------------------------------------------------------------------------------------------------------------------------
 ITRF2008           A  =  6378137.000 m     DX =      0.0000 m     RX =     0.00000 arcsec
                    1/F=  298.2572221       DY =      0.0000 m     RY =     0.00000 arcsec
                    SC =  0.00000D+00       DZ =      0.0000 m     RZ =     0.00000 arcsec


 A priori station coordinates:              D:/GPSC\150815P\STA\GPS_RES.CRD

                                            A priori station coordinates                      A priori station coordinates
                                                      WGS-84                              Ellipsoidal in local geodetic datum
 -----------------------------------------------------------------------------------------------------------------------------------
 num  Station name     obs e/f/h    X (m)           Y (m)           Z (m)           Latitude           Longitude          Height (m)
 -----------------------------------------------------------------------------------------------------------------------------------
   1  AKND              Y  ESTIM   -2973031.7000    5076081.7224    2456680.9398     22 48 11.945963    120 21 26.133212     66.4080
   2  YCDP              Y  ESTIM   -2972844.1768    5078166.8862    2452574.1178     22 45 47.399120    120 20 43.521475     47.6792


 A priori sigma:                            D:/GPSC\150815P\STA\FIXSTA.SIG

                            Station coordinates a priori sigma
                                 in local geodetic datum
 -----------------------------------------------------------------------------------------------------------------------------------
 num  Station name          N (m)        E (m)        U (m)
 -----------------------------------------------------------------------------------------------------------------------------------
   1  AKND                  0.00010      0.00010      0.00010




1150815P                                                                                            PROGRAM GPSEST   28-SEP-17 14:05
 GPSEST FINALL 2015 2271                                                                            BERNESE GPS SOFTWARE VERSION 5.0
 -----------------------------------------------------------------------------------------------------------------------------------


 5. SATELLITE ORBITS
 -------------------
 
 ARC CHARACTERISTICS:
 -------------------
 
 ARC  START OF ARC       END OF ARC         SOURCE      #SAT SATELLITES
 -----------------------------------------------------------------------------------------------------------------------------------

   1  15-08-15 00:00:00  15-08-16 00:00:00  PR2015.227   31    1   2   3   4   5   6   7   8   9  11  12  13  14  15  16  17  18  19
                                                              20  21  22  23  24  25  26  27  28  29  30  31  32
 
 
 OSCULATING ELEMENTS:                       D:/GPSC\150815P\ORB\20152271.STD
 -------------------

 REFERENCE SYSTEM:  J2000.0
 REFERENCE EPOCH :  57249.0000000 MJD   (2015  8 15  0  0  0.00)
 
 SAT   S.MAJ.AXIS   ECCENTRIC.    INCLINAT.      NODE       PERIGEE     M. ANOMALY   PER.PASS.TIME
 -----------------------------------------------------------------------------------------------------------------------------------

   1   26558379.0   0.00461749    55.251545   127.378554    26.133844  -113.352807   57249.1569746
   2   26560408.9   0.01470432    54.031511   125.127102   231.606484   -82.143759   57249.1137683
   3   26560646.4   0.00072186    54.951371  -173.037771  -144.141846    -5.083410   57249.0070406
   4   26559075.8   0.01172897    53.976943   125.995358    62.372267  -125.446585   57249.1737293
   5   26558136.1   0.00425627    54.216516  -173.503992    21.753000    61.155527   57248.9153110
   6   26563535.9   0.00021556    55.246942   126.893577  -201.772605    21.868444   57248.9697071
   7   26560023.8   0.00887009    55.498224   -51.502873   203.855595  -149.353115   57249.2068482
   8   26560599.6   0.00134672    55.080286    66.833888  -102.013870    93.483496   57248.8705248
   9   26560305.2   0.00037501    54.717581  -113.260351   163.017105   -44.157881   57249.0611579
  11   26560214.1   0.01619236    51.312913   106.977230    82.364089  -146.429945   57249.2028019
  12   26560042.1   0.00552455    56.740126     9.805976    36.710229  -179.490160   57249.2485871
  13   26561876.6   0.00479448    55.672773  -106.582383   119.450867  -103.238443   57249.1429961
  14   26558486.3   0.00840829    55.240189  -108.598917  -112.575605     7.695439   57248.9893430
  15   26562173.9   0.00734075    53.336155  -115.874222    22.425770   -30.318116   57249.0419945
  16   26557713.6   0.00804886    56.770027    10.876050    18.027117    65.143027   57248.9097912
  17   26557792.0   0.01025301    55.834761    69.620567  -115.103480     7.463973   57248.9896640
  18   26561532.5   0.01636220    52.994305  -174.361677  -110.913202    97.311152   57248.8652164
  19   26576792.2   0.01138949    55.672254    72.445367    36.327594   -43.865450   57249.0608095
  20   26560122.7   0.00482821    53.069837  -177.351080    68.764099   -27.207446   57249.0376815
  21   26561428.5   0.02250985    53.634545   125.932458  -108.036431   155.610584   57248.7844684
  22   26560639.8   0.00804880    52.868061  -174.304082  -116.596792    70.151828   57248.9028391
  23   26560206.4   0.01047654    54.203684  -112.808803   208.575864   -56.855955   57249.0787441
  24   26558505.5   0.00331373    54.529131   -53.923331    19.919013   -99.692602   57249.1380585
  25   26561587.6   0.00459853    56.076989     7.082628  -316.320844   142.201899   57248.8030386
  26   26558597.8   0.00021104    55.048246     6.856575    60.563085    50.475949   57248.9300984
  27   26561610.7   0.00265516    55.542536    66.858191    18.651305     6.653150   57248.9907848
  28   26561184.0   0.01962515    56.693502    11.175970   -95.141466    56.732402   57248.9214227
  29   26560038.2   0.00101506    55.885958    70.158469   -25.309757   149.548743   57248.7928807
  30   26561930.6   0.00165498    54.687141   -48.738827   173.647335  -148.938831   57249.2062966
  31   26561073.4   0.00799004    55.779768   -51.040936   329.766332  -153.201970   57249.2121913
  32   26559831.4   0.01132880    54.230569  -168.406513     5.588647  -124.000729   57249.1717343
 
 
 SATELLITE PROBLEMS:
 ------------------
 
 SAT  PROBLEM TYPE     ACTION         FROM               TO
 -----------------------------------------------------------------------------------------------------------------------------------

  10  BAD PHASE+CODE   OBS. REMOVED   15-08-04 00:00:00  15-09-17 23:59:59
  37  BAD PHASE+CODE   OBS. REMOVED   11-07-13 00:00:00  99-12-31 23:59:59
 125  BAD PHASE+CODE   OBS. REMOVED   13-07-30 00:00:00  99-12-31 23:59:59
 126  BAD PHASE+CODE   OBS. REMOVED   13-02-26 00:00:00  15-11-15 23:59:59
 127  BAD PHASE+CODE   OBS. REMOVED   14-11-30 00:00:00  99-12-31 23:59:59
 322  BAD PHASE+CODE   OBS. REMOVED   13-02-26 00:00:00  99-12-31 23:59:59


1150815P                                                                                            PROGRAM GPSEST   28-SEP-17 14:05
 GPSEST FINALL 2015 2271                                                                            BERNESE GPS SOFTWARE VERSION 5.0
 -----------------------------------------------------------------------------------------------------------------------------------


 6. ATMOSPHERE
 -------------

 TROPOSPHERE MODEL
 -----------------

 A priori troposphere model: Niell, dry part only
 Meteo/Trop.delay values   : Extrapolated

 Reference height :     0.00 m    Temperature at ref. height:    25.00 C
                                  Pressure    at ref. height:  1013.25 mbar
                                  Humidity    at ref. height:    70.00 %


 SITE-SPECIFIC TROPOSPHERE PARAMETERS
 ------------------------------------

 Mapping function used for delay estimation:  Wet Niell
 Troposphere gradient estimation           :  Tilted mapping

 Par   Station name       Reference epoch       sig_n (m)  sig_e (m)  sig_u (m)    abs/rel
 -----------------------------------------------------------------------------------------------------------------------------------

    1  AKND               2015 08 15 00 00 00     0.00000    0.00000    0.00000      abs
    2  AKND               2015 08 15 02 00 00                           0.00000      rel
    3  AKND               2015 08 15 04 00 00                           0.00000      rel
    4  AKND               2015 08 15 06 00 00                           0.00000      rel
    5  AKND               2015 08 15 08 00 00                           0.00000      rel
    6  AKND               2015 08 15 10 00 00                           0.00000      rel
    7  AKND               2015 08 15 12 00 00                           0.00000      rel
    8  AKND               2015 08 15 14 00 00                           0.00000      rel
    9  AKND               2015 08 15 16 00 00                           0.00000      rel
   10  AKND               2015 08 15 18 00 00                           0.00000      rel
   11  AKND               2015 08 15 20 00 00                           0.00000      rel
   12  AKND               2015 08 15 22 00 00                           0.00000      rel
   13  AKND               2015 08 16 00 00 00     0.00000    0.00000    0.00000      rel
   14  YCDP               2015 08 15 00 00 00     0.00000    0.00000    0.00000      abs
   15  YCDP               2015 08 15 02 00 00                           0.00000      rel
   16  YCDP               2015 08 15 04 00 00                           0.00000      rel
   17  YCDP               2015 08 15 06 00 00                           0.00000      rel
   18  YCDP               2015 08 15 08 00 00                           0.00000      rel
   19  YCDP               2015 08 15 10 00 00                           0.00000      rel
   20  YCDP               2015 08 15 12 00 00                           0.00000      rel
   21  YCDP               2015 08 15 14 00 00                           0.00000      rel
   22  YCDP               2015 08 15 16 00 00                           0.00000      rel
   23  YCDP               2015 08 15 18 00 00                           0.00000      rel
   24  YCDP               2015 08 15 20 00 00                           0.00000      rel
   25  YCDP               2015 08 15 22 00 00                           0.00000      rel
   26  YCDP               2015 08 16 00 00 00     0.00000    0.00000    0.00000      rel
 
 
 IONOSPHERE MODELS:                          
 -----------------

 NO IONOSPHERE MODELS APPLIED


1150815P                                                                                            PROGRAM GPSEST   28-SEP-17 14:05
 GPSEST FINALL 2015 2271                                                                            BERNESE GPS SOFTWARE VERSION 5.0
 -----------------------------------------------------------------------------------------------------------------------------------


 8. POLE COORDINATES AND TIME INFORMATION
 ----------------------------------------
 
 A PRIORI POLE AND TIME INFORMATION FROM THE POLE FILE:
 -----------------------------------------------------
 
 DATUM       TIME       X-POLE (")  Y-POLE (")  UT1-UTC (S) GPS-UTC (S)  RMS XP (")  RMS YP (")  RMS DT (S)
                        EP-CPO (")  PS-CPO (")                           RMS EP (")  RMS PS (")
 -----------------------------------------------------------------------------------------------------------------------------------

 15-08-15 00:00:00     0.21706     0.39800     0.289421       17.        0.00004     0.00004     0.000006
                       0.00000     0.00000                               0.00002     0.00004
 15-08-16 00:00:00     0.21847     0.39682     0.288597       17.        0.00004     0.00004     0.000006
                       0.00000     0.00000                               0.00002     0.00004

 NUTATION MODEL:           NO              
 SUBDAILY POLE MODEL:      RAY             



1150815P                                                                                            PROGRAM GPSEST   28-SEP-17 14:05
 GPSEST FINALL 2015 2271                                                                            BERNESE GPS SOFTWARE VERSION 5.0
 -----------------------------------------------------------------------------------------------------------------------------------


 12. TEST OUTPUT
 ---------------
 
 MIN. AND MAX. ELEVATION/NADIR ANGLES AND MAX. SYNCHRONIZATION ERRORS:
 --------------------------------------------------------------------
 
 SESS  FILE  STATION NAME 1    STATION NAME 2    MIN/MAX ELEV.  MIN/MAX NADIR  SYNCH. ERR. (NS)
 -----------------------------------------------------------------------------------------------------------------------------------

 2271    1   AKND              YCDP                9.8  89.1      0.2  13.9               0.0


1150815P                                                                                            PROGRAM GPSEST   28-SEP-17 14:05
 GPSEST FINALL 2015 2271                                                                            BERNESE GPS SOFTWARE VERSION 5.0
 -----------------------------------------------------------------------------------------------------------------------------------


 13. RESULTS (PART 1)
 --------------------
 
 NUMBER OF PARAMETERS (PART 1):
 -----------------------------
 
 PARAMETER TYPE                                     #PARAMETERS   #PRE-ELIMINATED        #SET-UP  #NO-OBS  #REF     #SINGULAR
 -----------------------------------------------------------------------------------------------------------------------------------

 STATION COORDINATES                                      6           0                      6        0        0        0
 AMBIGUITIES                                             17          17  (BEFORE INV)       21        4        0        1
 SITE-SPECIFIC TROPOSPHERE PARAMETERS                    34          34  (AFTER INV)        34        0        0        0
 
 -----------------------------------------------------------------------------------------------------------------------------------
 TOTAL NUMBER OF PARAMETERS                              57          51                     61        4        0        1
 -----------------------------------------------------------------------------------------------------------------------------------
 
 
 NUMBER OF OBSERVATIONS (PART 1):
 -------------------------------
 
 TYPE         FREQUENCY         FILE              #OBSERVATIONS
 -----------------------------------------------------------------------------------------------------------------------------------

 PHASE           L3              ALL                  22357
 
 -----------------------------------------------------------------------------------------------------------------------------------
 TOTAL NUMBER OF OBSERVATIONS                         22357
 -----------------------------------------------------------------------------------------------------------------------------------
 
 
 A POSTERIORI SIGMA OF UNIT WEIGHT (PART 1):
 ------------------------------------------

 A POSTERIORI SIGMA OF UNIT WEIGHT  :    0.0034 M  (SIGMA OF ONE-WAY L1 PHASE OBSERVABLE)

 DEGREE OF FREEDOM (DOF)            :     22301
 CHI**2/DOF                         :      2.91


1150815P                                                                                            PROGRAM GPSEST   28-SEP-17 14:05
 GPSEST FINALL 2015 2271                                                                            BERNESE GPS SOFTWARE VERSION 5.0
 -----------------------------------------------------------------------------------------------------------------------------------


 STATION COORDINATES:                       D:/GPSC\150815P\STA\FN152271.CRD
 -------------------
 
 NUM  STATION NAME     PARAMETER    A PRIORI VALUE       NEW VALUE     NEW- A PRIORI  RMS ERROR   3-D ELLIPSOID       2-D ELLIPSE
 -----------------------------------------------------------------------------------------------------------------------------------

   1  AKND             X            -2973031.7000      -2973031.7000      0.0000      0.0002               
                       Y             5076081.7224       5076081.7224      0.0000      0.0002               
                       Z             2456680.9398       2456680.9398      0.0000      0.0002               

                       HEIGHT             66.4080            66.4080      0.0000      0.0002      0.0002    0.0
                       LATITUDE     22 48 11.945963    22 48 11.945963    0.0000      0.0002      0.0002   90.0      0.0002   90.0
                       LONGITUDE   120 21 26.133212   120 21 26.133212    0.0000      0.0002      0.0002    0.0      0.0002

   2  YCDP             X            -2972844.1768      -2972844.1677      0.0091      0.0006               
                       Y             5078166.8862       5078166.8687     -0.0175      0.0012               
                       Z             2452574.1178       2452574.1066     -0.0112      0.0012               

                       HEIGHT             47.6792            47.6567     -0.0225      0.0012      0.0012   22.7
                       LATITUDE     22 45 47.399120    22 45 47.399033   -0.0027      0.0013      0.0003  106.1      0.0003  106.0
                       LONGITUDE   120 20 43.521475   120 20 43.521510    0.0010      0.0005      0.0013    0.8      0.0013


1150815P                                                                                            PROGRAM GPSEST   28-SEP-17 14:05
 GPSEST FINALL 2015 2271                                                                            BERNESE GPS SOFTWARE VERSION 5.0
 -----------------------------------------------------------------------------------------------------------------------------------


 SITE-SPECIFIC TROPOSPHERE PARAMETERS:      (NOT SAVED)
 ------------------------------------

 REFERENCE ELEVATION ANGLE OF GRADIENT TERMS :   51.8 DEGREES
 MINIMUM ELEVATION ANGLE                     :    3.0 DEGREES
 MAPPING FACTOR AT MINIMUM ELEVATION ANGLE   :  364.6

                               CORRECTIONS (M)             RMS ERRORS (M)             ZENITH VECTOR (")         ERROR ELLIPSE (M)   
 REQU. STATION NAME        NORTH    EAST    ZENITH     NORTH    EAST    ZENITH     ANGLE   RMS   RATIO  AZI   MAX RMS  MIN RMS  AZI 
 -----------------------------------------------------------------------------------------------------------------------------------

    1  AKND               0.09430  0.02710-14.59620   0.01305  0.01187  4.84042      0.0    0.0    0.0  196   0.01360  0.01124  150
    2  AKND               0.09762  0.02358-14.57971   0.01145  0.01038  4.77760      0.0    0.0    0.0  194   0.01188  0.00988  151
    3  AKND               0.10094  0.02007-15.92430   0.01004  0.00900  4.73259      0.0    0.0    0.0  191   0.01037  0.00862  153
    4  AKND               0.10425  0.01655-15.17579   0.00892  0.00778  4.68219      0.0    0.0    0.0  189   0.00918  0.00749  156
    5  AKND               0.10757  0.01303-16.17121   0.00821  0.00683  4.66189      0.0    0.0    0.0  187   0.00843  0.00655  159
    6  AKND               0.11088  0.00951-15.93875   0.00801  0.00626  4.62744      0.0    0.0    0.0  185   0.00826  0.00593  160
    7  AKND               0.11420  0.00599-14.36965   0.00837  0.00617  4.66671      0.0    0.0    0.0  183   0.00868  0.00572  159
    8  AKND               0.11752  0.00248-17.52153   0.00921  0.00659  4.64709      0.0    0.0    0.0  181   0.00962  0.00596  158
    9  AKND               0.12083 -0.00104-16.18019   0.01042  0.00742  4.68008      0.0    0.0    0.0  180   0.01095  0.00661  157
   10  AKND               0.12415 -0.00456-14.99200   0.01189  0.00856  4.70721      0.0    0.0    0.0  178   0.01255  0.00756  156
   11  AKND               0.12746 -0.00808-16.89590   0.01354  0.00989  4.76225      0.0    0.0    0.0  176   0.01432  0.00871  156
   12  AKND               0.13078 -0.01159-14.88928   0.01530  0.01135  4.81434      0.0    0.0    0.0  175   0.01622  0.00999  155
   13  AKND               0.13409 -0.01511-17.07190   0.01714  0.01289  4.94931      0.0    0.0    0.0  174   0.01819  0.01136  155
   14  YCDP               0.10579  0.03042-14.60571   0.01345  0.01182  4.84049      0.0    0.0    0.0  196   0.01392  0.01126  154
   15  YCDP               0.10917  0.02688-14.58601   0.01183  0.01032  4.77768      0.0    0.0    0.0  194   0.01220  0.00989  155
   16  YCDP               0.11255  0.02334-15.93237   0.01041  0.00894  4.73261      0.0    0.0    0.0  192   0.01069  0.00860  157
   17  YCDP               0.11593  0.01980-15.18253   0.00926  0.00772  4.68223      0.0    0.0    0.0  190   0.00949  0.00744  159
   18  YCDP               0.11930  0.01626-16.17854   0.00852  0.00676  4.66193      0.0    0.0    0.0  188   0.00873  0.00648  161
   19  YCDP               0.12268  0.01272-15.94598   0.00828  0.00618  4.62749      0.0    0.0    0.0  186   0.00853  0.00584  161
   20  YCDP               0.12606  0.00918-14.37244   0.00859  0.00610  4.66674      0.0    0.0    0.0  184   0.00891  0.00562  160
   21  YCDP               0.12944  0.00564-17.53326   0.00939  0.00652  4.64712      0.0    0.0    0.0  182   0.00981  0.00587  159
   22  YCDP               0.13282  0.00210-16.18478   0.01058  0.00737  4.68010      0.0    0.0    0.0  181   0.01112  0.00653  158
   23  YCDP               0.13620 -0.00144-14.99427   0.01204  0.00851  4.70725      0.0    0.0    0.0  179   0.01269  0.00749  157
   24  YCDP               0.13957 -0.00498-16.90916   0.01368  0.00985  4.76233      0.0    0.0    0.0  178   0.01446  0.00866  156
   25  YCDP               0.14295 -0.00852-14.89619   0.01544  0.01131  4.81443      0.0    0.0    0.0  177   0.01635  0.00995  156
   26  YCDP               0.14633 -0.01206-17.07972   0.01730  0.01286  4.94938      0.0    0.0    0.0  175   0.01833  0.01133  155


1150815P                                                                                            PROGRAM GPSEST   28-SEP-17 14:05
 GPSEST FINALL 2015 2271                                                                            BERNESE GPS SOFTWARE VERSION 5.0
 -----------------------------------------------------------------------------------------------------------------------------------


 RMS ERRORS OF ELLIPS. COORDINATES AND COORDINATE DIFFER. IN MM   (PART 1):
 -------------------------------------------------------------------------

 ---------------------------
 | NUM |   |     1      2  |
 ---------------------------
 |     | B |    0.2    1.2 |
 |   1 | L |    0.2    0.4 |
 |     | H |    0.2    1.2 |
 |     |   |               |
 |     | B |    1.2    1.3 |
 |   2 | L |    0.4    0.5 |
 |     | H |    1.2    1.2 |
 ---------------------------


1150815P                                                                                            PROGRAM GPSEST   28-SEP-17 14:05
 GPSEST FINALL 2015 2271                                                                            BERNESE GPS SOFTWARE VERSION 5.0
 -----------------------------------------------------------------------------------------------------------------------------------


 SLOPE DISTANCES AND RMS ERRORS IN M  (PART 1):
 ---------------------------------------------

 -------------------------
 | NUM |   |       2 N   |
 -------------------------
 |   1 | O |   4609.6703 |
 |   N | N |   4609.6727 |
 |     |RMS|      0.0013 |
 -------------------------
