 
 ===================================================================================================================================
 Program : GPSEST                                                                                  Bernese GPS Software Version 5.0
 Purpose : Parameter estimation
 Campaign: D:/GPSC\150816P                                                                         Default session: 2281 year 2015
 Date    : 28-Sep-2017 14:06                                                                       User name      : Pei-Ching
 ===================================================================================================================================


 GPSEST FINALL 2015 2281
 -----------------------------------------------------------------------------------------------------------------------------------




1150816P                                                                                            PROGRAM GPSEST   28-SEP-17 14:06
 GPSEST FINALL 2015 2281                                                                            BERNESE GPS SOFTWARE VERSION 5.0
 -----------------------------------------------------------------------------------------------------------------------------------


 TABLE OF CONTENTS
 -----------------
 
  1. CAMPAIGNS
  2. OBSERVATION FILES
  3. GENERAL OPTIONS
  4. STATIONS
  5. SATELLITE ORBITS
  6. ATMOSPHERE
  7. CLOCK PARAMETERS
  8. POLE COORDINATES AND TIME INFORMATION
  9. ANTENNA PHASE CENTERS
 10. CONSTANTS
 11. PARAMETER CHARACTERIZATION LIST
 12. TEST OUTPUT
 13. RESULTS (PART 1)
 14. RESULTS (PART 2)



1150816P                                                                                            PROGRAM GPSEST   28-SEP-17 14:06
 GPSEST FINALL 2015 2281                                                                            BERNESE GPS SOFTWARE VERSION 5.0
 -----------------------------------------------------------------------------------------------------------------------------------


 INPUT AND OUTPUT FILENAMES
 --------------------------

 -----------------------------------------------------------------------------------------------------------------------------------
 Session table               : D:/GPSC\150816P\STA\SESSIONS.SES
 General constants           : ${X}/GEN\CONST.
 Geodetic datum              : ${X}/GEN\DATUM.
 Station information         :  ---
 Earth rotation parameters   : D:/GPSC\150816P\ORB\C04_2015.ERP
 Subdaily pole model         : ${X}/GEN\IERS2000.SUB
 Nutation model              : ${X}/GEN\IAU2000.NUT
 Satellite information       : ${X}/GEN\SATELLIT.
 Receiver information        : ${X}/GEN\RECEIVER.
 Satellite problems          : ${X}/GEN\SAT_2015.CRX
 Phase center eccentricities : ${X}/GEN\PHAS_PRO.01
 SINEX general input file    : ${X}/GEN\SINEX.
 IONEX control file          : ${X}/GEN\IONEX.
 Difference GPS-UTC          :  ---
 A priori station coordinates: D:/GPSC\150816P\STA\GPS_RES.CRD
 GNSS standard orbits        : D:/GPSC\150816P\ORB\20152281.STD
 GNSS orbit partials         :  ---
 Ionosphere models           :  ---
 Troposphere estimates       :  ---
 Station sigma factors       :  ---
 Station eccentricities      :  ---
 Ocean loading tables        :  ---
 GNSS clock corrections      :  ---
 Differential code biases    :  ---
 Receiver antenna orientation:  ---
 Kinematic coordinates       :  ---
 Kinematic velocities        :  ---
 Standard orbit(s)           :  ---
 Orbit partials              :  ---
 Attitude data               :  ---
 Precise orbit(s)            :  ---
 LEO orbital elements        :  ---
 Station coordinates         : D:/GPSC\150816P\STA\FN152281.CRD
 GNSS orbital elements       :  ---
 Troposphere estimates       :  ---
 Troposphere SINEX           :  ---
 Ionosphere models           :  ---
 IONEX                       :  ---
 Residuals                   :  ---
 Coordinate covariance matrix:  ---
 Full covariance matrix      :  ---
 Normal equations            : D:/GPSC\150816P\SOL\FN152281.NQ0
 Bernese ERP file            :  ---
 IERS ERP file               :  ---
 GNSS clock corrections      :  ---
 Clock RINEX                 :  ---
 Kinematic coordinates       :  ---
 Differential code biases    :  ---
 Phase center variations (gri:  ---
 Phase center variations (har:  ---
 Scratch file                : ${U}/WORK\GPSEST.SCR
 Scratch files               : ${U}/WORK\GPSEST.SC1
 Program output              : D:/GPSC\150816P\OUT\FN152281.OUT
 Error message               : ${U}/WORK\ERROR.MSG
 -----------------------------------------------------------------------------------------------------------------------------------




1150816P                                                                                            PROGRAM GPSEST   28-SEP-17 14:06
 GPSEST FINALL 2015 2281                                                                            BERNESE GPS SOFTWARE VERSION 5.0
 -----------------------------------------------------------------------------------------------------------------------------------


 1. CAMPAIGNS
 ------------
 
 CAMPAIGN NAME      NUM STATION NAME       NUM STATION NAME       NUM STATION NAME       NUM STATION NAME       NUM STATION NAME
 -----------------------------------------------------------------------------------------------------------------------------------

 150816P         :    1 AKND                 2 YCDP            

 
 2. OBSERVATION FILES
 --------------------

 -----------------------------------------------------------------------------------------------------------------------------------
 150816P         
 -----------------------------------------------------------------------------------------------------------------------------------

 MAIN CHARACTERISTICS:
 --------------------
 
 FILE  OBSERVATION FILE HEADER          OBSERVATION FILE                  SESS     RECEIVER 1            RECEIVER 2
 -----------------------------------------------------------------------------------------------------------------------------------

    1  D:/GPSC\150816P\OBS\AKYC2281.PSH D:/GPSC\150816P\OBS\AKYC2281.PSO  2281     TRIMBLE 5700          LEICA GR10          
 
                                                                                                       AMB.I.+S.      #CLUSTERS
 FILE TYP FREQ.  STATION 1        STATION 2        SESS  FIRST OBSERV.TIME  #EPO  DT #EF #CLK ARC #SAT  W 12    #AMB  L1  L2  L5  RM
 -----------------------------------------------------------------------------------------------------------------------------------

    1  P  L3     AKND             YCDP             2281  15-08-16  0:00:00  2880  30   0  E E  1   31   N  Y  N   55  12  12  55   0
 
 
 SATELLITES:
 ----------
 
 FILE  #SAT  SATELLITES
 -----------------------------------------------------------------------------------------------------------------------------------

    1   31     1   2   3   4   5   6   7   8   9  11  12  13  14  15  16  17  18  19  20  21  22  23  24  25  26  27  28  29  30  31
              32
 
 
 OBSERVATION SELECTION:
 ---------------------

 SAMPLING RATE           :    0 SEC
 ELEVATION CUT-OFF ANGLE :    3 DEGREES
 SATELLITE SYSTEM        : GPS    
 SPECIAL DATA SELECTION  : NO           


1150816P                                                                                            PROGRAM GPSEST   28-SEP-17 14:06
 GPSEST FINALL 2015 2281                                                                            BERNESE GPS SOFTWARE VERSION 5.0
 -----------------------------------------------------------------------------------------------------------------------------------


 3. GENERAL OPTIONS
 ------------------
 
 TIDAL CORRECTION OF STATION COORDINATES :   IERS CONVENTIONS 2000
 
 
 A PRIORI SIGMA OF UNIT WEIGHT:
 -----------------------------

 A PRIORI SIGMA OF UNIT WEIGHT           :   0.002 M  (SIGMA OF ONE-WAY L1 PHASE OBSERVABLE)

 MODEL FOR ELEVATION-DEPENDENT WEIGHTING :   NONE

 POLARIZATION EFFECT                     :   NOT CONSIDERED
 
 
 CORRELATIONS AND SESSIONS:
 -------------------------

 STRATEGY       : CORRELATIONS CORRECTLY MODELLED
 TIME INTERVAL  :    0.10000 SEC (TO IDENTIFY EPOCH)
 
 SESS  #FILE  FILE NUMBERS
 -----------------------------------------------------------------------------------------------------------------------------------

 2281    1      1
 
 
 AMBIGUITY RESOLUTION STRATEGY:
 -----------------------------

 AMBIGUITIES PRE-ELIMINATED EVERY EPOCH
 
 
 SYNCHRONIZATION ERRORS:
 ----------------------

 STRATEGY       : SYNCHRONIZATION ERRORS NOT APPLIED


 4. STATIONS
 -----------

 Local geodetic datum:                      ${X}/GEN\DATUM.
 
 Datum name         Ell. param./ Scale      Shifts to WGS-84       Rotations to WGS-84
 -----------------------------------------------------------------------------------------------------------------------------------
 ITRF2008           A  =  6378137.000 m     DX =      0.0000 m     RX =     0.00000 arcsec
                    1/F=  298.2572221       DY =      0.0000 m     RY =     0.00000 arcsec
                    SC =  0.00000D+00       DZ =      0.0000 m     RZ =     0.00000 arcsec


 A priori station coordinates:              D:/GPSC\150816P\STA\GPS_RES.CRD

                                            A priori station coordinates                      A priori station coordinates
                                                      WGS-84                              Ellipsoidal in local geodetic datum
 -----------------------------------------------------------------------------------------------------------------------------------
 num  Station name     obs e/f/h    X (m)           Y (m)           Z (m)           Latitude           Longitude          Height (m)
 -----------------------------------------------------------------------------------------------------------------------------------
   1  AKND              Y  ESTIM   -2973031.7000    5076081.7224    2456680.9398     22 48 11.945963    120 21 26.133212     66.4080
   2  YCDP              Y  ESTIM   -2972844.1813    5078166.9003    2452574.1066     22 45 47.398603    120 20 43.521361     47.6882


 A priori sigma:                            D:/GPSC\150816P\STA\FIXSTA.SIG

                            Station coordinates a priori sigma
                                 in local geodetic datum
 -----------------------------------------------------------------------------------------------------------------------------------
 num  Station name          N (m)        E (m)        U (m)
 -----------------------------------------------------------------------------------------------------------------------------------
   1  AKND                  0.00010      0.00010      0.00010




1150816P                                                                                            PROGRAM GPSEST   28-SEP-17 14:06
 GPSEST FINALL 2015 2281                                                                            BERNESE GPS SOFTWARE VERSION 5.0
 -----------------------------------------------------------------------------------------------------------------------------------


 5. SATELLITE ORBITS
 -------------------
 
 ARC CHARACTERISTICS:
 -------------------
 
 ARC  START OF ARC       END OF ARC         SOURCE      #SAT SATELLITES
 -----------------------------------------------------------------------------------------------------------------------------------

   1  15-08-16 00:00:00  15-08-17 00:00:00  PR2015.228   31    1   2   3   4   5   6   7   8   9  11  12  13  14  15  16  17  18  19
                                                              20  21  22  23  24  25  26  27  28  29  30  31  32
 
 
 OSCULATING ELEMENTS:                       D:/GPSC\150816P\ORB\20152281.STD
 -------------------

 REFERENCE SYSTEM:  J2000.0
 REFERENCE EPOCH :  57250.0000000 MJD   (2015  8 16  0  0  0.00)
 
 SAT   S.MAJ.AXIS   ECCENTRIC.    INCLINAT.      NODE       PERIGEE     M. ANOMALY   PER.PASS.TIME
 -----------------------------------------------------------------------------------------------------------------------------------

   1   26558409.6   0.00461648    55.250511   127.339283    26.164073  -111.331521   57250.1541757
   2   26560519.1   0.01470893    54.030463   125.086752   231.617188   -80.078164   57250.1109082
   3   26560537.4   0.00071323    54.953960  -173.077329  -144.222980    -2.931130   57250.0040596
   4   26559179.2   0.01172885    53.975961   125.954841    62.383603  -123.403434   57250.1709007
   5   26558094.9   0.00426135    54.219137  -173.544453    21.737905    63.244844   57249.9124179
   6   26563522.7   0.00021416    55.245861   126.854574  -201.156553    23.244665   57249.9678007
   7   26559944.8   0.00887558    55.496004   -51.541333   203.900104  -147.361417   57250.2040888
   8   26560653.8   0.00134513    55.079831    66.791786  -102.013198    95.586221   57249.8676121
   9   26560424.6   0.00037289    54.717086  -113.302023   162.170982   -41.288444   57250.0571842
  11   26560323.7   0.01619245    51.311332   106.933115    82.391872  -144.432220   57250.2000363
  12   26559934.9   0.00552772    56.741824     9.767440    36.731960  -177.445951   57250.2457544
  13   26561785.1   0.00479216    55.671612  -106.622823   119.441681  -101.177763   57250.1401412
  14   26558436.9   0.00840813    55.239181  -108.639976  -112.543757     9.735143   57249.9865184
  15   26562206.1   0.00734835    53.335845  -115.917295    22.429428   -28.270078   57250.0391578
  16   26557666.7   0.00805244    56.771816    10.837325    17.987371    67.258651   57249.9068618
  17   26557706.5   0.01025184    55.834060    69.579117  -115.128128     9.590654   57249.9867191
  18   26561603.7   0.01635662    52.996954  -174.403058  -110.900152    99.373438   57249.8623594
  19   26576832.2   0.01138863    55.671431    72.403995    36.357470   -42.451800   57250.0588499
  20   26560012.8   0.00482546    53.072269  -177.392345    68.816312   -25.186477   57250.0348823
  21   26561320.0   0.02251665    53.633367   125.891706  -108.022871   157.604197   57249.7817084
  22   26560757.9   0.00804664    52.870788  -174.345690  -116.575342    72.180511   57249.9000287
  23   26560322.0   0.01047672    54.203149  -112.850935   208.590521   -54.771529   57250.0758577
  24   26558561.7   0.00331040    54.526916   -53.962967    19.845089   -97.563919   57250.1351110
  25   26561593.6   0.00459584    56.078648     7.043679  -316.356271   144.298707   57249.8001343
  26   26558651.2   0.00021088    55.049957     6.816438    59.798127    53.313838   57249.9261682
  27   26561493.4   0.00264806    55.542007    66.816520    18.702363     8.645470   57249.9880254
  28   26561306.9   0.01962371    56.695403    11.137336   -95.127128    58.755181   57249.9186205
  29   26560177.2   0.00100305    55.885363    70.117159   -25.101957   151.376406   57249.7903478
  30   26561843.2   0.00166060    54.685096   -48.777899   173.685061  -146.942060   57250.2035299
  31   26561060.5   0.00799321    55.777666   -51.078983   329.741355  -151.085748   57250.2092601
  32   26559710.3   0.01133190    54.233192  -168.447130     5.671514  -122.045520   57250.1690252
 
 
 SATELLITE PROBLEMS:
 ------------------
 
 SAT  PROBLEM TYPE     ACTION         FROM               TO
 -----------------------------------------------------------------------------------------------------------------------------------

  10  BAD PHASE+CODE   OBS. REMOVED   15-08-04 00:00:00  15-09-17 23:59:59
  37  BAD PHASE+CODE   OBS. REMOVED   11-07-13 00:00:00  99-12-31 23:59:59
 125  BAD PHASE+CODE   OBS. REMOVED   13-07-30 00:00:00  99-12-31 23:59:59
 126  BAD PHASE+CODE   OBS. REMOVED   13-02-26 00:00:00  15-11-15 23:59:59
 127  BAD PHASE+CODE   OBS. REMOVED   14-11-30 00:00:00  99-12-31 23:59:59
 322  BAD PHASE+CODE   OBS. REMOVED   13-02-26 00:00:00  99-12-31 23:59:59


1150816P                                                                                            PROGRAM GPSEST   28-SEP-17 14:06
 GPSEST FINALL 2015 2281                                                                            BERNESE GPS SOFTWARE VERSION 5.0
 -----------------------------------------------------------------------------------------------------------------------------------


 6. ATMOSPHERE
 -------------

 TROPOSPHERE MODEL
 -----------------

 A priori troposphere model: Niell, dry part only
 Meteo/Trop.delay values   : Extrapolated

 Reference height :     0.00 m    Temperature at ref. height:    25.00 C
                                  Pressure    at ref. height:  1013.25 mbar
                                  Humidity    at ref. height:    70.00 %


 SITE-SPECIFIC TROPOSPHERE PARAMETERS
 ------------------------------------

 Mapping function used for delay estimation:  Wet Niell
 Troposphere gradient estimation           :  Tilted mapping

 Par   Station name       Reference epoch       sig_n (m)  sig_e (m)  sig_u (m)    abs/rel
 -----------------------------------------------------------------------------------------------------------------------------------

    1  AKND               2015 08 16 00 00 00     0.00000    0.00000    0.00000      abs
    2  AKND               2015 08 16 02 00 00                           0.00000      rel
    3  AKND               2015 08 16 04 00 00                           0.00000      rel
    4  AKND               2015 08 16 06 00 00                           0.00000      rel
    5  AKND               2015 08 16 08 00 00                           0.00000      rel
    6  AKND               2015 08 16 10 00 00                           0.00000      rel
    7  AKND               2015 08 16 12 00 00                           0.00000      rel
    8  AKND               2015 08 16 14 00 00                           0.00000      rel
    9  AKND               2015 08 16 16 00 00                           0.00000      rel
   10  AKND               2015 08 16 18 00 00                           0.00000      rel
   11  AKND               2015 08 16 20 00 00                           0.00000      rel
   12  AKND               2015 08 16 22 00 00                           0.00000      rel
   13  AKND               2015 08 17 00 00 00     0.00000    0.00000    0.00000      rel
   14  YCDP               2015 08 16 00 00 00     0.00000    0.00000    0.00000      abs
   15  YCDP               2015 08 16 02 00 00                           0.00000      rel
   16  YCDP               2015 08 16 04 00 00                           0.00000      rel
   17  YCDP               2015 08 16 06 00 00                           0.00000      rel
   18  YCDP               2015 08 16 08 00 00                           0.00000      rel
   19  YCDP               2015 08 16 10 00 00                           0.00000      rel
   20  YCDP               2015 08 16 12 00 00                           0.00000      rel
   21  YCDP               2015 08 16 14 00 00                           0.00000      rel
   22  YCDP               2015 08 16 16 00 00                           0.00000      rel
   23  YCDP               2015 08 16 18 00 00                           0.00000      rel
   24  YCDP               2015 08 16 20 00 00                           0.00000      rel
   25  YCDP               2015 08 16 22 00 00                           0.00000      rel
   26  YCDP               2015 08 17 00 00 00     0.00000    0.00000    0.00000      rel
 
 
 IONOSPHERE MODELS:                          
 -----------------

 NO IONOSPHERE MODELS APPLIED


1150816P                                                                                            PROGRAM GPSEST   28-SEP-17 14:06
 GPSEST FINALL 2015 2281                                                                            BERNESE GPS SOFTWARE VERSION 5.0
 -----------------------------------------------------------------------------------------------------------------------------------


 8. POLE COORDINATES AND TIME INFORMATION
 ----------------------------------------
 
 A PRIORI POLE AND TIME INFORMATION FROM THE POLE FILE:
 -----------------------------------------------------
 
 DATUM       TIME       X-POLE (")  Y-POLE (")  UT1-UTC (S) GPS-UTC (S)  RMS XP (")  RMS YP (")  RMS DT (S)
                        EP-CPO (")  PS-CPO (")                           RMS EP (")  RMS PS (")
 -----------------------------------------------------------------------------------------------------------------------------------

 15-08-16 00:00:00     0.21847     0.39682     0.288597       17.        0.00004     0.00004     0.000006
                       0.00000     0.00000                               0.00002     0.00004
 15-08-17 00:00:00     0.21949     0.39548     0.287766       17.        0.00004     0.00004     0.000005
                       0.00000     0.00000                               0.00002     0.00004

 NUTATION MODEL:           NO              
 SUBDAILY POLE MODEL:      RAY             



1150816P                                                                                            PROGRAM GPSEST   28-SEP-17 14:06
 GPSEST FINALL 2015 2281                                                                            BERNESE GPS SOFTWARE VERSION 5.0
 -----------------------------------------------------------------------------------------------------------------------------------


 12. TEST OUTPUT
 ---------------
 
 MIN. AND MAX. ELEVATION/NADIR ANGLES AND MAX. SYNCHRONIZATION ERRORS:
 --------------------------------------------------------------------
 
 SESS  FILE  STATION NAME 1    STATION NAME 2    MIN/MAX ELEV.  MIN/MAX NADIR  SYNCH. ERR. (NS)
 -----------------------------------------------------------------------------------------------------------------------------------

 2281    1   AKND              YCDP                9.8  89.1      0.2  14.0               0.0


1150816P                                                                                            PROGRAM GPSEST   28-SEP-17 14:06
 GPSEST FINALL 2015 2281                                                                            BERNESE GPS SOFTWARE VERSION 5.0
 -----------------------------------------------------------------------------------------------------------------------------------


 13. RESULTS (PART 1)
 --------------------
 
 NUMBER OF PARAMETERS (PART 1):
 -----------------------------
 
 PARAMETER TYPE                                     #PARAMETERS   #PRE-ELIMINATED        #SET-UP  #NO-OBS  #REF     #SINGULAR
 -----------------------------------------------------------------------------------------------------------------------------------

 STATION COORDINATES                                      6           0                      6        0        0        0
 AMBIGUITIES                                              9           9  (BEFORE INV)       12        3        0        1
 SITE-SPECIFIC TROPOSPHERE PARAMETERS                    34          34  (AFTER INV)        34        0        0        0
 
 -----------------------------------------------------------------------------------------------------------------------------------
 TOTAL NUMBER OF PARAMETERS                              49          43                     52        3        0        1
 -----------------------------------------------------------------------------------------------------------------------------------
 
 
 NUMBER OF OBSERVATIONS (PART 1):
 -------------------------------
 
 TYPE         FREQUENCY         FILE              #OBSERVATIONS
 -----------------------------------------------------------------------------------------------------------------------------------

 PHASE           L3              ALL                  22365
 
 -----------------------------------------------------------------------------------------------------------------------------------
 TOTAL NUMBER OF OBSERVATIONS                         22365
 -----------------------------------------------------------------------------------------------------------------------------------
 
 
 A POSTERIORI SIGMA OF UNIT WEIGHT (PART 1):
 ------------------------------------------

 A POSTERIORI SIGMA OF UNIT WEIGHT  :    0.0034 M  (SIGMA OF ONE-WAY L1 PHASE OBSERVABLE)

 DEGREE OF FREEDOM (DOF)            :     22317
 CHI**2/DOF                         :      2.96


1150816P                                                                                            PROGRAM GPSEST   28-SEP-17 14:06
 GPSEST FINALL 2015 2281                                                                            BERNESE GPS SOFTWARE VERSION 5.0
 -----------------------------------------------------------------------------------------------------------------------------------


 STATION COORDINATES:                       D:/GPSC\150816P\STA\FN152281.CRD
 -------------------
 
 NUM  STATION NAME     PARAMETER    A PRIORI VALUE       NEW VALUE     NEW- A PRIORI  RMS ERROR   3-D ELLIPSOID       2-D ELLIPSE
 -----------------------------------------------------------------------------------------------------------------------------------

   1  AKND             X            -2973031.7000      -2973031.7000      0.0000      0.0002               
                       Y             5076081.7224       5076081.7224      0.0000      0.0002               
                       Z             2456680.9398       2456680.9398      0.0000      0.0002               

                       HEIGHT             66.4080            66.4080      0.0000      0.0002      0.0002    0.0
                       LATITUDE     22 48 11.945963    22 48 11.945963    0.0000      0.0002      0.0002   90.0      0.0002   90.0
                       LONGITUDE   120 21 26.133212   120 21 26.133212    0.0000      0.0002      0.0002    0.0      0.0002

   2  YCDP             X            -2972844.1813      -2972844.1711      0.0102      0.0006               
                       Y             5078166.9003       5078166.8741     -0.0262      0.0011               
                       Z             2452574.1066       2452574.1039     -0.0027      0.0012               

                       HEIGHT             47.6882            47.6616     -0.0266      0.0012      0.0012   11.9
                       LATITUDE     22 45 47.398603    22 45 47.398872    0.0083      0.0013      0.0003  106.1      0.0003  106.1
                       LONGITUDE   120 20 43.521361   120 20 43.521517    0.0044      0.0005      0.0013   -1.0      0.0013


1150816P                                                                                            PROGRAM GPSEST   28-SEP-17 14:06
 GPSEST FINALL 2015 2281                                                                            BERNESE GPS SOFTWARE VERSION 5.0
 -----------------------------------------------------------------------------------------------------------------------------------


 SITE-SPECIFIC TROPOSPHERE PARAMETERS:      (NOT SAVED)
 ------------------------------------

 REFERENCE ELEVATION ANGLE OF GRADIENT TERMS :   51.8 DEGREES
 MINIMUM ELEVATION ANGLE                     :    3.0 DEGREES
 MAPPING FACTOR AT MINIMUM ELEVATION ANGLE   :  364.6

                               CORRECTIONS (M)             RMS ERRORS (M)             ZENITH VECTOR (")         ERROR ELLIPSE (M)   
 REQU. STATION NAME        NORTH    EAST    ZENITH     NORTH    EAST    ZENITH     ANGLE   RMS   RATIO  AZI   MAX RMS  MIN RMS  AZI 
 -----------------------------------------------------------------------------------------------------------------------------------

    1  AKND               0.06785  0.06507-32.04029   0.01430  0.01343  4.88564      0.0    0.0    0.0  224   0.01580  0.01164  141
    2  AKND               0.07581  0.06147-28.22776   0.01268  0.01178  4.79958      0.0    0.0    0.0  219   0.01390  0.01030  142
    3  AKND               0.08377  0.05786-32.06231   0.01116  0.01021  4.73616      0.0    0.0    0.0  215   0.01213  0.00905  144
    4  AKND               0.09173  0.05426-31.72298   0.00981  0.00877  4.67027      0.0    0.0    0.0  211   0.01053  0.00789  147
    5  AKND               0.09969  0.05065-32.69741   0.00868  0.00754  4.63821      0.0    0.0    0.0  207   0.00920  0.00689  150
    6  AKND               0.10765  0.04705-33.15446   0.00789  0.00662  4.59666      0.0    0.0    0.0  204   0.00828  0.00613  153
    7  AKND               0.11561  0.04345-34.28845   0.00754  0.00617  4.59492      0.0    0.0    0.0  201   0.00787  0.00573  155
    8  AKND               0.12357  0.03984-33.91213   0.00769  0.00627  4.57814      0.0    0.0    0.0  198   0.00806  0.00578  154
    9  AKND               0.13153  0.03624-37.12762   0.00831  0.00692  4.59624      0.0    0.0    0.0  195   0.00881  0.00627  152
   10  AKND               0.13949  0.03263-35.79711   0.00931  0.00797  4.61493      0.0    0.0    0.0  193   0.01000  0.00708  149
   11  AKND               0.14745  0.02903-37.99331   0.01058  0.00929  4.65656      0.0    0.0    0.0  191   0.01150  0.00812  146
   12  AKND               0.15541  0.02542-37.33647   0.01204  0.01078  4.70433      0.0    0.0    0.0  189   0.01322  0.00930  145
   13  AKND               0.16337  0.02182-43.84296   0.01362  0.01238  4.81507      0.0    0.0    0.0  188   0.01507  0.01058  143
   14  YCDP               0.08914  0.07105-32.04890   0.01464  0.01334  4.88574      0.0    0.0    0.0  219   0.01607  0.01158  144
   15  YCDP               0.09775  0.06761-28.23392   0.01298  0.01169  4.79964      0.0    0.0    0.0  215   0.01416  0.01023  145
   16  YCDP               0.10636  0.06417-32.07946   0.01144  0.01012  4.73616      0.0    0.0    0.0  211   0.01238  0.00894  146
   17  YCDP               0.11498  0.06073-31.73113   0.01005  0.00868  4.67030      0.0    0.0    0.0  208   0.01077  0.00777  149
   18  YCDP               0.12359  0.05728-32.70435   0.00890  0.00745  4.63823      0.0    0.0    0.0  205   0.00944  0.00675  152
   19  YCDP               0.13220  0.05384-33.16586   0.00809  0.00654  4.59669      0.0    0.0    0.0  202   0.00850  0.00599  154
   20  YCDP               0.14081  0.05040-34.29529   0.00772  0.00609  4.59492      0.0    0.0    0.0  200   0.00808  0.00561  156
   21  YCDP               0.14943  0.04696-33.92492   0.00786  0.00621  4.57817      0.0    0.0    0.0  197   0.00824  0.00569  155
   22  YCDP               0.15804  0.04351-37.13375   0.00848  0.00687  4.59625      0.0    0.0    0.0  195   0.00897  0.00621  153
   23  YCDP               0.16665  0.04007-35.80304   0.00949  0.00793  4.61495      0.0    0.0    0.0  194   0.01015  0.00707  150
   24  YCDP               0.17526  0.03663-38.00548   0.01078  0.00927  4.65661      0.0    0.0    0.0  192   0.01165  0.00815  148
   25  YCDP               0.18388  0.03319-37.34533   0.01226  0.01077  4.70437      0.0    0.0    0.0  190   0.01336  0.00937  146
   26  YCDP               0.19249  0.02975-43.86427   0.01387  0.01237  4.81516      0.0    0.0    0.0  189   0.01521  0.01068  145


1150816P                                                                                            PROGRAM GPSEST   28-SEP-17 14:06
 GPSEST FINALL 2015 2281                                                                            BERNESE GPS SOFTWARE VERSION 5.0
 -----------------------------------------------------------------------------------------------------------------------------------


 RMS ERRORS OF ELLIPS. COORDINATES AND COORDINATE DIFFER. IN MM   (PART 1):
 -------------------------------------------------------------------------

 ---------------------------
 | NUM |   |     1      2  |
 ---------------------------
 |     | B |    0.2    1.2 |
 |   1 | L |    0.2    0.4 |
 |     | H |    0.2    1.2 |
 |     |   |               |
 |     | B |    1.2    1.2 |
 |   2 | L |    0.4    0.5 |
 |     | H |    1.2    1.2 |
 ---------------------------


1150816P                                                                                            PROGRAM GPSEST   28-SEP-17 14:06
 GPSEST FINALL 2015 2281                                                                            BERNESE GPS SOFTWARE VERSION 5.0
 -----------------------------------------------------------------------------------------------------------------------------------


 SLOPE DISTANCES AND RMS ERRORS IN M  (PART 1):
 ---------------------------------------------

 -------------------------
 | NUM |   |       2 N   |
 -------------------------
 |   1 | O |   4609.6864 |
 |   N | N |   4609.6774 |
 |     |RMS|      0.0013 |
 -------------------------
