 
 ===================================================================================================================================
 Program : GPSEST                                                                                  Bernese GPS Software Version 5.0
 Purpose : Parameter estimation
 Campaign: D:/GPSC\150809P                                                                         Default session: 2211 year 2015
 Date    : 28-Sep-2017 14:02                                                                       User name      : Pei-Ching
 ===================================================================================================================================


 GPSEST FINALL 2015 2211
 -----------------------------------------------------------------------------------------------------------------------------------




1150809P                                                                                            PROGRAM GPSEST   28-SEP-17 14:02
 GPSEST FINALL 2015 2211                                                                            BERNESE GPS SOFTWARE VERSION 5.0
 -----------------------------------------------------------------------------------------------------------------------------------


 TABLE OF CONTENTS
 -----------------
 
  1. CAMPAIGNS
  2. OBSERVATION FILES
  3. GENERAL OPTIONS
  4. STATIONS
  5. SATELLITE ORBITS
  6. ATMOSPHERE
  7. CLOCK PARAMETERS
  8. POLE COORDINATES AND TIME INFORMATION
  9. ANTENNA PHASE CENTERS
 10. CONSTANTS
 11. PARAMETER CHARACTERIZATION LIST
 12. TEST OUTPUT
 13. RESULTS (PART 1)
 14. RESULTS (PART 2)



1150809P                                                                                            PROGRAM GPSEST   28-SEP-17 14:02
 GPSEST FINALL 2015 2211                                                                            BERNESE GPS SOFTWARE VERSION 5.0
 -----------------------------------------------------------------------------------------------------------------------------------


 INPUT AND OUTPUT FILENAMES
 --------------------------

 -----------------------------------------------------------------------------------------------------------------------------------
 Session table               : D:/GPSC\150809P\STA\SESSIONS.SES
 General constants           : ${X}/GEN\CONST.
 Geodetic datum              : ${X}/GEN\DATUM.
 Station information         :  ---
 Earth rotation parameters   : D:/GPSC\150809P\ORB\C04_2015.ERP
 Subdaily pole model         : ${X}/GEN\IERS2000.SUB
 Nutation model              : ${X}/GEN\IAU2000.NUT
 Satellite information       : ${X}/GEN\SATELLIT.
 Receiver information        : ${X}/GEN\RECEIVER.
 Satellite problems          : ${X}/GEN\SAT_2015.CRX
 Phase center eccentricities : ${X}/GEN\PHAS_PRO.01
 SINEX general input file    : ${X}/GEN\SINEX.
 IONEX control file          : ${X}/GEN\IONEX.
 Difference GPS-UTC          :  ---
 A priori station coordinates: D:/GPSC\150809P\STA\GPS_RES.CRD
 GNSS standard orbits        : D:/GPSC\150809P\ORB\20152211.STD
 GNSS orbit partials         :  ---
 Ionosphere models           :  ---
 Troposphere estimates       :  ---
 Station sigma factors       :  ---
 Station eccentricities      :  ---
 Ocean loading tables        :  ---
 GNSS clock corrections      :  ---
 Differential code biases    :  ---
 Receiver antenna orientation:  ---
 Kinematic coordinates       :  ---
 Kinematic velocities        :  ---
 Standard orbit(s)           :  ---
 Orbit partials              :  ---
 Attitude data               :  ---
 Precise orbit(s)            :  ---
 LEO orbital elements        :  ---
 Station coordinates         : D:/GPSC\150809P\STA\FN152211.CRD
 GNSS orbital elements       :  ---
 Troposphere estimates       :  ---
 Troposphere SINEX           :  ---
 Ionosphere models           :  ---
 IONEX                       :  ---
 Residuals                   :  ---
 Coordinate covariance matrix:  ---
 Full covariance matrix      :  ---
 Normal equations            : D:/GPSC\150809P\SOL\FN152211.NQ0
 Bernese ERP file            :  ---
 IERS ERP file               :  ---
 GNSS clock corrections      :  ---
 Clock RINEX                 :  ---
 Kinematic coordinates       :  ---
 Differential code biases    :  ---
 Phase center variations (gri:  ---
 Phase center variations (har:  ---
 Scratch file                : ${U}/WORK\GPSEST.SCR
 Scratch files               : ${U}/WORK\GPSEST.SC1
 Program output              : D:/GPSC\150809P\OUT\FN152211.OUT
 Error message               : ${U}/WORK\ERROR.MSG
 -----------------------------------------------------------------------------------------------------------------------------------




1150809P                                                                                            PROGRAM GPSEST   28-SEP-17 14:02
 GPSEST FINALL 2015 2211                                                                            BERNESE GPS SOFTWARE VERSION 5.0
 -----------------------------------------------------------------------------------------------------------------------------------


 1. CAMPAIGNS
 ------------
 
 CAMPAIGN NAME      NUM STATION NAME       NUM STATION NAME       NUM STATION NAME       NUM STATION NAME       NUM STATION NAME
 -----------------------------------------------------------------------------------------------------------------------------------

 150809P         :    1 AKND                 2 YCDP            

 
 2. OBSERVATION FILES
 --------------------

 -----------------------------------------------------------------------------------------------------------------------------------
 150809P         
 -----------------------------------------------------------------------------------------------------------------------------------

 MAIN CHARACTERISTICS:
 --------------------
 
 FILE  OBSERVATION FILE HEADER          OBSERVATION FILE                  SESS     RECEIVER 1            RECEIVER 2
 -----------------------------------------------------------------------------------------------------------------------------------

    1  D:/GPSC\150809P\OBS\AKYC2211.PSH D:/GPSC\150809P\OBS\AKYC2211.PSO  2211     TRIMBLE 5700          LEICA GR10          
 
                                                                                                       AMB.I.+S.      #CLUSTERS
 FILE TYP FREQ.  STATION 1        STATION 2        SESS  FIRST OBSERV.TIME  #EPO  DT #EF #CLK ARC #SAT  W 12    #AMB  L1  L2  L5  RM
 -----------------------------------------------------------------------------------------------------------------------------------

    1  P  L3     AKND             YCDP             2211  15-08-09  0:00:00  2880  30   0  E E  1   30   N  Y  N   66  22  22  66   0
 
 
 SATELLITES:
 ----------
 
 FILE  #SAT  SATELLITES
 -----------------------------------------------------------------------------------------------------------------------------------

    1   30     1   2   3   4   5   6   7   9  11  12  13  14  15  16  17  18  19  20  21  22  23  24  25  26  27  28  29  30  31  32
 
 
 OBSERVATION SELECTION:
 ---------------------

 SAMPLING RATE           :    0 SEC
 ELEVATION CUT-OFF ANGLE :    3 DEGREES
 SATELLITE SYSTEM        : GPS    
 SPECIAL DATA SELECTION  : NO           


1150809P                                                                                            PROGRAM GPSEST   28-SEP-17 14:02
 GPSEST FINALL 2015 2211                                                                            BERNESE GPS SOFTWARE VERSION 5.0
 -----------------------------------------------------------------------------------------------------------------------------------


 3. GENERAL OPTIONS
 ------------------
 
 TIDAL CORRECTION OF STATION COORDINATES :   IERS CONVENTIONS 2000
 
 
 A PRIORI SIGMA OF UNIT WEIGHT:
 -----------------------------

 A PRIORI SIGMA OF UNIT WEIGHT           :   0.002 M  (SIGMA OF ONE-WAY L1 PHASE OBSERVABLE)

 MODEL FOR ELEVATION-DEPENDENT WEIGHTING :   NONE

 POLARIZATION EFFECT                     :   NOT CONSIDERED
 
 
 CORRELATIONS AND SESSIONS:
 -------------------------

 STRATEGY       : CORRELATIONS CORRECTLY MODELLED
 TIME INTERVAL  :    0.10000 SEC (TO IDENTIFY EPOCH)
 
 SESS  #FILE  FILE NUMBERS
 -----------------------------------------------------------------------------------------------------------------------------------

 2211    1      1
 
 
 AMBIGUITY RESOLUTION STRATEGY:
 -----------------------------

 AMBIGUITIES PRE-ELIMINATED EVERY EPOCH
 
 
 SYNCHRONIZATION ERRORS:
 ----------------------

 STRATEGY       : SYNCHRONIZATION ERRORS NOT APPLIED


 4. STATIONS
 -----------

 Local geodetic datum:                      ${X}/GEN\DATUM.
 
 Datum name         Ell. param./ Scale      Shifts to WGS-84       Rotations to WGS-84
 -----------------------------------------------------------------------------------------------------------------------------------
 ITRF2008           A  =  6378137.000 m     DX =      0.0000 m     RX =     0.00000 arcsec
                    1/F=  298.2572221       DY =      0.0000 m     RY =     0.00000 arcsec
                    SC =  0.00000D+00       DZ =      0.0000 m     RZ =     0.00000 arcsec


 A priori station coordinates:              D:/GPSC\150809P\STA\GPS_RES.CRD

                                            A priori station coordinates                      A priori station coordinates
                                                      WGS-84                              Ellipsoidal in local geodetic datum
 -----------------------------------------------------------------------------------------------------------------------------------
 num  Station name     obs e/f/h    X (m)           Y (m)           Z (m)           Latitude           Longitude          Height (m)
 -----------------------------------------------------------------------------------------------------------------------------------
   1  AKND              Y  ESTIM   -2973031.7000    5076081.7224    2456680.9398     22 48 11.945963    120 21 26.133212     66.4080
   2  YCDP              Y  ESTIM   -2972844.1812    5078166.8937    2452574.1189     22 45 47.399044    120 20 43.521475     47.6877


 A priori sigma:                            D:/GPSC\150809P\STA\FIXSTA.SIG

                            Station coordinates a priori sigma
                                 in local geodetic datum
 -----------------------------------------------------------------------------------------------------------------------------------
 num  Station name          N (m)        E (m)        U (m)
 -----------------------------------------------------------------------------------------------------------------------------------
   1  AKND                  0.00010      0.00010      0.00010




1150809P                                                                                            PROGRAM GPSEST   28-SEP-17 14:02
 GPSEST FINALL 2015 2211                                                                            BERNESE GPS SOFTWARE VERSION 5.0
 -----------------------------------------------------------------------------------------------------------------------------------


 5. SATELLITE ORBITS
 -------------------
 
 ARC CHARACTERISTICS:
 -------------------
 
 ARC  START OF ARC       END OF ARC         SOURCE      #SAT SATELLITES
 -----------------------------------------------------------------------------------------------------------------------------------

   1  15-08-09 00:00:00  15-08-10 00:00:00  PR2015.221   31    1   2   3   4   5   6   7   8   9  11  12  13  14  15  16  17  18  19
                                                              20  21  22  23  24  25  26  27  28  29  30  31  32
 
 
 OSCULATING ELEMENTS:                       D:/GPSC\150809P\ORB\20152211.STD
 -------------------

 REFERENCE SYSTEM:  J2000.0
 REFERENCE EPOCH :  57243.0000000 MJD   (2015  8  9  0  0  0.00)
 
 SAT   S.MAJ.AXIS   ECCENTRIC.    INCLINAT.      NODE       PERIGEE     M. ANOMALY   PER.PASS.TIME
 -----------------------------------------------------------------------------------------------------------------------------------

   1   26558563.2   0.00460845    55.244539   127.611859    25.510837  -125.045079   57243.1731682
   2   26559740.9   0.01467871    54.024417   125.366496   231.578941   -94.584032   57243.1309931
   3   26561276.0   0.00078171    54.942562  -172.796059  -145.018555   -16.655169   57243.0230684
   4   26558792.3   0.01170688    53.969703   126.236010    62.209803  -137.614541   57243.1905775
   5   26558499.2   0.00422562    54.207576  -173.256812    21.898199    48.530749   57242.9327926
   6   26563289.4   0.00020905    55.239956   127.125195   154.425564    13.705224   57242.9810153
   7   26560638.3   0.00883056    55.501458   -51.270784   203.598050  -161.305598   57243.2234097
   8   26560329.3   0.00135153    55.085835    67.078840  -102.551984    81.418900   57242.8872361
   9   26559765.2   0.00039329    54.729125  -113.018273   167.182583   -60.436484   57243.0837009
  11   26559891.3   0.01618138    51.311324   107.234787    82.184743  -158.394716   57243.2193688
  12   26560891.1   0.00550800    56.735629    10.044650  -323.359122   168.176090   57242.7670713
  13   26562207.7   0.00479615    55.685833  -106.348488   119.576382  -115.650461   57243.1601911
  14   26558791.8   0.00838936    55.253305  -108.360946  -112.635217    -4.656496   57243.0064486
  15   26561950.0   0.00730527    53.347304  -115.623904    22.388098   -42.578452   57243.0589759
  16   26558136.1   0.00806542    56.765642    11.115559    18.225806    52.471321   57242.9273370
  17   26558272.1   0.01024513    55.841411    69.861312  -115.114167    -5.117854   57243.0070873
  18   26561019.8   0.01639434    52.984717  -174.107877  -111.090825    85.007350   57242.8822615
  19   26562486.7   0.01164493    55.678130    72.685245    33.841401   -52.448720   57243.0726495
  20   26560847.4   0.00483379    53.060093  -177.098121    68.437945   -39.354430   57243.0545069
  21   26561963.1   0.02248232    53.628310   126.174361  -108.088973   143.620317   57242.8010697
  22   26559873.3   0.00805602    52.858285  -174.049078  -116.862802    58.090543   57242.9195476
  23   26559653.4   0.01046228    54.215099  -112.564174   208.462984   -69.313206   57243.0959941
  24   26558563.6   0.00331380    54.532589   -53.685055    19.784007  -111.877686   57243.1549334
  25   26561549.3   0.00462069    56.071784     7.324493    43.686525   129.817652   57242.8201922
  26   26558171.3   0.00021546    55.042995     7.105474    59.853591    38.729973   57242.9463661
  27   26562240.8   0.00267954    55.548807    67.100412    18.120416    -5.055610   57243.0070027
  28   26560197.5   0.01959695    56.688454    11.415435   -95.261711    44.618696   57242.9382043
  29   26559360.4   0.00104872    55.891526    70.398744   -27.172171   139.227327   57242.8071829
  30   26562216.3   0.00163589    54.689386   -48.502377   173.580135  -161.071147   57243.2231048
  31   26560668.5   0.00799120    55.782146   -50.811196   329.862703  -165.846490   57243.2296992
  32   26560621.3   0.01129045    54.223290  -168.159190     5.223023  -135.883088   57243.1881991
 
 
 SATELLITE PROBLEMS:
 ------------------
 
 SAT  PROBLEM TYPE     ACTION         FROM               TO
 -----------------------------------------------------------------------------------------------------------------------------------

  10  BAD PHASE+CODE   OBS. REMOVED   15-08-04 00:00:00  15-09-17 23:59:59
  37  BAD PHASE+CODE   OBS. REMOVED   11-07-13 00:00:00  99-12-31 23:59:59
 125  BAD PHASE+CODE   OBS. REMOVED   13-07-30 00:00:00  99-12-31 23:59:59
 126  BAD PHASE+CODE   OBS. REMOVED   13-02-26 00:00:00  15-11-15 23:59:59
 127  BAD PHASE+CODE   OBS. REMOVED   14-11-30 00:00:00  99-12-31 23:59:59
 322  BAD PHASE+CODE   OBS. REMOVED   13-02-26 00:00:00  99-12-31 23:59:59


1150809P                                                                                            PROGRAM GPSEST   28-SEP-17 14:02
 GPSEST FINALL 2015 2211                                                                            BERNESE GPS SOFTWARE VERSION 5.0
 -----------------------------------------------------------------------------------------------------------------------------------


 6. ATMOSPHERE
 -------------

 TROPOSPHERE MODEL
 -----------------

 A priori troposphere model: Niell, dry part only
 Meteo/Trop.delay values   : Extrapolated

 Reference height :     0.00 m    Temperature at ref. height:    25.00 C
                                  Pressure    at ref. height:  1013.25 mbar
                                  Humidity    at ref. height:    70.00 %


 SITE-SPECIFIC TROPOSPHERE PARAMETERS
 ------------------------------------

 Mapping function used for delay estimation:  Wet Niell
 Troposphere gradient estimation           :  Tilted mapping

 Par   Station name       Reference epoch       sig_n (m)  sig_e (m)  sig_u (m)    abs/rel
 -----------------------------------------------------------------------------------------------------------------------------------

    1  AKND               2015 08 09 00 00 00     0.00000    0.00000    0.00000      abs
    2  AKND               2015 08 09 02 00 00                           0.00000      rel
    3  AKND               2015 08 09 04 00 00                           0.00000      rel
    4  AKND               2015 08 09 06 00 00                           0.00000      rel
    5  AKND               2015 08 09 08 00 00                           0.00000      rel
    6  AKND               2015 08 09 10 00 00                           0.00000      rel
    7  AKND               2015 08 09 12 00 00                           0.00000      rel
    8  AKND               2015 08 09 14 00 00                           0.00000      rel
    9  AKND               2015 08 09 16 00 00                           0.00000      rel
   10  AKND               2015 08 09 18 00 00                           0.00000      rel
   11  AKND               2015 08 09 20 00 00                           0.00000      rel
   12  AKND               2015 08 09 22 00 00                           0.00000      rel
   13  AKND               2015 08 10 00 00 00     0.00000    0.00000    0.00000      rel
   14  YCDP               2015 08 09 00 00 00     0.00000    0.00000    0.00000      abs
   15  YCDP               2015 08 09 02 00 00                           0.00000      rel
   16  YCDP               2015 08 09 04 00 00                           0.00000      rel
   17  YCDP               2015 08 09 06 00 00                           0.00000      rel
   18  YCDP               2015 08 09 08 00 00                           0.00000      rel
   19  YCDP               2015 08 09 10 00 00                           0.00000      rel
   20  YCDP               2015 08 09 12 00 00                           0.00000      rel
   21  YCDP               2015 08 09 14 00 00                           0.00000      rel
   22  YCDP               2015 08 09 16 00 00                           0.00000      rel
   23  YCDP               2015 08 09 18 00 00                           0.00000      rel
   24  YCDP               2015 08 09 20 00 00                           0.00000      rel
   25  YCDP               2015 08 09 22 00 00                           0.00000      rel
   26  YCDP               2015 08 10 00 00 00     0.00000    0.00000    0.00000      rel
 
 
 IONOSPHERE MODELS:                          
 -----------------

 NO IONOSPHERE MODELS APPLIED


1150809P                                                                                            PROGRAM GPSEST   28-SEP-17 14:02
 GPSEST FINALL 2015 2211                                                                            BERNESE GPS SOFTWARE VERSION 5.0
 -----------------------------------------------------------------------------------------------------------------------------------


 8. POLE COORDINATES AND TIME INFORMATION
 ----------------------------------------
 
 A PRIORI POLE AND TIME INFORMATION FROM THE POLE FILE:
 -----------------------------------------------------
 
 DATUM       TIME       X-POLE (")  Y-POLE (")  UT1-UTC (S) GPS-UTC (S)  RMS XP (")  RMS YP (")  RMS DT (S)
                        EP-CPO (")  PS-CPO (")                           RMS EP (")  RMS PS (")
 -----------------------------------------------------------------------------------------------------------------------------------

 15-08-09 00:00:00     0.21064     0.40856     0.293343       17.        0.00004     0.00004     0.000006
                       0.00000     0.00000                               0.00002     0.00005
 15-08-10 00:00:00     0.21130     0.40664     0.292699       17.        0.00004     0.00004     0.000006
                       0.00000     0.00000                               0.00002     0.00005

 NUTATION MODEL:           NO              
 SUBDAILY POLE MODEL:      RAY             



1150809P                                                                                            PROGRAM GPSEST   28-SEP-17 14:02
 GPSEST FINALL 2015 2211                                                                            BERNESE GPS SOFTWARE VERSION 5.0
 -----------------------------------------------------------------------------------------------------------------------------------


 12. TEST OUTPUT
 ---------------
 
 MIN. AND MAX. ELEVATION/NADIR ANGLES AND MAX. SYNCHRONIZATION ERRORS:
 --------------------------------------------------------------------
 
 SESS  FILE  STATION NAME 1    STATION NAME 2    MIN/MAX ELEV.  MIN/MAX NADIR  SYNCH. ERR. (NS)
 -----------------------------------------------------------------------------------------------------------------------------------

 2211    1   AKND              YCDP                9.8  89.1      0.2  13.9               0.0


1150809P                                                                                            PROGRAM GPSEST   28-SEP-17 14:02
 GPSEST FINALL 2015 2211                                                                            BERNESE GPS SOFTWARE VERSION 5.0
 -----------------------------------------------------------------------------------------------------------------------------------


 13. RESULTS (PART 1)
 --------------------
 
 NUMBER OF PARAMETERS (PART 1):
 -----------------------------
 
 PARAMETER TYPE                                     #PARAMETERS   #PRE-ELIMINATED        #SET-UP  #NO-OBS  #REF     #SINGULAR
 -----------------------------------------------------------------------------------------------------------------------------------

 STATION COORDINATES                                      6           0                      6        0        0        0
 AMBIGUITIES                                             16          16  (BEFORE INV)       22        6        0        1
 SITE-SPECIFIC TROPOSPHERE PARAMETERS                    34          34  (AFTER INV)        34        0        0        0
 
 -----------------------------------------------------------------------------------------------------------------------------------
 TOTAL NUMBER OF PARAMETERS                              56          50                     62        6        0        1
 -----------------------------------------------------------------------------------------------------------------------------------
 
 
 NUMBER OF OBSERVATIONS (PART 1):
 -------------------------------
 
 TYPE         FREQUENCY         FILE              #OBSERVATIONS
 -----------------------------------------------------------------------------------------------------------------------------------

 PHASE           L3              ALL                  19933
 
 -----------------------------------------------------------------------------------------------------------------------------------
 TOTAL NUMBER OF OBSERVATIONS                         19933
 -----------------------------------------------------------------------------------------------------------------------------------
 
 
 A POSTERIORI SIGMA OF UNIT WEIGHT (PART 1):
 ------------------------------------------

 A POSTERIORI SIGMA OF UNIT WEIGHT  :    0.0041 M  (SIGMA OF ONE-WAY L1 PHASE OBSERVABLE)

 DEGREE OF FREEDOM (DOF)            :     19878
 CHI**2/DOF                         :      4.24


1150809P                                                                                            PROGRAM GPSEST   28-SEP-17 14:02
 GPSEST FINALL 2015 2211                                                                            BERNESE GPS SOFTWARE VERSION 5.0
 -----------------------------------------------------------------------------------------------------------------------------------


 STATION COORDINATES:                       D:/GPSC\150809P\STA\FN152211.CRD
 -------------------
 
 NUM  STATION NAME     PARAMETER    A PRIORI VALUE       NEW VALUE     NEW- A PRIORI  RMS ERROR   3-D ELLIPSOID       2-D ELLIPSE
 -----------------------------------------------------------------------------------------------------------------------------------

   1  AKND             X            -2973031.7000      -2973031.7000      0.0000      0.0002               
                       Y             5076081.7224       5076081.7224      0.0000      0.0002               
                       Z             2456680.9398       2456680.9398      0.0000      0.0002               

                       HEIGHT             66.4080            66.4080      0.0000      0.0002      0.0002    0.0
                       LATITUDE     22 48 11.945963    22 48 11.945963    0.0000      0.0002      0.0002   90.0      0.0002   90.0
                       LONGITUDE   120 21 26.133212   120 21 26.133212    0.0000      0.0002      0.0002    0.0      0.0002

   2  YCDP             X            -2972844.1812      -2972844.1733      0.0079      0.0008               
                       Y             5078166.8937       5078166.8784     -0.0153      0.0015               
                       Z             2452574.1189       2452574.1145     -0.0044      0.0016               

                       HEIGHT             47.6877            47.6701     -0.0176      0.0016      0.0016   31.2
                       LATITUDE     22 45 47.399044    22 45 47.399127    0.0026      0.0016      0.0004  105.9      0.0004  105.9
                       LONGITUDE   120 20 43.521475   120 20 43.521505    0.0009      0.0006      0.0017    0.1      0.0017


1150809P                                                                                            PROGRAM GPSEST   28-SEP-17 14:02
 GPSEST FINALL 2015 2211                                                                            BERNESE GPS SOFTWARE VERSION 5.0
 -----------------------------------------------------------------------------------------------------------------------------------


 SITE-SPECIFIC TROPOSPHERE PARAMETERS:      (NOT SAVED)
 ------------------------------------

 REFERENCE ELEVATION ANGLE OF GRADIENT TERMS :   51.8 DEGREES
 MINIMUM ELEVATION ANGLE                     :    3.0 DEGREES
 MAPPING FACTOR AT MINIMUM ELEVATION ANGLE   :  364.6

                               CORRECTIONS (M)             RMS ERRORS (M)             ZENITH VECTOR (")         ERROR ELLIPSE (M)   
 REQU. STATION NAME        NORTH    EAST    ZENITH     NORTH    EAST    ZENITH     ANGLE   RMS   RATIO  AZI   MAX RMS  MIN RMS  AZI 
 -----------------------------------------------------------------------------------------------------------------------------------

    1  AKND               0.31239  0.11763-11.33993   0.01894  0.01843  6.33782      0.0    0.0    0.0  201   0.02088  0.01619  138
    2  AKND               0.30273  0.11201 -9.39117   0.01658  0.01624  6.19594      0.0    0.0    0.0  200   0.01829  0.01428  137
    3  AKND               0.29306  0.10640-11.07619   0.01442  0.01415  6.12371      0.0    0.0    0.0  200   0.01588  0.01249  137
    4  AKND               0.28339  0.10079-10.45579   0.01254  0.01221  6.03088      0.0    0.0    0.0  200   0.01372  0.01086  138
    5  AKND               0.27372  0.09517-11.43524   0.01111  0.01049  5.98408      0.0    0.0    0.0  199   0.01198  0.00949  142
    6  AKND               0.26405  0.08956 -7.77316   0.01030  0.00914  5.92886      0.0    0.0    0.0  199   0.01090  0.00842  149
    7  AKND               0.25438  0.08395 -7.98315   0.01027  0.00831  5.92123      0.0    0.0    0.0  198   0.01070  0.00775  156
    8  AKND               0.24471  0.07834 -7.51488   0.01102  0.00819  5.89964      0.0    0.0    0.0  198   0.01141  0.00763  160
    9  AKND               0.23504  0.07272 -6.58574   0.01241  0.00879  5.92573      0.0    0.0    0.0  197   0.01284  0.00815  161
   10  AKND               0.22538  0.06711 -5.87743   0.01425  0.00999  5.93937      0.0    0.0    0.0  197   0.01478  0.00920  160
   11  AKND               0.21571  0.06150 -5.83784   0.01640  0.01161  6.01262      0.0    0.0    0.0  196   0.01705  0.01063  160
   12  AKND               0.20604  0.05589 -5.99968   0.01874  0.01349  6.07084      0.0    0.0    0.0  195   0.01954  0.01231  159
   13  AKND               0.19637  0.05027 -3.18138   0.02122  0.01553  6.19044      0.0    0.0    0.0  194   0.02217  0.01414  158
   14  YCDP               0.32126  0.11990-11.35328   0.01954  0.01844  6.33785      0.0    0.0    0.0  200   0.02113  0.01659  142
   15  YCDP               0.31116  0.11421 -9.40334   0.01715  0.01624  6.19607      0.0    0.0    0.0  200   0.01853  0.01465  142
   16  YCDP               0.30106  0.10852-11.08599   0.01495  0.01415  6.12375      0.0    0.0    0.0  200   0.01611  0.01281  142
   17  YCDP               0.29096  0.10283-10.46480   0.01304  0.01220  6.03094      0.0    0.0    0.0  199   0.01397  0.01113  144
   18  YCDP               0.28086  0.09714-11.44299   0.01158  0.01047  5.98411      0.0    0.0    0.0  199   0.01226  0.00966  148
   19  YCDP               0.27076  0.09145 -7.78896   0.01073  0.00910  5.92895      0.0    0.0    0.0  199   0.01122  0.00849  154
   20  YCDP               0.26066  0.08576 -7.99351   0.01066  0.00826  5.92123      0.0    0.0    0.0  198   0.01104  0.00773  158
   21  YCDP               0.25056  0.08007 -7.52854   0.01137  0.00812  5.89971      0.0    0.0    0.0  198   0.01174  0.00756  161
   22  YCDP               0.24046  0.07438 -6.59546   0.01273  0.00871  5.92577      0.0    0.0    0.0  197   0.01316  0.00805  161
   23  YCDP               0.23036  0.06869 -5.88317   0.01457  0.00991  5.93940      0.0    0.0    0.0  197   0.01509  0.00910  161
   24  YCDP               0.22026  0.06301 -5.84959   0.01672  0.01153  6.01269      0.0    0.0    0.0  196   0.01736  0.01054  160
   25  YCDP               0.21016  0.05732 -6.01529   0.01909  0.01341  6.07093      0.0    0.0    0.0  195   0.01986  0.01223  159
   26  YCDP               0.20006  0.05163 -3.18773   0.02159  0.01546  6.19054      0.0    0.0    0.0  194   0.02251  0.01408  159


1150809P                                                                                            PROGRAM GPSEST   28-SEP-17 14:02
 GPSEST FINALL 2015 2211                                                                            BERNESE GPS SOFTWARE VERSION 5.0
 -----------------------------------------------------------------------------------------------------------------------------------


 RMS ERRORS OF ELLIPS. COORDINATES AND COORDINATE DIFFER. IN MM   (PART 1):
 -------------------------------------------------------------------------

 ---------------------------
 | NUM |   |     1      2  |
 ---------------------------
 |     | B |    0.2    1.6 |
 |   1 | L |    0.2    0.6 |
 |     | H |    0.2    1.6 |
 |     |   |               |
 |     | B |    1.6    1.6 |
 |   2 | L |    0.6    0.6 |
 |     | H |    1.6    1.6 |
 ---------------------------


1150809P                                                                                            PROGRAM GPSEST   28-SEP-17 14:02
 GPSEST FINALL 2015 2211                                                                            BERNESE GPS SOFTWARE VERSION 5.0
 -----------------------------------------------------------------------------------------------------------------------------------


 SLOPE DISTANCES AND RMS ERRORS IN M  (PART 1):
 ---------------------------------------------

 -------------------------
 | NUM |   |       2 N   |
 -------------------------
 |   1 | O |   4609.6725 |
 |   N | N |   4609.6699 |
 |     |RMS|      0.0016 |
 -------------------------
