 
 ===================================================================================================================================
 Program : GPSEST                                                                                  Bernese GPS Software Version 5.0
 Purpose : Parameter estimation
 Campaign: D:/GPSC\150819P                                                                         Default session: 2311 year 2015
 Date    : 28-Sep-2017 14:07                                                                       User name      : Pei-Ching
 ===================================================================================================================================


 GPSEST FINALL 2015 2311
 -----------------------------------------------------------------------------------------------------------------------------------




1150819P                                                                                            PROGRAM GPSEST   28-SEP-17 14:07
 GPSEST FINALL 2015 2311                                                                            BERNESE GPS SOFTWARE VERSION 5.0
 -----------------------------------------------------------------------------------------------------------------------------------


 TABLE OF CONTENTS
 -----------------
 
  1. CAMPAIGNS
  2. OBSERVATION FILES
  3. GENERAL OPTIONS
  4. STATIONS
  5. SATELLITE ORBITS
  6. ATMOSPHERE
  7. CLOCK PARAMETERS
  8. POLE COORDINATES AND TIME INFORMATION
  9. ANTENNA PHASE CENTERS
 10. CONSTANTS
 11. PARAMETER CHARACTERIZATION LIST
 12. TEST OUTPUT
 13. RESULTS (PART 1)
 14. RESULTS (PART 2)



1150819P                                                                                            PROGRAM GPSEST   28-SEP-17 14:07
 GPSEST FINALL 2015 2311                                                                            BERNESE GPS SOFTWARE VERSION 5.0
 -----------------------------------------------------------------------------------------------------------------------------------


 INPUT AND OUTPUT FILENAMES
 --------------------------

 -----------------------------------------------------------------------------------------------------------------------------------
 Session table               : D:/GPSC\150819P\STA\SESSIONS.SES
 General constants           : ${X}/GEN\CONST.
 Geodetic datum              : ${X}/GEN\DATUM.
 Station information         :  ---
 Earth rotation parameters   : D:/GPSC\150819P\ORB\C04_2015.ERP
 Subdaily pole model         : ${X}/GEN\IERS2000.SUB
 Nutation model              : ${X}/GEN\IAU2000.NUT
 Satellite information       : ${X}/GEN\SATELLIT.
 Receiver information        : ${X}/GEN\RECEIVER.
 Satellite problems          : ${X}/GEN\SAT_2015.CRX
 Phase center eccentricities : ${X}/GEN\PHAS_PRO.01
 SINEX general input file    : ${X}/GEN\SINEX.
 IONEX control file          : ${X}/GEN\IONEX.
 Difference GPS-UTC          :  ---
 A priori station coordinates: D:/GPSC\150819P\STA\GPS_RES.CRD
 GNSS standard orbits        : D:/GPSC\150819P\ORB\20152311.STD
 GNSS orbit partials         :  ---
 Ionosphere models           :  ---
 Troposphere estimates       :  ---
 Station sigma factors       :  ---
 Station eccentricities      :  ---
 Ocean loading tables        :  ---
 GNSS clock corrections      :  ---
 Differential code biases    :  ---
 Receiver antenna orientation:  ---
 Kinematic coordinates       :  ---
 Kinematic velocities        :  ---
 Standard orbit(s)           :  ---
 Orbit partials              :  ---
 Attitude data               :  ---
 Precise orbit(s)            :  ---
 LEO orbital elements        :  ---
 Station coordinates         : D:/GPSC\150819P\STA\FN152311.CRD
 GNSS orbital elements       :  ---
 Troposphere estimates       :  ---
 Troposphere SINEX           :  ---
 Ionosphere models           :  ---
 IONEX                       :  ---
 Residuals                   :  ---
 Coordinate covariance matrix:  ---
 Full covariance matrix      :  ---
 Normal equations            : D:/GPSC\150819P\SOL\FN152311.NQ0
 Bernese ERP file            :  ---
 IERS ERP file               :  ---
 GNSS clock corrections      :  ---
 Clock RINEX                 :  ---
 Kinematic coordinates       :  ---
 Differential code biases    :  ---
 Phase center variations (gri:  ---
 Phase center variations (har:  ---
 Scratch file                : ${U}/WORK\GPSEST.SCR
 Scratch files               : ${U}/WORK\GPSEST.SC1
 Program output              : D:/GPSC\150819P\OUT\FN152311.OUT
 Error message               : ${U}/WORK\ERROR.MSG
 -----------------------------------------------------------------------------------------------------------------------------------




1150819P                                                                                            PROGRAM GPSEST   28-SEP-17 14:07
 GPSEST FINALL 2015 2311                                                                            BERNESE GPS SOFTWARE VERSION 5.0
 -----------------------------------------------------------------------------------------------------------------------------------


 1. CAMPAIGNS
 ------------
 
 CAMPAIGN NAME      NUM STATION NAME       NUM STATION NAME       NUM STATION NAME       NUM STATION NAME       NUM STATION NAME
 -----------------------------------------------------------------------------------------------------------------------------------

 150819P         :    1 AKND                 2 YCDP            

 
 2. OBSERVATION FILES
 --------------------

 -----------------------------------------------------------------------------------------------------------------------------------
 150819P         
 -----------------------------------------------------------------------------------------------------------------------------------

 MAIN CHARACTERISTICS:
 --------------------
 
 FILE  OBSERVATION FILE HEADER          OBSERVATION FILE                  SESS     RECEIVER 1            RECEIVER 2
 -----------------------------------------------------------------------------------------------------------------------------------

    1  D:/GPSC\150819P\OBS\AKYC2311.PSH D:/GPSC\150819P\OBS\AKYC2311.PSO  2311     TRIMBLE 5700          LEICA GR10          
 
                                                                                                       AMB.I.+S.      #CLUSTERS
 FILE TYP FREQ.  STATION 1        STATION 2        SESS  FIRST OBSERV.TIME  #EPO  DT #EF #CLK ARC #SAT  W 12    #AMB  L1  L2  L5  RM
 -----------------------------------------------------------------------------------------------------------------------------------

    1  P  L3     AKND             YCDP             2311  15-08-19  0:00:00  2880  30   0  E E  1   31   N  Y  N   62  18  18  62   0
 
 
 SATELLITES:
 ----------
 
 FILE  #SAT  SATELLITES
 -----------------------------------------------------------------------------------------------------------------------------------

    1   31     1   2   3   4   5   6   7   8   9  11  12  13  14  15  16  17  18  19  20  21  22  23  24  25  26  27  28  29  30  31
              32
 
 
 OBSERVATION SELECTION:
 ---------------------

 SAMPLING RATE           :    0 SEC
 ELEVATION CUT-OFF ANGLE :    3 DEGREES
 SATELLITE SYSTEM        : GPS    
 SPECIAL DATA SELECTION  : NO           


1150819P                                                                                            PROGRAM GPSEST   28-SEP-17 14:07
 GPSEST FINALL 2015 2311                                                                            BERNESE GPS SOFTWARE VERSION 5.0
 -----------------------------------------------------------------------------------------------------------------------------------


 3. GENERAL OPTIONS
 ------------------
 
 TIDAL CORRECTION OF STATION COORDINATES :   IERS CONVENTIONS 2000
 
 
 A PRIORI SIGMA OF UNIT WEIGHT:
 -----------------------------

 A PRIORI SIGMA OF UNIT WEIGHT           :   0.002 M  (SIGMA OF ONE-WAY L1 PHASE OBSERVABLE)

 MODEL FOR ELEVATION-DEPENDENT WEIGHTING :   NONE

 POLARIZATION EFFECT                     :   NOT CONSIDERED
 
 
 CORRELATIONS AND SESSIONS:
 -------------------------

 STRATEGY       : CORRELATIONS CORRECTLY MODELLED
 TIME INTERVAL  :    0.10000 SEC (TO IDENTIFY EPOCH)
 
 SESS  #FILE  FILE NUMBERS
 -----------------------------------------------------------------------------------------------------------------------------------

 2311    1      1
 
 
 AMBIGUITY RESOLUTION STRATEGY:
 -----------------------------

 AMBIGUITIES PRE-ELIMINATED EVERY EPOCH
 
 
 SYNCHRONIZATION ERRORS:
 ----------------------

 STRATEGY       : SYNCHRONIZATION ERRORS NOT APPLIED


 4. STATIONS
 -----------

 Local geodetic datum:                      ${X}/GEN\DATUM.
 
 Datum name         Ell. param./ Scale      Shifts to WGS-84       Rotations to WGS-84
 -----------------------------------------------------------------------------------------------------------------------------------
 ITRF2008           A  =  6378137.000 m     DX =      0.0000 m     RX =     0.00000 arcsec
                    1/F=  298.2572221       DY =      0.0000 m     RY =     0.00000 arcsec
                    SC =  0.00000D+00       DZ =      0.0000 m     RZ =     0.00000 arcsec


 A priori station coordinates:              D:/GPSC\150819P\STA\GPS_RES.CRD

                                            A priori station coordinates                      A priori station coordinates
                                                      WGS-84                              Ellipsoidal in local geodetic datum
 -----------------------------------------------------------------------------------------------------------------------------------
 num  Station name     obs e/f/h    X (m)           Y (m)           Z (m)           Latitude           Longitude          Height (m)
 -----------------------------------------------------------------------------------------------------------------------------------
   1  AKND              Y  ESTIM   -2973031.7000    5076081.7224    2456680.9398     22 48 11.945963    120 21 26.133212     66.4080
   2  YCDP              Y  ESTIM   -2972844.1788    5078166.8947    2452574.1044     22 45 47.398614    120 20 43.521385     47.6817


 A priori sigma:                            D:/GPSC\150819P\STA\FIXSTA.SIG

                            Station coordinates a priori sigma
                                 in local geodetic datum
 -----------------------------------------------------------------------------------------------------------------------------------
 num  Station name          N (m)        E (m)        U (m)
 -----------------------------------------------------------------------------------------------------------------------------------
   1  AKND                  0.00010      0.00010      0.00010




1150819P                                                                                            PROGRAM GPSEST   28-SEP-17 14:07
 GPSEST FINALL 2015 2311                                                                            BERNESE GPS SOFTWARE VERSION 5.0
 -----------------------------------------------------------------------------------------------------------------------------------


 5. SATELLITE ORBITS
 -------------------
 
 ARC CHARACTERISTICS:
 -------------------
 
 ARC  START OF ARC       END OF ARC         SOURCE      #SAT SATELLITES
 -----------------------------------------------------------------------------------------------------------------------------------

   1  15-08-19 00:00:00  15-08-20 00:00:00  PR2015.231   31    1   2   3   4   5   6   7   8   9  11  12  13  14  15  16  17  18  19
                                                              20  21  22  23  24  25  26  27  28  29  30  31  32
 
 
 OSCULATING ELEMENTS:                       D:/GPSC\150819P\ORB\20152311.STD
 -------------------

 REFERENCE SYSTEM:  J2000.0
 REFERENCE EPOCH :  57253.0000000 MJD   (2015  8 19  0  0  0.00)
 
 SAT   S.MAJ.AXIS   ECCENTRIC.    INCLINAT.      NODE       PERIGEE     M. ANOMALY   PER.PASS.TIME
 -----------------------------------------------------------------------------------------------------------------------------------

   1   26558569.1   0.00461323    55.245805   127.219218    26.297423  -105.301966   57253.1458271
   2   26560848.7   0.01471786    54.025931   124.963293   231.604142   -73.829397   57253.1022556
   3   26560186.5   0.00069404    54.958434  -173.194809  -143.949288     3.003987   57252.9958396
   4   26559552.9   0.01173112    53.971519   125.830931    62.430866  -117.278249   57253.1624214
   5   26558074.2   0.00427725    54.223726  -173.664642    21.695003    69.502391   57252.9037525
   6   26563418.8   0.00021664    55.241027   126.735186  -201.667161    29.738720   57252.9588051
   7   26559686.0   0.00889089    55.489128   -51.659491   204.070032  -141.415955   57253.1958518
   8   26560800.1   0.00134190    55.081739    66.666672  -102.002039   101.884499   57252.8588878
   9   26560782.4   0.00037332    54.719149  -113.427007   159.552026   -32.602040   57253.0451545
  11   26560680.1   0.01619312    51.307453   106.798539    82.488355  -138.444260   57253.1917470
  12   26559653.0   0.00553790    56.745094     9.653916    36.834242  -171.352808   57253.2373119
  13   26561496.7   0.00478764    55.671840  -106.744793   119.419171   -95.003736   57253.1315874
  14   26558285.1   0.00839705    55.239857  -108.763637  -112.494484    15.896131   57252.9779866
  15   26562309.7   0.00737147    53.338133  -116.046159    22.489778   -22.182029   57253.0307252
  16   26557643.6   0.00807079    56.775538    10.723304    17.966736    73.501044   57252.8982176
  17   26557468.2   0.01025297    55.835433    69.455723  -115.227842    15.996180   57252.9778491
  18   26561706.7   0.01635059    53.001535  -174.525839  -110.869487   105.562081   57252.8537868
  19   26576973.1   0.01138668    55.672329    72.280597    36.420029   -38.182669   57253.0529321
  20   26559694.1   0.00481413    53.075917  -177.515111    68.939190   -19.096243   57253.0264471
  21   26560960.8   0.02252934    53.628463   125.766935  -107.994921   163.607351   57252.7733983
  22   26561080.6   0.00804976    52.875686  -174.469157  -116.491876    78.241342   57252.8916324
  23   26560663.2   0.01048074    54.205029  -112.977274   208.607476   -48.494207   57253.0671650
  24   26558824.3   0.00330502    54.520359   -54.084688    19.412324   -90.960133   57253.1259677
  25   26561516.7   0.00459395    56.081621     6.928782  -316.477713   150.601976   57252.7914046
  26   26558856.8   0.00021874    55.053188     6.697962    58.384299    60.941347   57252.9156042
  27   26561182.2   0.00262915    55.543720    66.692635    18.666728    14.811241   57252.9794857
  28   26561591.6   0.01961645    56.699447    11.023689   -95.106946    64.841916   57252.9101885
  29   26560557.9   0.00097177    55.886974    69.994220   -25.162800   157.546326   57252.7817980
  30   26561491.6   0.00167779    54.678434   -48.897868   174.131329  -141.277797   57253.1956804
  31   26560948.0   0.00801178    55.771021   -51.195907   -30.328797  -144.737503   57253.2004662
  32   26559412.9   0.01133398    54.238304  -168.567546     5.867293  -116.132657   57253.1608336
 
 
 SATELLITE PROBLEMS:
 ------------------
 
 SAT  PROBLEM TYPE     ACTION         FROM               TO
 -----------------------------------------------------------------------------------------------------------------------------------

  10  BAD PHASE+CODE   OBS. REMOVED   15-08-04 00:00:00  15-09-17 23:59:59
  37  BAD PHASE+CODE   OBS. REMOVED   11-07-13 00:00:00  99-12-31 23:59:59
 125  BAD PHASE+CODE   OBS. REMOVED   13-07-30 00:00:00  99-12-31 23:59:59
 126  BAD PHASE+CODE   OBS. REMOVED   13-02-26 00:00:00  15-11-15 23:59:59
 127  BAD PHASE+CODE   OBS. REMOVED   14-11-30 00:00:00  99-12-31 23:59:59
 322  BAD PHASE+CODE   OBS. REMOVED   13-02-26 00:00:00  99-12-31 23:59:59


1150819P                                                                                            PROGRAM GPSEST   28-SEP-17 14:07
 GPSEST FINALL 2015 2311                                                                            BERNESE GPS SOFTWARE VERSION 5.0
 -----------------------------------------------------------------------------------------------------------------------------------


 6. ATMOSPHERE
 -------------

 TROPOSPHERE MODEL
 -----------------

 A priori troposphere model: Niell, dry part only
 Meteo/Trop.delay values   : Extrapolated

 Reference height :     0.00 m    Temperature at ref. height:    25.00 C
                                  Pressure    at ref. height:  1013.25 mbar
                                  Humidity    at ref. height:    70.00 %


 SITE-SPECIFIC TROPOSPHERE PARAMETERS
 ------------------------------------

 Mapping function used for delay estimation:  Wet Niell
 Troposphere gradient estimation           :  Tilted mapping

 Par   Station name       Reference epoch       sig_n (m)  sig_e (m)  sig_u (m)    abs/rel
 -----------------------------------------------------------------------------------------------------------------------------------

    1  AKND               2015 08 19 00 00 00     0.00000    0.00000    0.00000      abs
    2  AKND               2015 08 19 02 00 00                           0.00000      rel
    3  AKND               2015 08 19 04 00 00                           0.00000      rel
    4  AKND               2015 08 19 06 00 00                           0.00000      rel
    5  AKND               2015 08 19 08 00 00                           0.00000      rel
    6  AKND               2015 08 19 10 00 00                           0.00000      rel
    7  AKND               2015 08 19 12 00 00                           0.00000      rel
    8  AKND               2015 08 19 14 00 00                           0.00000      rel
    9  AKND               2015 08 19 16 00 00                           0.00000      rel
   10  AKND               2015 08 19 18 00 00                           0.00000      rel
   11  AKND               2015 08 19 20 00 00                           0.00000      rel
   12  AKND               2015 08 19 22 00 00                           0.00000      rel
   13  AKND               2015 08 20 00 00 00     0.00000    0.00000    0.00000      rel
   14  YCDP               2015 08 19 00 00 00     0.00000    0.00000    0.00000      abs
   15  YCDP               2015 08 19 02 00 00                           0.00000      rel
   16  YCDP               2015 08 19 04 00 00                           0.00000      rel
   17  YCDP               2015 08 19 06 00 00                           0.00000      rel
   18  YCDP               2015 08 19 08 00 00                           0.00000      rel
   19  YCDP               2015 08 19 10 00 00                           0.00000      rel
   20  YCDP               2015 08 19 12 00 00                           0.00000      rel
   21  YCDP               2015 08 19 14 00 00                           0.00000      rel
   22  YCDP               2015 08 19 16 00 00                           0.00000      rel
   23  YCDP               2015 08 19 18 00 00                           0.00000      rel
   24  YCDP               2015 08 19 20 00 00                           0.00000      rel
   25  YCDP               2015 08 19 22 00 00                           0.00000      rel
   26  YCDP               2015 08 20 00 00 00     0.00000    0.00000    0.00000      rel
 
 
 IONOSPHERE MODELS:                          
 -----------------

 NO IONOSPHERE MODELS APPLIED


1150819P                                                                                            PROGRAM GPSEST   28-SEP-17 14:07
 GPSEST FINALL 2015 2311                                                                            BERNESE GPS SOFTWARE VERSION 5.0
 -----------------------------------------------------------------------------------------------------------------------------------


 8. POLE COORDINATES AND TIME INFORMATION
 ----------------------------------------
 
 A PRIORI POLE AND TIME INFORMATION FROM THE POLE FILE:
 -----------------------------------------------------
 
 DATUM       TIME       X-POLE (")  Y-POLE (")  UT1-UTC (S) GPS-UTC (S)  RMS XP (")  RMS YP (")  RMS DT (S)
                        EP-CPO (")  PS-CPO (")                           RMS EP (")  RMS PS (")
 -----------------------------------------------------------------------------------------------------------------------------------

 15-08-19 00:00:00     0.21946     0.39237     0.286132       17.        0.00004     0.00004     0.000005
                       0.00000     0.00000                               0.00002     0.00004
 15-08-20 00:00:00     0.21945     0.39045     0.285306       17.        0.00004     0.00004     0.000005
                       0.00000     0.00000                               0.00002     0.00004

 NUTATION MODEL:           NO              
 SUBDAILY POLE MODEL:      RAY             



1150819P                                                                                            PROGRAM GPSEST   28-SEP-17 14:07
 GPSEST FINALL 2015 2311                                                                            BERNESE GPS SOFTWARE VERSION 5.0
 -----------------------------------------------------------------------------------------------------------------------------------


 12. TEST OUTPUT
 ---------------
 
 MIN. AND MAX. ELEVATION/NADIR ANGLES AND MAX. SYNCHRONIZATION ERRORS:
 --------------------------------------------------------------------
 
 SESS  FILE  STATION NAME 1    STATION NAME 2    MIN/MAX ELEV.  MIN/MAX NADIR  SYNCH. ERR. (NS)
 -----------------------------------------------------------------------------------------------------------------------------------

 2311    1   AKND              YCDP                9.8  89.1      0.2  14.0               0.0


1150819P                                                                                            PROGRAM GPSEST   28-SEP-17 14:07
 GPSEST FINALL 2015 2311                                                                            BERNESE GPS SOFTWARE VERSION 5.0
 -----------------------------------------------------------------------------------------------------------------------------------


 13. RESULTS (PART 1)
 --------------------
 
 NUMBER OF PARAMETERS (PART 1):
 -----------------------------
 
 PARAMETER TYPE                                     #PARAMETERS   #PRE-ELIMINATED        #SET-UP  #NO-OBS  #REF     #SINGULAR
 -----------------------------------------------------------------------------------------------------------------------------------

 STATION COORDINATES                                      6           0                      6        0        0        0
 AMBIGUITIES                                             14          14  (BEFORE INV)       18        4        0        1
 SITE-SPECIFIC TROPOSPHERE PARAMETERS                    34          34  (AFTER INV)        34        0        0        0
 
 -----------------------------------------------------------------------------------------------------------------------------------
 TOTAL NUMBER OF PARAMETERS                              54          48                     58        4        0        1
 -----------------------------------------------------------------------------------------------------------------------------------
 
 
 NUMBER OF OBSERVATIONS (PART 1):
 -------------------------------
 
 TYPE         FREQUENCY         FILE              #OBSERVATIONS
 -----------------------------------------------------------------------------------------------------------------------------------

 PHASE           L3              ALL                  21786
 
 -----------------------------------------------------------------------------------------------------------------------------------
 TOTAL NUMBER OF OBSERVATIONS                         21786
 -----------------------------------------------------------------------------------------------------------------------------------
 
 
 A POSTERIORI SIGMA OF UNIT WEIGHT (PART 1):
 ------------------------------------------

 A POSTERIORI SIGMA OF UNIT WEIGHT  :    0.0041 M  (SIGMA OF ONE-WAY L1 PHASE OBSERVABLE)

 DEGREE OF FREEDOM (DOF)            :     21733
 CHI**2/DOF                         :      4.26


1150819P                                                                                            PROGRAM GPSEST   28-SEP-17 14:07
 GPSEST FINALL 2015 2311                                                                            BERNESE GPS SOFTWARE VERSION 5.0
 -----------------------------------------------------------------------------------------------------------------------------------


 STATION COORDINATES:                       D:/GPSC\150819P\STA\FN152311.CRD
 -------------------
 
 NUM  STATION NAME     PARAMETER    A PRIORI VALUE       NEW VALUE     NEW- A PRIORI  RMS ERROR   3-D ELLIPSOID       2-D ELLIPSE
 -----------------------------------------------------------------------------------------------------------------------------------

   1  AKND             X            -2973031.7000      -2973031.7000      0.0000      0.0002               
                       Y             5076081.7224       5076081.7224      0.0000      0.0002               
                       Z             2456680.9398       2456680.9398      0.0000      0.0002               

                       HEIGHT             66.4080            66.4080      0.0000      0.0002      0.0002    0.0
                       LATITUDE     22 48 11.945963    22 48 11.945963    0.0000      0.0002      0.0002   90.0      0.0002   90.0
                       LONGITUDE   120 21 26.133212   120 21 26.133212    0.0000      0.0002      0.0002    0.0      0.0002

   2  YCDP             X            -2972844.1788      -2972844.1697      0.0091      0.0008               
                       Y             5078166.8947       5078166.8744     -0.0203      0.0014               
                       Z             2452574.1044       2452574.1039     -0.0005      0.0015               

                       HEIGHT             47.6817            47.6612     -0.0206      0.0014      0.0014   16.5
                       LATITUDE     22 45 47.398614    22 45 47.398877    0.0081      0.0015      0.0004  106.1      0.0004  106.1
                       LONGITUDE   120 20 43.521385   120 20 43.521469    0.0024      0.0006      0.0016    0.3      0.0016


1150819P                                                                                            PROGRAM GPSEST   28-SEP-17 14:07
 GPSEST FINALL 2015 2311                                                                            BERNESE GPS SOFTWARE VERSION 5.0
 -----------------------------------------------------------------------------------------------------------------------------------


 SITE-SPECIFIC TROPOSPHERE PARAMETERS:      (NOT SAVED)
 ------------------------------------

 REFERENCE ELEVATION ANGLE OF GRADIENT TERMS :   51.8 DEGREES
 MINIMUM ELEVATION ANGLE                     :    3.0 DEGREES
 MAPPING FACTOR AT MINIMUM ELEVATION ANGLE   :  364.6

                               CORRECTIONS (M)             RMS ERRORS (M)             ZENITH VECTOR (")         ERROR ELLIPSE (M)   
 REQU. STATION NAME        NORTH    EAST    ZENITH     NORTH    EAST    ZENITH     ANGLE   RMS   RATIO  AZI   MAX RMS  MIN RMS  AZI 
 -----------------------------------------------------------------------------------------------------------------------------------

    1  AKND               0.17875  0.08015-11.24924   0.01625  0.01464  5.86591      0.0    0.0    0.0  204   0.01665  0.01419  156
    2  AKND               0.17234  0.07640-14.06472   0.01439  0.01288  5.78520      0.0    0.0    0.0  204   0.01468  0.01255  158
    3  AKND               0.16593  0.07265-19.10729   0.01268  0.01124  5.70759      0.0    0.0    0.0  204   0.01288  0.01100  160
    4  AKND               0.15952  0.06890-19.77365   0.01119  0.00977  5.65072      0.0    0.0    0.0  203   0.01135  0.00959  162
    5  AKND               0.15311  0.06515-24.10142   0.01003  0.00856  5.60715      0.0    0.0    0.0  203   0.01018  0.00838  162
    6  AKND               0.14670  0.06140-24.11850   0.00932  0.00774  5.57193      0.0    0.0    0.0  203   0.00951  0.00749  161
    7  AKND               0.14029  0.05765-26.45115   0.00916  0.00743  5.56413      0.0    0.0    0.0  202   0.00947  0.00702  158
    8  AKND               0.13388  0.05390-31.70001   0.00958  0.00769  5.56224      0.0    0.0    0.0  202   0.01006  0.00705  155
    9  AKND               0.12747  0.05016-31.14429   0.01051  0.00848  5.58044      0.0    0.0    0.0  201   0.01120  0.00755  152
   10  AKND               0.12106  0.04641-33.86795   0.01184  0.00967  5.62086      0.0    0.0    0.0  201   0.01273  0.00846  151
   11  AKND               0.11465  0.04266-36.77533   0.01344  0.01112  5.66133      0.0    0.0    0.0  200   0.01453  0.00965  149
   12  AKND               0.10824  0.03891-39.05649   0.01523  0.01276  5.73991      0.0    0.0    0.0  200   0.01651  0.01104  149
   13  AKND               0.10184  0.03516-41.39098   0.01715  0.01451  5.87693      0.0    0.0    0.0  199   0.01861  0.01257  148
   14  YCDP               0.18768  0.08353-11.25504   0.01684  0.01463  5.86602      0.0    0.0    0.0  204   0.01710  0.01432  161
   15  YCDP               0.18311  0.08015-14.06911   0.01493  0.01287  5.78530      0.0    0.0    0.0  204   0.01512  0.01264  163
   16  YCDP               0.17855  0.07677-19.11043   0.01318  0.01122  5.70761      0.0    0.0    0.0  203   0.01331  0.01106  165
   17  YCDP               0.17399  0.07339-19.78463   0.01165  0.00974  5.65076      0.0    0.0    0.0  203   0.01175  0.00961  166
   18  YCDP               0.16943  0.07001-24.10794   0.01043  0.00852  5.60720      0.0    0.0    0.0  202   0.01055  0.00838  166
   19  YCDP               0.16486  0.06663-24.13433   0.00965  0.00769  5.57197      0.0    0.0    0.0  202   0.00983  0.00747  163
   20  YCDP               0.16030  0.06325-26.45670   0.00943  0.00737  5.56414      0.0    0.0    0.0  202   0.00972  0.00698  159
   21  YCDP               0.15574  0.05987-31.71189   0.00978  0.00764  5.56228      0.0    0.0    0.0  201   0.01027  0.00698  156
   22  YCDP               0.15118  0.05649-31.15038   0.01067  0.00843  5.58047      0.0    0.0    0.0  200   0.01136  0.00747  153
   23  YCDP               0.14661  0.05311-33.87516   0.01196  0.00961  5.62088      0.0    0.0    0.0  200   0.01287  0.00836  151
   24  YCDP               0.14205  0.04973-36.78733   0.01355  0.01107  5.66141      0.0    0.0    0.0  199   0.01466  0.00956  150
   25  YCDP               0.13749  0.04635-39.06562   0.01535  0.01271  5.73996      0.0    0.0    0.0  199   0.01664  0.01096  149
   26  YCDP               0.13293  0.04296-41.39838   0.01728  0.01446  5.87692      0.0    0.0    0.0  198   0.01875  0.01249  149


1150819P                                                                                            PROGRAM GPSEST   28-SEP-17 14:07
 GPSEST FINALL 2015 2311                                                                            BERNESE GPS SOFTWARE VERSION 5.0
 -----------------------------------------------------------------------------------------------------------------------------------


 RMS ERRORS OF ELLIPS. COORDINATES AND COORDINATE DIFFER. IN MM   (PART 1):
 -------------------------------------------------------------------------

 ---------------------------
 | NUM |   |     1      2  |
 ---------------------------
 |     | B |    0.2    1.5 |
 |   1 | L |    0.2    0.5 |
 |     | H |    0.2    1.4 |
 |     |   |               |
 |     | B |    1.5    1.5 |
 |   2 | L |    0.5    0.6 |
 |     | H |    1.4    1.4 |
 ---------------------------


1150819P                                                                                            PROGRAM GPSEST   28-SEP-17 14:07
 GPSEST FINALL 2015 2311                                                                            BERNESE GPS SOFTWARE VERSION 5.0
 -----------------------------------------------------------------------------------------------------------------------------------


 SLOPE DISTANCES AND RMS ERRORS IN M  (PART 1):
 ---------------------------------------------

 -------------------------
 | NUM |   |       2 N   |
 -------------------------
 |   1 | O |   4609.6860 |
 |   N | N |   4609.6776 |
 |     |RMS|      0.0016 |
 -------------------------
